2020-06-26 00:41:11,919 ERROR com.example.AuthService.controller.UserController [http-nio-8080-exec-2] Fail auth $2a$10$M/hz6j3NMV5y4FuN6s4LDeTbXAx15oBFW1BVzTRpNqtJowgObbnje. Bad credentials.
2020-06-26 00:47:13,443 ERROR com.example.AuthService.controller.UserController [http-nio-8080-exec-3] $2a$10$9Ajp5yMFMKXV5Z.kBoJyDOcr8E.fRw5BxSNIDHTU5u./dsksbmZQ6 tried to change $2a$10$MgY0W6VG5cMbZa8JqS.u6OsKp9YVkC5KAfzqWVrOhOqy87PzE11fa password.
2020-06-26 00:47:18,833 ERROR com.example.AuthService.controller.UserController [http-nio-8080-exec-6] $2a$10$tQs20UsP7vPh2VS5cj7WmeJ8f7cN1T/7o/.S/HKio2sfdjrf7elWW tried to change $2a$10$czLZlTWHqKZiofezkuNt5Om7b6UxLtFMGBbFjDPC3bejIAeRm8nuy password.
2020-06-26 01:07:21,631 ERROR com.example.AuthService.controller.UserController [http-nio-8080-exec-1] Fail auth $2a$10$WB4/HhzoaFeB1p2S7.EdtOr/ie7cqfJyXn2YtA1MTvdifhp7xaaWG. null.
2020-06-26 01:07:23,365 ERROR com.example.AuthService.controller.UserController [http-nio-8080-exec-4] Fail auth $2a$10$8lSVVsD5na6.JBu.7Wkliu1be70O5rTM3FXgzV4TYhX4FTMU5R/LO. null.
2020-06-26 01:07:24,519 ERROR com.example.AuthService.controller.UserController [http-nio-8080-exec-5] Fail auth $2a$10$MsoTWrlmL1EeUuZ27fxnPO43Zup5pNQ6mHmejcmygBcU8gU3PK286. null.
2020-06-26 01:07:25,460 ERROR com.example.AuthService.controller.UserController [http-nio-8080-exec-3] Fail auth $2a$10$KfXjqSJ6GF612Sus0Lf5DeB71Xyfc8x2F.JOxSLdsiNarEvDHmGHi. null.
2020-06-26 01:07:26,719 ERROR com.example.AuthService.controller.UserController [http-nio-8080-exec-7] Fail auth $2a$10$Rka5Dunjxqwx.9mNVouMLeJCocZD1dB/wkyAS59kcmU8EqFGfRRLG. null.
2020-06-26 01:07:27,498 ERROR com.example.AuthService.controller.UserController [http-nio-8080-exec-6] Fail auth $2a$10$PtXUiOYSR6jgpdSfSblnS.BL744Zb4zBGFzgQUwZKd5srOKZhZDhW. null.
2020-06-26 01:07:28,614 ERROR com.example.AuthService.controller.UserController [http-nio-8080-exec-8] Fail auth $2a$10$CREqu.nIL7eiivkDszBm4eerqwFP3fgJPmp2Wu/fLNJZICF9v56nq. null.
2020-06-26 01:07:34,835 ERROR com.example.AuthService.controller.UserController [http-nio-8080-exec-9] Fail auth $2a$10$9L8epTMt/Hj597TaGhDGhulWeTJeQw2ieEEXupmpfBEWjozUJ1oDq. null.
2020-06-26 01:07:35,913 ERROR com.example.AuthService.controller.UserController [http-nio-8080-exec-10] Fail auth $2a$10$j/G2yohkDd7yGAr3Ebs/tuSouVeNFk/4fEvOsQIf.k34jzwCX6MWS. null.
2020-06-26 01:07:36,351 ERROR com.example.AuthService.controller.UserController [http-nio-8080-exec-2] Fail auth $2a$10$tLCXJgUTabe6.bjr56BYw.Fp/IaMf6rILGsS46Yj5C1Zgwhk1yKJe. null.
2020-06-26 01:07:37,441 ERROR com.example.AuthService.controller.UserController [http-nio-8080-exec-1] Fail auth $2a$10$g5uajsXtDs60UARCI.rrmukyuxa0Mzwgt24byVxG5xpRje/tr0rh2. null.
2020-06-26 01:07:37,695 ERROR com.example.AuthService.controller.UserController [http-nio-8080-exec-4] Fail auth $2a$10$sqbc.1V.F4RlWGLDSkxzIu9Tdc98/3nmAoFrwYHg8bfMdPgwF6tE.. null.
2020-06-26 01:07:37,973 ERROR com.example.AuthService.controller.UserController [http-nio-8080-exec-5] Fail auth $2a$10$CGg5GSqruMjRuOeWrIHyleUFfP3v/FneE9PqeXoSN6pnD7TnpIP6a. null.
2020-06-26 01:07:38,764 ERROR com.example.AuthService.controller.UserController [http-nio-8080-exec-3] Fail auth $2a$10$BSBCO8tlUjl0.DCFXuMgt.2bx.DYYf9xQQiMfEe8C1C4OtYvDVkCG. null.
2020-06-26 01:07:47,213 ERROR com.example.AuthService.controller.UserController [http-nio-8080-exec-7] Fail auth $2a$10$FWATaaIUoQOYPfNKx31Yd.1H8etbQMlRC009sChBW8RrPIBPOY84e. null.
2020-06-26 01:07:58,569 ERROR com.example.AuthService.controller.UserController [http-nio-8080-exec-6] Fail auth $2a$10$XNA57YCvPE2rA5ofg3pgRerk9MBNfLDyWE0ajUfqnWgp5ylyemayC. null.
2020-06-26 01:08:21,013 ERROR com.example.AuthService.controller.UserController [http-nio-8080-exec-9] Fail auth $2a$10$TRvddru9fPg4pQ/8HTEqL.lhT88.CSlLXxKm0AItJcDDitI4zJz9O. null.
2020-06-26 01:13:12,920 ERROR com.example.AuthService.controller.UserController [http-nio-8080-exec-2] Fail auth $2a$10$inNwjaIWGvKN556HHg497eOcf5.d49w4wgey6QD6q59YADT1KSZ92. null.
2020-06-26 01:14:47,029 ERROR com.example.AuthService.controller.UserController [http-nio-8080-exec-1] Fail auth $2a$10$M2hd01OeCZq5xhm6PbOknei3KT7.R8XpG/mXWntywzIScjZffVoW.. null.
2020-06-26 01:15:23,366 ERROR com.example.AuthService.controller.UserController [http-nio-8080-exec-1] Fail auth $2a$10$NRzcCSebgv6pt3.QlIqdYenvWrzgGSrkY9p65zmXtel7umK6Sog... null.
2020-06-26 01:20:59,899 ERROR com.example.AuthService.controller.UserController [http-nio-8080-exec-1] Fail auth $2a$10$83AeWv9o6LIRjlUQ1/64I.iQquMUw93M4mZmrWu21A6GP3msepYju. null.
2020-06-26 01:21:22,093 ERROR com.example.AuthService.controller.UserController [http-nio-8080-exec-2] Fail auth $2a$10$5N2NuAF3RNeI09Ii7qtvgu8zPYR8b5fogCOVqCMYDFSAgGlesuyyS. null.
2020-06-26 01:30:24,912 ERROR com.example.AuthService.controller.UserController [http-nio-8080-exec-1] Fail auth $2a$10$xA7be9FCHrBk36YGNHgNyu4VHuOhYnz4JF/bgdwYgC5Rmph7h0Yd2. null.
2020-06-26 01:36:39,275 ERROR com.example.AuthService.controller.UserController [http-nio-8080-exec-1] Fail auth $2a$10$oja.WP/7Wubuqso4vVS/rutL3CCwJkXZDwTAJfADKp.yavx1CdBda. null.
2020-06-26 01:43:32,278 ERROR com.example.AuthService.controller.UserController [http-nio-8080-exec-1] Fail auth $2a$10$ls8s3lZ16jTMuOIIMLZmie3VKrR/pqM9657E7zGmBnoU8BL3r6YWe. null.
2020-06-26 01:49:28,916 ERROR com.example.AuthService.controller.UserController [http-nio-8080-exec-1] Fail auth $2a$10$1tlfbqZXAUOh7uzjNTJbdeCUH62Bk15CYTzTwYU.1Lp5hYdgDxyz.. null.
2020-06-26 01:52:38,688 ERROR com.example.AuthService.controller.UserController [http-nio-8080-exec-1] Fail auth $2a$10$I2e4SxEFZEM.kaV1QMLl1..h23N4Cjk7Sl2rIJ6N2/IVfe41u7ga6. null.
2020-06-26 01:53:50,112 ERROR com.example.AuthService.controller.UserController [http-nio-8080-exec-1] Fail auth $2a$10$aksPPxEqW334/5G1k1M4Ru.4h8BdLdfYPO1.l5Ka2shOKLJfGml1i. Unable to serialize claims object to json..
2020-06-26 01:55:05,560 ERROR com.example.AuthService.controller.UserController [http-nio-8080-exec-3] Fail auth $2a$10$1LNwhpZxy8a88Pl.wlzba.yZHLJeUA2FNGHDyM95BQQf3y/lPQ78W. Bad credentials.
2020-06-26 01:55:10,737 ERROR com.example.AuthService.controller.UserController [http-nio-8080-exec-4] Fail auth $2a$10$rhWtppMUQ3HOOG1Q8YWeS.Ie2AOCzcMWyTamoS1d5t3EPuOGGsMqC. Bad credentials.
2020-06-26 01:55:12,549 ERROR com.example.AuthService.controller.UserController [http-nio-8080-exec-5] Fail auth $2a$10$2RU8VuFVoHQQvxJvzcYE0O5ST8Fb2WY4pJR06gal3nwhjKWAHVUGG. Bad credentials.
2020-06-26 01:55:13,859 ERROR com.example.AuthService.controller.UserController [http-nio-8080-exec-6] Fail auth $2a$10$BC9TVz3ctbGBlY7lh7ep9OKcMa9bO2l8i0kh4iHHpys5AzBJIgnca. Bad credentials.
2020-06-26 01:55:15,499 ERROR com.example.AuthService.controller.UserController [http-nio-8080-exec-7] Fail auth $2a$10$YvpwrCNUFKICJ77wDpEdOuS0hmHOtZFuLpBLFTTC0ILCuvM5/0hi.. Bad credentials.
2020-06-26 01:55:16,600 ERROR com.example.AuthService.controller.UserController [http-nio-8080-exec-8] Fail auth $2a$10$KOi0NLG1qCKvV/GN9hNSBuE6bZZwQ63zUVD7j7ErXRe55Woz4GB9O. Bad credentials.
2020-06-26 01:55:18,159 ERROR com.example.AuthService.controller.UserController [http-nio-8080-exec-10] Fail auth $2a$10$QD4v941py1ngKcFUkvgj9uEeSdWU/gAXZvaWQQFNXI6RQX68QEA9O. Bad credentials.
2020-06-26 01:55:22,018 ERROR com.example.AuthService.controller.UserController [http-nio-8080-exec-9] Fail auth $2a$10$0ikT9wSWdCWmxtcCF1gTCuV9A6EJTaqNBsfIiMkp4sLS.1vgD6zWK. Bad credentials.
2020-06-26 01:56:36,095 ERROR com.example.AuthService.controller.UserController [http-nio-8080-exec-1] Fail auth $2a$10$YGA6TuH9O//d48LxY0/By.PVUYkrtNG/YxFq7A5pnRf6YgiIhKlQ2. Improper email format..
2020-06-26 02:03:22,418 ERROR com.example.AuthService.controller.UserController [http-nio-8080-exec-2] Fail auth $2a$10$X07AJ/CIJRR.4de7y8wKSOkn8dz4OAUU2cL8NDVt43IQBD7w5lbqO. Bad credentials.
2020-06-26 02:16:41,702 ERROR com.example.AuthService.controller.UserController [http-nio-8080-exec-2] Fail auth $2a$10$gXtMUv81CdhIeFdI4YC7Hu7S8tevvvJTEsGUJw/fC/rGtHLj3sajO. Bad credentials.
2020-06-26 02:22:36,938 ERROR com.example.AuthService.controller.UserController [http-nio-8080-exec-1] Fail auth $2a$10$OGiFsadF5ZOFRtwY5yZkPeyOHmiS0Vj8X6Ed4Ka9Pzm5ZfxqNrytC. Session/EntityManager is closed.
2020-06-26 02:23:57,673 ERROR com.example.AuthService.controller.UserController [http-nio-8080-exec-1] Fail auth $2a$10$niAKiLub76XpG4/Dlih8neotYL8Hw5VTqI9HzA8YgolmDPJodSvnm. Session/EntityManager is closed.
2020-06-26 02:26:59,582 ERROR com.example.AuthService.controller.UserController [http-nio-8080-exec-1] Fail auth $2a$10$mAMavnqtBB2lDvOuOqOExOiDsyXumg2yi/VJsNiXbpqfB1CsuU6ae. Session/EntityManager is closed.
2020-06-26 02:30:06,284 ERROR com.example.AuthService.controller.UserController [http-nio-8080-exec-1] Fail auth $2a$10$RPNYcDNeYFIBaP0uyVa3oO6WWkVJxT9I7r.lRlk7xBNemIVmIcCNi. Session/EntityManager is closed.
2020-06-26 02:30:53,755 ERROR com.example.AuthService.controller.UserController [http-nio-8080-exec-2] Fail auth $2a$10$Gu9.yaMjdgTcZ/mzizuqj.gYuxlgXdmdfS0TFb6H8hHwXJD3jy796. Bad credentials.
2020-06-26 02:31:25,405 ERROR com.example.AuthService.controller.UserController [http-nio-8080-exec-1] Fail auth $2a$10$PKPKPSGB0dt7/ZK0OiefLOGQVLxeUs3125GNH1Lj0I8pzzdaLvDt6. Bad credentials.
2020-06-26 02:31:32,214 ERROR com.example.AuthService.controller.UserController [http-nio-8080-exec-4] Fail auth $2a$10$mLKgzKouljpjpmMIGWqpNuldHpg8T/nWjpAyfcp5BVIhJsjp5Zl6O. Bad credentials.
2020-06-26 02:31:34,951 ERROR com.example.AuthService.controller.UserController [http-nio-8080-exec-5] Fail auth $2a$10$O1Bq9d/fNuxgJF6S7sqY6ejaZ27Zn6zRnL6INUDGBHukeY6x5MtYy. Bad credentials.
2020-06-26 02:31:35,709 ERROR com.example.AuthService.controller.UserController [http-nio-8080-exec-3] Fail auth $2a$10$3xZd.xC6wmMT0W/SD5dvSuxerR6Bsy4VKTXfOGv4tyqNXRsw6UMUi. Bad credentials.
2020-06-26 02:31:40,617 ERROR com.example.AuthService.controller.UserController [http-nio-8080-exec-6] Fail auth $2a$10$mj6EkMm2mJzGRu00aRRvJujN3gBANpoRHJkYIz1KTB1FfOYcLbUba. Bad credentials.
2020-06-26 02:31:43,189 ERROR com.example.AuthService.controller.UserController [http-nio-8080-exec-7] Fail auth $2a$10$6RSyBYZgknvoeum99d5MAOh9jfW61fbp8lE2hB4GPuT/nQvzcwcNC. blocked.
2020-06-26 02:32:50,091 ERROR com.example.AuthService.controller.UserController [http-nio-8080-exec-2] Fail auth $2a$10$RxSxF/ruI9T0mdPrd7c18.QfSzUHXEEcOsy4F//hin2L4FfqdScTu. Bad credentials.
2020-06-26 02:32:53,501 ERROR com.example.AuthService.controller.UserController [http-nio-8080-exec-5] Fail auth $2a$10$G3DhubNO7iCPyUbU7Ds4GeYOcEjXmLjV2wB9hw9jPVRc7uzw1duwu. Bad credentials.
2020-06-26 02:32:55,695 ERROR com.example.AuthService.controller.UserController [http-nio-8080-exec-4] Fail auth $2a$10$cUcX.EuX34tVFtWuvnWVoeDuhcNfNQHz9ZcHHyMh0eiVnW.LUebJe. Bad credentials.
2020-06-26 02:34:56,775 ERROR com.example.AuthService.controller.UserController [http-nio-8080-exec-3] Fail auth $2a$10$2kj.ayTQmflobC0YDvnCCOUvgMCCKiIbolRuNC/haeTpmrqE8QxL6. Bad credentials.
2020-06-26 02:34:59,532 ERROR com.example.AuthService.controller.UserController [http-nio-8080-exec-1] Fail auth $2a$10$WGxvNuCKh8OoDiRf1r866.CAc2d5YKWjeOGNVf0KHacTGDyBUwgHS. Bad credentials.
2020-06-26 02:35:01,106 ERROR com.example.AuthService.controller.UserController [http-nio-8080-exec-6] Fail auth $2a$10$oH/sEaDpxcKI6EzJGMFQbuL6iQBqHt.je0tP/fte.T9BMT335MgTG. Bad credentials.
2020-06-26 02:35:04,109 ERROR com.example.AuthService.controller.UserController [http-nio-8080-exec-7] Fail auth $2a$10$lGnztrMBbTmqTMveIcFNC.Tq5MI/z1JyfP.hFHa7uF9jUKZ56d/pG. Blocked, too much attempts..
2020-06-26 02:35:05,205 ERROR com.example.AuthService.controller.UserController [http-nio-8080-exec-8] Fail auth $2a$10$EDy.XPUbRrMSvP8YrPNRTuRHQhjZjBmZVmkoyXMJuWYJoqItRkh1m. Blocked, too much attempts..
