2020-07-02 17:37:06,679 ERROR com.example.RequestService.controller.RequestController [http-nio-8086-exec-3] You have already made request that is in this range of dates.. Action initiated by $2a$10$7DNEghY0ymvkmSgNqtsjp.tjE0RSPq.INVFX.oY4fl3/tp1wGh6IG.
2020-07-02 17:37:57,047 ERROR com.example.RequestService.controller.RequestController [http-nio-8086-exec-2] You have already made request that is in this range of dates.. Action initiated by $2a$10$BpDWN.FvQqM.RQAlUI.ZrOjoxSyZeE3uEEsgAn2zT8oyOf5QDEuxO.
2020-07-02 17:39:22,579 ERROR com.example.RequestService.controller.RequestController [http-nio-8086-exec-10] You have already made request that is in this range of dates.. Action initiated by $2a$10$ByFYEi/JSb9nFcq6fV2zmOO5.PRMJBKbmDOou1k4ZpzdCUkH0h9Ta.
2020-07-02 17:39:41,352 ERROR com.example.RequestService.controller.RequestController [http-nio-8086-exec-7] You have already made request that is in this range of dates.. Action initiated by $2a$10$OlA5qEBv6AveGJoLyOV.hODySC8kUMC64qS0n.glFGZWvOKzYE3i2.
2020-07-02 17:40:47,470 ERROR com.example.RequestService.controller.RequestController [http-nio-8086-exec-5] You have already made request that is in this range of dates.. Action initiated by $2a$10$tSxhyDIWmMaz5lXuZuRere5heueFDNRZH6lrvpf/Deg/cbX/KS7W..
2020-07-02 17:41:00,183 ERROR com.example.RequestService.controller.RequestController [http-nio-8086-exec-8] You have already made request that is in this range of dates.. Action initiated by $2a$10$1Hbodq4lWZUvi6h5KrDDqeiYhMsn745ccRzNuVoGz9hYEkW1oQguC.
2020-07-02 17:44:50,541 ERROR com.example.RequestService.controller.RequestController [http-nio-8086-exec-2] You have already made request that is in this range of dates.. Action initiated by $2a$10$TGLG2PVlSuODgT0hn89Lk.vXvPg0gJNjZ6sdl1Wv9n3BhLEhLAZgW.
2020-07-02 17:46:30,755 ERROR com.example.RequestService.controller.RequestController [http-nio-8086-exec-2] You have already made request that is in this range of dates.. Action initiated by $2a$10$9SoYjykczJg6brsqeLXOKePLHYNver1R.BTGA.7xsz4m9CrI156OK.
2020-07-02 17:50:53,138 ERROR com.example.RequestService.controller.RequestController [http-nio-8086-exec-2] You have already made request that is in this range of dates.. Action initiated by $2a$10$2t1uOdNRD/RLsKkQCchXXOnRxs2w022VHE0IpK/Y7/dC5ZEPVzjXq.
2020-07-02 17:55:11,035 ERROR com.example.RequestService.controller.RequestController [http-nio-8086-exec-2] You have already made request that is in this range of dates.. Action initiated by $2a$10$K/VfjaxFXPTMrGo4ym0ByerT7Lw31zTBmA4NNSJIfYu1L.o4bfsJe.
2020-07-02 18:41:06,991 ERROR com.example.RequestService.controller.RequestController [http-nio-8086-exec-3] You have already made request that is in this range of dates.. Action initiated by $2a$10$rmSq8qrj43isJw7yt1/Bq.n9DdmKecMdj3H27hPhQNgAvQ1Xpl2zK.
2020-07-02 18:45:15,626 ERROR com.example.RequestService.controller.RequestController [http-nio-8086-exec-2] You have already made request that is in this range of dates.. Action initiated by $2a$10$LxQHfBT7AVGQXUuZi6gb7.ZJ3FAV3iXucuTpvbhb4xHf0vjI42FTO.
2020-07-02 18:49:24,746 ERROR com.example.RequestService.controller.RequestController [http-nio-8086-exec-3] You have already made request that is in this range of dates.. Action initiated by $2a$10$ZOaEeC2Oq8nQLHHCqPJCfObkjC3a8dCMHrTcV7JZdOZPLwPa2lJZ2.
2020-07-02 19:02:38,096 ERROR com.example.RequestService.controller.RequestController [http-nio-8086-exec-5] You have already made request that is in this range of dates.. Action initiated by $2a$10$GqPgq4vdfWzMvDIh350Yguh2GGNnLMW1NgNcfYk2kuBx5xJVGchPa.
2020-07-02 19:04:32,660 ERROR com.example.RequestService.controller.RequestController [http-nio-8086-exec-2] You have already made request that is in this range of dates.. Action initiated by $2a$10$uKNOYr/YjruiYQbzX5rpUefn8DuBsX6CpZIdNIxgB/RJnjVDj3VeW.
2020-07-02 19:05:02,238 ERROR com.example.RequestService.controller.RequestController [http-nio-8086-exec-3] You have already made request that is in this range of dates.. Action initiated by $2a$10$PM0sjzy4hAjH85h3qT8LdesPRgiFWKXRTjx4cQnpvRLyPyPk0Eqo2.
2020-07-02 19:05:17,750 ERROR com.example.RequestService.controller.RequestController [http-nio-8086-exec-5] You have already made request that is in this range of dates.. Action initiated by $2a$10$B3GTC8YMP2rJaM0OX/jGT.mrtWyxF9D3KN2Y/9MK0nZu1ypBdjyPq.
2020-07-02 19:05:33,382 ERROR com.example.RequestService.controller.RequestController [http-nio-8086-exec-2] You have already made request that is in this range of dates.. Action initiated by $2a$10$O6W.gl2rsO7Ty7Iscztj/OPxGNghk.R0kdsXjOYC8UKj3ZUj..hsC.
2020-07-02 19:39:13,343 ERROR com.example.RequestService.controller.RequestController [http-nio-8086-exec-2] You have already made request that is in this range of dates.. Action initiated by $2a$10$gUZcw46qZYULxXb0oYKOvubmb.Ps6Gz41jIyk7y386uvfJEZIANaK.
2020-07-02 19:39:31,824 ERROR com.example.RequestService.controller.RequestController [http-nio-8086-exec-3] You have already made request that is in this range of dates.. Action initiated by $2a$10$3xfNUOmZFqjejqxnldYpj.iO9kpH1WfgGVNYvtFI1.hNrs98qPsKa.
2020-07-02 19:40:46,422 ERROR com.example.RequestService.controller.RequestController [http-nio-8086-exec-2] You have already made request that is in this range of dates.. Action initiated by $2a$10$yfr3tDHZNY1vgEpM9jvQruI/ZA4CuiUSOPJuaO5WIWojh3mYHf9S2.
2020-07-02 19:48:32,049 ERROR com.example.RequestService.controller.RequestController [http-nio-8086-exec-7] You have already made request that is in this range of dates.. Action initiated by $2a$10$q2lnFu4EkbKs9TFfRSTK1uFHTxSweA9Za6uzl6so8gMcJSaH6TyKS.
2020-07-02 19:49:05,656 ERROR com.example.RequestService.controller.RequestController [http-nio-8086-exec-8] You have already made request that is in this range of dates.. Action initiated by $2a$10$7nt2q.BbTDQh1tGnJASOiOnuFd4cnY99YYQw5UOrv.uK4Zsfa9eqS.
2020-07-02 19:49:22,627 ERROR com.example.RequestService.controller.RequestController [http-nio-8086-exec-9] You have already made request that is in this range of dates.. Action initiated by $2a$10$zuVv1FqvbxH04GQFIrxvLeqRBIWm.JPswxYxgvxNJjPAu0E42GEDy.
2020-07-02 19:49:44,578 ERROR com.example.RequestService.controller.RequestController [http-nio-8086-exec-10] You have already made request that is in this range of dates.. Action initiated by $2a$10$D9ROoQP9LdoGmntLCzuT5OXe0US2xirmiFe.mEq9xHiCvinJQqHp2.
2020-07-02 21:18:19,916 ERROR com.example.RequestService.controller.RequestController [http-nio-8086-exec-5] You have already made request that is in this range of dates.. Action initiated by $2a$10$EUp.oU/8EFqcGk6XmVydPOer3TuHyC/QtuMLhebCbk2UD0FYZvXr6.
2020-07-02 21:31:44,964 ERROR com.example.RequestService.controller.RequestController [http-nio-8086-exec-1] You have already made request that is in this range of dates.. Action initiated by $2a$10$doGbRvuGK6Obu1FZbAuaeO8YFnAqsxMZTX9Ush9kDJIkqgq0K6ZBy.
2020-07-02 21:33:54,881 ERROR com.example.RequestService.controller.RequestController [http-nio-8086-exec-1] You can't send request to yourself. Action initiated by $2a$10$uaxyGsA5ygj7Ipp8rOsPw.9IN9O5Cjk2GXSc9L8jiUfv3bnATfQHC.
2020-07-02 21:45:59,115 ERROR com.example.RequestService.controller.RequestController [http-nio-8086-exec-5] You have already made request that is in this range of dates.. Action initiated by $2a$10$ipi7oGKH49aGuv/rWrzGE.LHTQ6Gol7yE12IocHnVZFiYkjrLQB2O.
