2020-07-02 16:00:57,001 INFO  org.springframework.boot.SpringApplication [main] No active profile set, falling back to default profiles: default
2020-07-02 16:01:08,980 INFO  org.springframework.boot.StartupInfoLogger [main] Started FeedbackServiceApplicationTests in 15.671 seconds (JVM running for 16.891)
2020-07-02 18:16:15,728 INFO  org.springframework.boot.SpringApplication [main] No active profile set, falling back to default profiles: default
2020-07-02 18:16:26,590 INFO  org.springframework.boot.StartupInfoLogger [main] Started FeedbackServiceApplication in 14.472 seconds (JVM running for 15.74)
2020-07-02 18:21:46,035 INFO  org.springframework.boot.SpringApplication [main] No active profile set, falling back to default profiles: default
2020-07-02 18:22:02,261 INFO  org.springframework.boot.StartupInfoLogger [main] Started FeedbackServiceApplication in 20.69 seconds (JVM running for 23.37)
2020-07-02 18:24:01,887 INFO  org.springframework.boot.SpringApplication [main] No active profile set, falling back to default profiles: default
2020-07-02 18:24:12,220 INFO  org.springframework.boot.StartupInfoLogger [main] Started FeedbackServiceApplication in 14.18 seconds (JVM running for 16.036)
2020-07-02 18:26:26,236 INFO  org.springframework.boot.SpringApplication [main] No active profile set, falling back to default profiles: default
2020-07-02 18:26:36,168 INFO  org.springframework.boot.StartupInfoLogger [main] Started FeedbackServiceApplication in 13.638 seconds (JVM running for 14.961)
2020-07-02 18:29:12,825 INFO  org.springframework.boot.SpringApplication [main] No active profile set, falling back to default profiles: default
2020-07-02 18:29:24,078 INFO  org.springframework.boot.StartupInfoLogger [main] Started FeedbackServiceApplication in 15.68 seconds (JVM running for 17.634)
2020-07-02 18:30:45,507 INFO  org.springframework.boot.SpringApplication [main] No active profile set, falling back to default profiles: default
2020-07-02 18:30:55,498 INFO  org.springframework.boot.StartupInfoLogger [main] Started FeedbackServiceApplication in 13.751 seconds (JVM running for 14.996)
2020-07-02 18:33:09,408 INFO  org.springframework.boot.SpringApplication [main] No active profile set, falling back to default profiles: default
2020-07-02 18:33:20,606 INFO  org.springframework.boot.StartupInfoLogger [main] Started FeedbackServiceApplication in 14.773 seconds (JVM running for 16.11)
2020-07-02 18:38:09,876 INFO  org.springframework.boot.SpringApplication [main] No active profile set, falling back to default profiles: default
2020-07-02 18:38:20,068 INFO  org.springframework.boot.StartupInfoLogger [main] Started FeedbackServiceApplication in 14.144 seconds (JVM running for 15.813)
2020-07-02 19:26:44,643 INFO  org.springframework.boot.SpringApplication [main] No active profile set, falling back to default profiles: default
2020-07-02 19:26:54,639 INFO  org.springframework.boot.StartupInfoLogger [main] Started FeedbackServiceApplication in 13.769 seconds (JVM running for 15.535)
2020-07-02 19:27:23,587 INFO  org.springframework.boot.SpringApplication [main] No active profile set, falling back to default profiles: default
2020-07-02 19:27:33,050 INFO  org.springframework.boot.StartupInfoLogger [main] Started FeedbackServiceApplication in 13.009 seconds (JVM running for 14.132)
2020-07-02 20:08:33,816 INFO  org.springframework.boot.SpringApplication [main] No active profile set, falling back to default profiles: default
2020-07-02 20:08:46,575 INFO  org.springframework.boot.StartupInfoLogger [main] Started FeedbackServiceApplicationTests in 16.556 seconds (JVM running for 17.83)
2020-07-03 17:05:38,070 INFO  org.springframework.boot.SpringApplication [main] No active profile set, falling back to default profiles: default
2020-07-03 17:05:52,460 INFO  org.springframework.boot.StartupInfoLogger [main] Started FeedbackServiceApplicationTests in 18.862 seconds (JVM running for 20.45)
2020-07-03 16:15:50,774 INFO  org.springframework.boot.SpringApplication [main] No active profile set, falling back to default profiles: default
2020-07-03 16:18:07,273 INFO  org.springframework.boot.StartupInfoLogger [main] Started FeedbackServiceApplication in 163.592 seconds (JVM running for 169.067)
2020-07-03 18:30:42,685 INFO  org.springframework.boot.SpringApplication [main] No active profile set, falling back to default profiles: default
2020-07-03 18:30:57,706 INFO  org.springframework.boot.StartupInfoLogger [main] Started FeedbackServiceApplicationTests in 19.892 seconds (JVM running for 21.653)
2020-07-03 16:34:10,828 INFO  org.springframework.boot.SpringApplication [main] No active profile set, falling back to default profiles: default
2020-07-03 16:37:07,004 INFO  org.springframework.boot.StartupInfoLogger [main] Started FeedbackServiceApplication in 193.754 seconds (JVM running for 204.091)
2020-07-03 16:52:23,531 INFO  org.springframework.boot.SpringApplication [main] No active profile set, falling back to default profiles: default
2020-07-03 16:55:07,522 INFO  org.springframework.boot.StartupInfoLogger [main] Started FeedbackServiceApplication in 196.091 seconds (JVM running for 210.158)
