<<<<<<< HEAD
2020-07-10 15:59:35,703 INFO  org.springframework.boot.SpringApplication [main] No active profile set, falling back to default profiles: default
2020-07-10 16:01:44,239 INFO  org.springframework.boot.StartupInfoLogger [main] Started CarInfoServiceApplication in 166.582 seconds (JVM running for 189.234)
2020-07-10 16:16:39,446 INFO  org.springframework.boot.SpringApplication [main] No active profile set, falling back to default profiles: default
2020-07-10 16:19:36,994 INFO  org.springframework.boot.StartupInfoLogger [main] Started CarInfoServiceApplication in 207.716 seconds (JVM running for 223.939)
2020-07-10 16:26:22,711 INFO  org.springframework.boot.SpringApplication [main] No active profile set, falling back to default profiles: default
2020-07-10 16:29:32,941 INFO  org.springframework.boot.StartupInfoLogger [main] Started CarInfoServiceApplication in 222.573 seconds (JVM running for 237.657)
2020-07-10 16:37:38,396 INFO  org.springframework.boot.SpringApplication [main] No active profile set, falling back to default profiles: default
2020-07-10 16:40:42,374 INFO  org.springframework.boot.StartupInfoLogger [main] Started CarInfoServiceApplication in 215.058 seconds (JVM running for 229.666)
2020-07-10 16:54:49,026 INFO  org.springframework.boot.SpringApplication [main] No active profile set, falling back to default profiles: default
2020-07-10 16:58:26,590 INFO  org.springframework.boot.StartupInfoLogger [main] Started CarInfoServiceApplication in 253.66 seconds (JVM running for 271.305)
2020-07-10 17:09:58,838 INFO  org.springframework.boot.SpringApplication [main] No active profile set, falling back to default profiles: default
2020-07-10 17:12:46,145 INFO  org.springframework.boot.StartupInfoLogger [main] Started CarInfoServiceApplication in 197.963 seconds (JVM running for 211.213)
2020-07-10 17:59:46,371 INFO  org.springframework.boot.SpringApplication [main] No active profile set, falling back to default profiles: default
2020-07-10 18:02:30,568 INFO  org.springframework.boot.StartupInfoLogger [main] Started CarInfoServiceApplication in 195.352 seconds (JVM running for 211.633)
2020-07-10 19:03:23,672 INFO  org.springframework.boot.SpringApplication [main] No active profile set, falling back to default profiles: default
2020-07-10 19:03:38,465 INFO  org.springframework.boot.StartupInfoLogger [main] Started CarInfoServiceApplication in 16.952 seconds (JVM running for 18.632)
2020-07-10 19:26:11,602 INFO  org.springframework.boot.SpringApplication [main] No active profile set, falling back to default profiles: default
2020-07-10 19:28:26,132 INFO  org.springframework.boot.StartupInfoLogger [main] Started CarInfoServiceApplication in 159.026 seconds (JVM running for 170.962)
2020-07-10 19:54:52,177 INFO  org.springframework.boot.SpringApplication [main] No active profile set, falling back to default profiles: default
2020-07-10 19:56:43,290 INFO  org.springframework.boot.StartupInfoLogger [main] Started CarInfoServiceApplication in 132.724 seconds (JVM running for 141.573)
2020-07-11 12:00:12,784 INFO  org.springframework.boot.SpringApplication [main] No active profile set, falling back to default profiles: default
2020-07-11 12:01:25,950 INFO  org.springframework.boot.StartupInfoLogger [main] Started CarInfoServiceApplication in 91.365 seconds (JVM running for 98.37)
2020-07-11 12:24:24,457 INFO  org.springframework.boot.SpringApplication [main] No active profile set, falling back to default profiles: default
2020-07-11 12:25:37,423 INFO  org.springframework.boot.StartupInfoLogger [main] Started CarInfoServiceApplication in 88.334 seconds (JVM running for 95.395)
2020-07-11 14:32:37,233 INFO  org.springframework.boot.SpringApplication [main] No active profile set, falling back to default profiles: default
2020-07-11 14:33:42,209 INFO  org.springframework.boot.StartupInfoLogger [main] Started CarInfoServiceApplication in 81.56 seconds (JVM running for 87.993)
2020-07-11 15:13:04,545 INFO  org.springframework.boot.SpringApplication [main] No active profile set, falling back to default profiles: default
2020-07-11 15:14:18,098 INFO  org.springframework.boot.StartupInfoLogger [main] Started CarInfoServiceApplication in 90.169 seconds (JVM running for 97.302)
2020-07-11 15:19:30,117 INFO  org.springframework.boot.SpringApplication [main] No active profile set, falling back to default profiles: default
2020-07-11 15:20:48,630 INFO  org.springframework.boot.StartupInfoLogger [main] Started CarInfoServiceApplication in 99.686 seconds (JVM running for 106.724)
2020-07-11 17:33:27,455 INFO  org.springframework.boot.SpringApplication [main] No active profile set, falling back to default profiles: default
2020-07-11 17:34:51,275 INFO  org.springframework.boot.SpringApplication [main] No active profile set, falling back to default profiles: default
2020-07-11 17:36:05,617 INFO  org.springframework.boot.StartupInfoLogger [main] Started CarInfoServiceApplication in 87.205 seconds (JVM running for 92.442)
2020-07-11 17:45:57,843 INFO  org.springframework.boot.SpringApplication [main] No active profile set, falling back to default profiles: default
2020-07-11 17:47:05,013 INFO  org.springframework.boot.StartupInfoLogger [main] Started CarInfoServiceApplication in 82.942 seconds (JVM running for 88.867)
2020-07-11 18:13:48,833 INFO  org.springframework.boot.SpringApplication [main] No active profile set, falling back to default profiles: default
2020-07-11 18:15:09,577 INFO  org.springframework.boot.StartupInfoLogger [main] Started CarInfoServiceApplication in 97.323 seconds (JVM running for 104.475)
2020-07-11 20:05:49,179 INFO  org.springframework.boot.SpringApplication [main] No active profile set, falling back to default profiles: default
2020-07-11 20:07:09,943 INFO  org.springframework.boot.StartupInfoLogger [main] Started CarInfoServiceApplication in 95.423 seconds (JVM running for 103.025)
2020-07-11 20:24:12,547 INFO  org.springframework.boot.SpringApplication [main] No active profile set, falling back to default profiles: default
2020-07-11 20:25:35,167 INFO  org.springframework.boot.StartupInfoLogger [main] Started CarInfoServiceApplication in 99.269 seconds (JVM running for 105.949)
2020-07-11 20:39:06,718 INFO  org.springframework.boot.SpringApplication [main] No active profile set, falling back to default profiles: default
2020-07-11 20:40:25,244 INFO  org.springframework.boot.StartupInfoLogger [main] Started CarInfoServiceApplication in 99.753 seconds (JVM running for 106.992)
=======
2020-07-11 11:51:51,188 INFO  org.springframework.boot.SpringApplication [main] No active profile set, falling back to default profiles: default
2020-07-11 11:54:19,244 INFO  org.springframework.boot.StartupInfoLogger [main] Started CarInfoServiceApplication in 170.78 seconds (JVM running for 181.255)
2020-07-11 12:40:17,348 INFO  org.springframework.boot.SpringApplication [main] No active profile set, falling back to default profiles: default
2020-07-11 12:42:01,522 INFO  org.springframework.boot.StartupInfoLogger [main] Started CarInfoServiceApplication in 126.526 seconds (JVM running for 136.581)
2020-07-11 14:32:39,735 INFO  org.springframework.boot.SpringApplication [main] No active profile set, falling back to default profiles: default
2020-07-11 14:34:05,381 INFO  org.springframework.boot.StartupInfoLogger [main] Started CarInfoServiceApplication in 103.359 seconds (JVM running for 112.028)
2020-07-11 14:39:43,410 INFO  org.springframework.boot.SpringApplication [main] No active profile set, falling back to default profiles: default
2020-07-11 14:41:31,126 INFO  org.springframework.boot.StartupInfoLogger [main] Started CarInfoServiceApplication in 129.732 seconds (JVM running for 139.565)
2020-07-11 14:56:03,175 INFO  org.springframework.boot.SpringApplication [main] No active profile set, falling back to default profiles: default
2020-07-11 14:57:52,849 INFO  org.springframework.boot.StartupInfoLogger [main] Started CarInfoServiceApplication in 131.971 seconds (JVM running for 141.736)
2020-07-11 15:06:06,442 INFO  org.springframework.boot.SpringApplication [main] No active profile set, falling back to default profiles: default
2020-07-11 15:07:53,671 INFO  org.springframework.boot.StartupInfoLogger [main] Started CarInfoServiceApplication in 128.816 seconds (JVM running for 138.126)
2020-07-11 15:24:07,023 INFO  org.springframework.boot.SpringApplication [main] No active profile set, falling back to default profiles: default
2020-07-11 15:25:51,793 INFO  org.springframework.boot.StartupInfoLogger [main] Started CarInfoServiceApplication in 129.383 seconds (JVM running for 139.959)
2020-07-11 15:44:18,181 INFO  org.springframework.boot.SpringApplication [main] No active profile set, falling back to default profiles: default
2020-07-11 15:46:01,611 INFO  org.springframework.boot.StartupInfoLogger [main] Started CarInfoServiceApplication in 126.598 seconds (JVM running for 136.705)
>>>>>>> origin/location-service
2020-07-11 22:29:32,020 INFO  org.springframework.boot.SpringApplication [main] No active profile set, falling back to default profiles: default
2020-07-11 22:30:50,877 INFO  org.springframework.boot.StartupInfoLogger [main] Started CarInfoServiceApplication in 93.357 seconds (JVM running for 101.657)
2020-07-11 22:49:27,865 INFO  org.springframework.boot.SpringApplication [main] No active profile set, falling back to default profiles: default
2020-07-11 22:50:46,959 INFO  org.springframework.boot.StartupInfoLogger [main] Started CarInfoServiceApplication in 97.025 seconds (JVM running for 103.782)
2020-07-12 08:20:23,296 INFO  org.springframework.boot.SpringApplication [main] No active profile set, falling back to default profiles: default
2020-07-12 08:22:35,223 INFO  org.springframework.boot.StartupInfoLogger [main] Started CarInfoServiceApplication in 155.24 seconds (JVM running for 167.844)
2020-07-12 08:36:50,813 INFO  org.springframework.boot.SpringApplication [main] No active profile set, falling back to default profiles: default
2020-07-12 08:51:10,046 INFO  org.springframework.boot.SpringApplication [main] No active profile set, falling back to default profiles: default
2020-07-12 08:52:57,015 INFO  org.springframework.boot.StartupInfoLogger [main] Started CarInfoServiceApplication in 129.79 seconds (JVM running for 139.627)
2020-07-12 09:39:32,421 INFO  org.springframework.boot.SpringApplication [main] No active profile set, falling back to default profiles: default
2020-07-12 09:40:44,796 INFO  org.springframework.boot.StartupInfoLogger [main] Started CarInfoServiceApplication in 90.166 seconds (JVM running for 99.22)
