2020-07-04 12:37:26,674 INFO  org.springframework.boot.SpringApplication [main] No active profile set, falling back to default profiles: default
2020-07-04 12:37:39,961 INFO  org.springframework.boot.StartupInfoLogger [main] Started AuthServiceApplication in 14.699 seconds (JVM running for 15.765)
2020-07-04 12:52:11,246 INFO  com.example.AuthService.controller.UserController [http-nio-8080-exec-1] Successfull auth $2a$10$s7gNp3ZmpXMQLEzIToW4rOMBk04B6nZ55VDCRU3Y2.j.QFrZp70wC
2020-07-04 12:52:11,639 INFO  com.example.AuthService.service.UserService [http-nio-8080-exec-2] User $2a$10$SE/jTFUHyM8vjSahFKOToOHr8wLjFz2nM3FeZ.WDJUB4EJspV3T6. verified
2020-07-04 12:52:11,728 INFO  com.example.AuthService.service.UserService [http-nio-8080-exec-2] AccessToken generated for user $2a$10$h4NLfDEvl3PICLADc9Q3iOlwhJxDsTdAyYohVDO6rtGBatbTYo3B6
2020-07-04 12:52:16,308 INFO  com.example.AuthService.service.UserService [http-nio-8080-exec-3] User $2a$10$xh9AjjAvk53yGtWyvNCKHOgkH38oIh7ePPnPqfushZmWBk7yvrtqi verified
2020-07-04 12:52:16,388 INFO  com.example.AuthService.service.UserService [http-nio-8080-exec-3] AccessToken generated for user $2a$10$8046nR2V7LRY0ckfH5FV5..IF2OR/m31bmRNkEZ9x4RrzBqbGe/5O
2020-07-04 13:27:41,827 INFO  com.example.AuthService.service.UserService [http-nio-8080-exec-6] User $2a$10$Lvydul26OXHc/4G5yjuVbuaGgMYT3cZ4S1ud.q7k9enYdqvcu708K verified
2020-07-04 13:27:41,911 INFO  com.example.AuthService.service.UserService [http-nio-8080-exec-6] AccessToken generated for user $2a$10$bWC1R6yBpoAep/RfrASVxuoOKB0zVqeqSEhpr7TJVtq5mWEr0N6dq
2020-07-04 13:27:47,327 INFO  com.example.AuthService.service.UserService [http-nio-8080-exec-7] User $2a$10$348iYa8n8yzxZsA5LYg02.jLjG8D5Uli.1MdJpJmrNUOg5z7oAev6 verified
2020-07-04 13:27:47,408 INFO  com.example.AuthService.service.UserService [http-nio-8080-exec-7] AccessToken generated for user $2a$10$YHrECuWJupfiRJOuLQUPSeVdxGUHetq84irS5L0MCnfs83CCEL1v2
2020-07-04 13:28:42,609 INFO  com.example.AuthService.service.UserService [http-nio-8080-exec-9] User successully registrated with email $2a$10$cV5ilJ3f6fCDRLYTWpP7/ezsgEfmEIy4YHCGNYtFphklsatf5/oxO
2020-07-04 13:28:50,871 INFO  com.example.AuthService.controller.UserController [http-nio-8080-exec-1] Successfull auth $2a$10$qeO50FtOJWHjFN9tMdIFAuM02cDdvTXXJisAP/zNyydX.ujOZbQmm
2020-07-04 13:28:51,390 INFO  com.example.AuthService.service.UserService [http-nio-8080-exec-2] User $2a$10$xCLBWfR86SKsC5eAUewq9e3GLhziAlAX/oFd.C3j9CytX9632mpXG verified
2020-07-04 13:28:51,470 INFO  com.example.AuthService.service.UserService [http-nio-8080-exec-2] AccessToken generated for user $2a$10$3hSB3bqBJZ2fwSl/GaqAPu06slEYMAsKRNga.k4ijNdp3bSvdeYkS
2020-07-04 13:28:53,093 INFO  com.example.AuthService.service.UserService [http-nio-8080-exec-3] User $2a$10$M2P5dlZOPoUzeCj/sGdxH..AP3mos8Bkdlxi92OmNuUAanuXzcPMO verified
2020-07-04 13:28:53,172 INFO  com.example.AuthService.service.UserService [http-nio-8080-exec-3] AccessToken generated for user $2a$10$TLDDPvKtZW6xBVoRQlC9pOGQftyj6Q2xxOHzSa0Cpfw4ePS3lNYd.
2020-07-04 13:28:55,463 INFO  com.example.AuthService.service.UserService [http-nio-8080-exec-4] User $2a$10$1cZjDYro40khr4GmhMQpremuIOQ.peF5UL9UT.Qm61NXkv61j0QDW verified
2020-07-04 13:28:55,542 INFO  com.example.AuthService.service.UserService [http-nio-8080-exec-4] AccessToken generated for user $2a$10$WggmHEhzaXBD/NIVCrtc4OPGHWWJ6DzFddtEsena4zTZc.aU0APiS
2020-07-04 13:29:50,708 INFO  com.example.AuthService.service.UserService [http-nio-8080-exec-7] User $2a$10$D8vaVcVcTd.Rhc.ho3zzjeveHv0Ph/GSp21SFcfNXC3P9CLeopWP. verified
2020-07-04 13:29:50,789 INFO  com.example.AuthService.service.UserService [http-nio-8080-exec-7] AccessToken generated for user $2a$10$9khH5yRDX18KcjzpjCKFseEIfRCSO0vIjomGiT3Q0vpPMyilgTvOy
2020-07-04 13:29:55,289 INFO  com.example.AuthService.service.UserService [http-nio-8080-exec-8] User $2a$10$Q93evAAknit1CmFNynboXuLCXuG1Q.T/t43ZyJP8pqLbBwdANw00G verified
2020-07-04 13:29:55,369 INFO  com.example.AuthService.service.UserService [http-nio-8080-exec-8] AccessToken generated for user $2a$10$IUACZhHhj576WQcZ.hIkoufryDnLdB9v4CEu5niHUC9jtv8bAYwgm
2020-07-04 13:30:56,244 INFO  org.springframework.boot.SpringApplication [main] No active profile set, falling back to default profiles: default
2020-07-04 13:31:00,822 INFO  org.springframework.boot.StartupInfoLogger [main] Started AuthServiceApplication in 5.568 seconds (JVM running for 6.282)
2020-07-04 13:31:23,552 INFO  com.example.AuthService.service.UserService [http-nio-8080-exec-1] User $2a$10$yXCtbPTnmeCKmtXF391us.7FB0bmaRhLi82ocd0sRtT7gDM6Sx58. verified
2020-07-04 13:31:23,642 INFO  com.example.AuthService.service.UserService [http-nio-8080-exec-1] AccessToken generated for user $2a$10$exPydmstrwk930zbVLptf.MOHCSaUdQgFCxFXsBYB7HijVJKMxsYm
2020-07-04 13:31:26,101 INFO  com.example.AuthService.service.UserService [http-nio-8080-exec-2] User $2a$10$dhjzimlxZm0p2axfkPNHZuAHTBCJ2TMfyBMrXPDHjZTRnNZdLResO verified
2020-07-04 13:31:26,202 INFO  com.example.AuthService.service.UserService [http-nio-8080-exec-2] AccessToken generated for user $2a$10$ehtkeNFEwQFwdKVjjWfnx.u.8ff5qwZzyh0ND8aDrg9SiDr/31uP.
2020-07-04 13:31:57,098 INFO  com.example.AuthService.service.UserService [http-nio-8080-exec-4] User successully registrated with email $2a$10$.7dtUJZd4zP7yykk9.WL3uUBdKYg68OwTKaWsZxJQbvbE3CFjgC3m
2020-07-04 13:32:08,527 INFO  com.example.AuthService.controller.UserController [http-nio-8080-exec-5] Successfull auth $2a$10$UzplDm2Jyt.LeobuFoxfQuHmyy8LkJLK9zNParoBenZTMIn6yC3sS
2020-07-04 13:32:08,845 INFO  com.example.AuthService.service.UserService [http-nio-8080-exec-6] User $2a$10$cSMCX/d0G.3ITa.WOtK5.egvdTCa0Df4vFrmQ48jEhbCP7WYfXDhm verified
2020-07-04 13:32:08,925 INFO  com.example.AuthService.service.UserService [http-nio-8080-exec-6] AccessToken generated for user $2a$10$jbCC5Cz5GkCTcxa0hqyzgOZLgdjkxg1Keft9OOPebIAl4.m7ofucW
2020-07-04 13:32:10,221 INFO  com.example.AuthService.service.UserService [http-nio-8080-exec-7] User $2a$10$WAAGN1iOoQ4hiIg2KfUiK.12s.FNn1Fz/5zN.AZY36vaHeH8OrYAe verified
2020-07-04 13:32:10,303 INFO  com.example.AuthService.service.UserService [http-nio-8080-exec-7] AccessToken generated for user $2a$10$QhEcnbfY7RWLo2W3b/nvOe.M2Xirn/lxiydhjEgPlXzlS.cL8ZBUy
2020-07-04 13:32:12,508 INFO  com.example.AuthService.service.UserService [http-nio-8080-exec-8] User $2a$10$SEU7mrC5YOQkCk9B9cQu2.Z1QF14g8Rq2SYq0jj9zEOlce1m3Nre2 verified
2020-07-04 13:32:12,588 INFO  com.example.AuthService.service.UserService [http-nio-8080-exec-8] AccessToken generated for user $2a$10$XgCVH1u9wmqfglmRidB6Y.zqQZptrDjkZ3eAYejUsi89RHV03Nlj.
2020-07-04 13:33:13,806 INFO  com.example.AuthService.service.UserService [http-nio-8080-exec-2] User $2a$10$l5jc07UNzY9eh2aW0A66be2qlhPDimGfNpvIEtpoubxJbPIkWeTyq verified
2020-07-04 13:33:13,887 INFO  com.example.AuthService.service.UserService [http-nio-8080-exec-2] AccessToken generated for user $2a$10$/34KdOMH6HUS2QN6g0IjaeCUAS7CDnHl7n2cJwpNJ6.v.B.4LWRLu
2020-07-04 13:33:16,795 INFO  com.example.AuthService.service.UserService [http-nio-8080-exec-3] User $2a$10$bhKWu2KD.pjPu5dUdaIHgutt4S.KOcr15y4WrRp50zxq4asJFVzXy verified
2020-07-04 13:33:16,875 INFO  com.example.AuthService.service.UserService [http-nio-8080-exec-3] AccessToken generated for user $2a$10$2TYgvOlcHa9zrIqPdJEFw.dOc7O53X9dScxav3lS4Yml21NyTssB6
2020-07-04 17:02:53,586 INFO  com.example.AuthService.controller.UserController [http-nio-8080-exec-10] Successfull auth $2a$10$6lE5wDGwpewm9.EjB3siIOqqpwzt0Z0WmKkC/bJ8H5ZUqPGKhoZpS
2020-07-04 17:02:53,876 INFO  com.example.AuthService.service.UserService [http-nio-8080-exec-1] User $2a$10$DEYC8mIM32w1DVtmlXkIAeKCpEb1yY5GwlHrmwX1MphW8VrQJJ8J6 verified
2020-07-04 17:02:53,957 INFO  com.example.AuthService.service.UserService [http-nio-8080-exec-1] AccessToken generated for user $2a$10$9rpfVkFlImK74Rx.gu9WL.CTHVv7wq4jBxkRXUxtO3.51c.X6ARNq
2020-07-04 17:02:56,081 INFO  com.example.AuthService.service.UserService [http-nio-8080-exec-2] User $2a$10$ody1bABqsgwPZciwlUU27udQP802MqZ7g5jLEy9QUP2/EUwJ1OdYq verified
2020-07-04 17:02:56,165 INFO  com.example.AuthService.service.UserService [http-nio-8080-exec-2] AccessToken generated for user $2a$10$nXX/ZILkPGwKNlVejIyaRej4bi9fncl3r8gEPvOHZl2xUYshOL8d6
2020-07-04 17:02:58,019 INFO  com.example.AuthService.service.UserService [http-nio-8080-exec-3] User $2a$10$sA2YbG00OaY/PoAX6zuAqOtOzptbrcbLTvU3QJ80wkP.cT5fKCMGy verified
2020-07-04 17:02:58,101 INFO  com.example.AuthService.service.UserService [http-nio-8080-exec-3] AccessToken generated for user $2a$10$tB.oyd99kLgt1DlDEtBAuuev.L/LHI66d6Vl2ekcJOZK6PduzuGG.
2020-07-04 17:03:20,429 INFO  org.springframework.boot.SpringApplication [main] No active profile set, falling back to default profiles: default
2020-07-04 17:03:25,250 INFO  org.springframework.boot.StartupInfoLogger [main] Started AuthServiceApplication in 5.847 seconds (JVM running for 6.637)
2020-07-04 17:03:40,079 INFO  com.example.AuthService.service.UserService [http-nio-8080-exec-1] User $2a$10$pZxmx6lhsnQQFUblWgHMruJQGwyJRqzk768rKUF9zi4CmyzojE9BO verified
2020-07-04 17:03:40,171 INFO  com.example.AuthService.service.UserService [http-nio-8080-exec-1] AccessToken generated for user $2a$10$CfSB1YdvdCceeEMv4YzQM.Hadtivn2qpfU/64C00AeonO6/6mSX7G
2020-07-04 17:03:47,128 INFO  com.example.AuthService.service.UserService [http-nio-8080-exec-2] User $2a$10$/OcOacQpG52wRB.pCIAVwOr64O4uepfkAaKjqOO1MRCNkbr1PXBW. verified
2020-07-04 17:03:47,208 INFO  com.example.AuthService.service.UserService [http-nio-8080-exec-2] AccessToken generated for user $2a$10$eOUuOq5HGJuh/W4Jo8JEIeiOTS29n2Sa7Pi53nlOPqXYjwRJeqqcC
2020-07-04 17:06:28,757 INFO  com.example.AuthService.service.UserService [http-nio-8080-exec-6] User successully registrated with email $2a$10$5CYjnab2539I/FJheGz9XOuTkUhSuR3iYzVNxlOMXB6L50hrF5OMC
2020-07-04 17:07:12,335 INFO  com.example.AuthService.service.UserService [http-nio-8080-exec-7] User successully registrated with email $2a$10$CWbD6TAWkjNcRM4E9iDKX.9RmzhBHMieBFSbxFgg1eFA0jtpFzDsS
2020-07-04 17:08:07,961 INFO  com.example.AuthService.service.UserService [http-nio-8080-exec-8] User successully registrated with email $2a$10$xcXwgIZQ./uAYZHLS0J6qOTaPpcNVM11Nw6d.E0.CgIxZs5t2SRVa
2020-07-04 17:09:21,233 INFO  com.example.AuthService.service.UserService [http-nio-8080-exec-10] User successully registrated with email $2a$10$mywl45Rf2N2bi.gfB3XPxOZR.jg/J/EbzQ7lNZIYY3EjOaNSJNM32
2020-07-04 17:10:04,849 INFO  com.example.AuthService.service.UserService [http-nio-8080-exec-1] User successully registrated with email $2a$10$RX9crUDqWmh7xjMRDjH3l.OZrDH3qmCsRz5c4lquEoXb8x8/kJA/a
2020-07-04 17:11:28,748 INFO  com.example.AuthService.service.UserService [http-nio-8080-exec-3] User successully registrated with email $2a$10$uJ1epVmWvOCakFtgAmw7xuoAUkeeB5PfXIOE72BIiqj2o2sGBsC8S
2020-07-04 17:12:16,161 INFO  com.example.AuthService.service.UserService [http-nio-8080-exec-4] User successully registrated with email $2a$10$rW/X.Q/wFAh5hWlMowkYmOfkzUR0EfCm3P.SVPCSUlx2NBKCayeKK
2020-07-04 17:13:03,175 INFO  com.example.AuthService.controller.UserController [http-nio-8080-exec-5] Successfull auth $2a$10$Hdn0S8df/5WHekY3SN4hk.Fnezxt4t3tG6plXOwSqxMckW7hjAiHO
2020-07-04 17:13:03,770 INFO  com.example.AuthService.service.UserService [http-nio-8080-exec-6] User $2a$10$EiLQojx0z8ZL/9/SFivL3.G0nSBHoYnwto1TOUkRmj.XIUFQi/J9a verified
2020-07-04 17:13:03,850 INFO  com.example.AuthService.service.UserService [http-nio-8080-exec-6] AccessToken generated for user $2a$10$6WFo.acEwSKTdFg7TLvvL.oxPDAXaZ8pfRHtUL/fIC.8N1zG5.gTC
2020-07-04 17:13:04,857 INFO  com.example.AuthService.service.UserService [http-nio-8080-exec-7] User $2a$10$q2JMzrb1KnEkh/R1YrhASumaRy5zqcnAF80MR.WlEgeZsQB9uSJ.C verified
2020-07-04 17:13:04,937 INFO  com.example.AuthService.service.UserService [http-nio-8080-exec-7] AccessToken generated for user $2a$10$QBOGpqXrgBq3ThB8F09tYObnmUStEgeKSm.kWC6otWrxUBOJ9PmPy
2020-07-04 17:13:06,691 INFO  com.example.AuthService.service.UserService [http-nio-8080-exec-8] User $2a$10$2//XxY5w8rZBiso2XpHaKOuLfh64TRZH5Y0fdormHOTjQmytD9SNy verified
2020-07-04 17:13:06,771 INFO  com.example.AuthService.service.UserService [http-nio-8080-exec-8] AccessToken generated for user $2a$10$PJto8aH3tSozucmQ0SGWIeTiEoF2zF4ZgN4p.mEyE6LMNG/8aZbg6
2020-07-04 17:13:10,238 INFO  com.example.AuthService.service.UserService [http-nio-8080-exec-10] User $2a$10$CqeOBnNmOPuGLNQjXPENPuYeXC0cFCTGzr64V8CPM5EkJYjTpmrRe verified
2020-07-04 17:13:10,318 INFO  com.example.AuthService.service.UserService [http-nio-8080-exec-10] AccessToken generated for user $2a$10$eM0PYguKA9cCGbiWkUCZh.azbfSD8JD9vBEmcgc.Vo0gABYdCB1Oy
2020-07-04 17:13:10,762 INFO  com.example.AuthService.service.UserService [http-nio-8080-exec-2] User $2a$10$fmj5Aysys8mf2UtyYpcNX.qnj0l22Vd3HUQZkfprpnKvjlPy2YiMu verified
2020-07-04 17:13:10,842 INFO  com.example.AuthService.service.UserService [http-nio-8080-exec-2] AccessToken generated for user $2a$10$EbuZf1noLyObA9.8395LWezQH7Ls2lfF.CBkgrUehqFrN6chwjCA.
2020-07-04 17:13:50,544 INFO  com.example.AuthService.service.UserService [http-nio-8080-exec-4] User $2a$10$YsKN9xA47wD49Full6yTN.qS1NaZqXtCOIXKedXGVJ05Gi9kLlqYC verified
2020-07-04 17:13:50,624 INFO  com.example.AuthService.service.UserService [http-nio-8080-exec-4] AccessToken generated for user $2a$10$zBpxoeDJHY1CrtYXuldT3eIeAgytnWAUtLAV9c0GLPh3zI9yqRDIq
2020-07-04 17:23:54,392 INFO  com.example.AuthService.service.UserService [http-nio-8080-exec-7] User $2a$10$MTYWAttsa.Yf/h2JH5LNLO2Elo1vvWMkzUk.jnQ456H7nbMfoJO6. verified
2020-07-04 17:23:54,479 INFO  com.example.AuthService.service.UserService [http-nio-8080-exec-7] AccessToken generated for user $2a$10$AaEF0vvswigVHb/f4IipyOTvmceWX4Oc8N/QZAkujXlXBgN3KK2/O
2020-07-04 17:25:38,064 INFO  com.example.AuthService.service.UserService [http-nio-8080-exec-9] User $2a$10$EFRnn7Fd.u8RsHnDaEKNRuta9qcllOWV7nnWeF//R3cH0C50Otroi verified
2020-07-04 17:25:38,144 INFO  com.example.AuthService.service.UserService [http-nio-8080-exec-9] AccessToken generated for user $2a$10$CRqrXcPDWuZaSkh3ddRrp.Os3NQ1PXWdTBsBJ43g6xhSt3ttK5p5W
2020-07-04 17:25:56,820 INFO  com.example.AuthService.service.UserService [http-nio-8080-exec-10] User $2a$10$5kG4bwy9F91cQuEVKEcYM.A3nqng7e6.Jy8vanw0n3CiSHwFzlQw. verified
2020-07-04 17:25:56,903 INFO  com.example.AuthService.service.UserService [http-nio-8080-exec-10] AccessToken generated for user $2a$10$s3PqSnsAj9xxlvcMHz1D2eBGK6WY/x3LMbrnrP7ooesP/YXSp4Ox.
2020-07-04 17:29:58,447 INFO  org.springframework.boot.SpringApplication [main] No active profile set, falling back to default profiles: default
2020-07-04 17:30:03,014 INFO  org.springframework.boot.StartupInfoLogger [main] Started AuthServiceApplication in 5.575 seconds (JVM running for 6.292)
2020-07-04 17:30:29,202 INFO  com.example.AuthService.service.UserService [http-nio-8080-exec-1] User successully registrated with email $2a$10$2/8vRSucpE2RYWY8nhE/c.NeIDqIXaj3pf7cb9lcwClIy5Eebou6y
2020-07-04 17:32:03,462 INFO  com.example.AuthService.service.UserService [http-nio-8080-exec-3] User successully registrated with email $2a$10$V8.HqABC9WE42LUXYkEbpejzAM.YIYeejFBPWFpHKNm.17CJkxTei
2020-07-04 17:36:59,629 INFO  com.example.AuthService.service.UserService [http-nio-8080-exec-5] User successully registrated with email $2a$10$W49n0KO6umdXgc9s/m2QcuFm.zSWHtaRoy7t4DUDmcc9vNN.L1qu.
2020-07-04 17:37:18,225 INFO  com.example.AuthService.controller.UserController [http-nio-8080-exec-6] Successfull auth $2a$10$YdFdSu5FZM/3KW6hG53e4e99jp/irykYUqph2f.kXEpt88cRw1kem
2020-07-04 17:37:18,613 INFO  com.example.AuthService.service.UserService [http-nio-8080-exec-7] User $2a$10$FqjvXZy8H1H0G0ZSIEBjLeBxZr/Tzx/.MOYGCAxQrs.UVN8BygiV. verified
2020-07-04 17:37:18,696 INFO  com.example.AuthService.service.UserService [http-nio-8080-exec-7] AccessToken generated for user $2a$10$OBV8FhhyLPSxP8F9cjk0yOKPYDetW4HG7JrZaXbGrDRKejjDfJfa6
2020-07-04 17:37:19,949 INFO  com.example.AuthService.service.UserService [http-nio-8080-exec-8] User $2a$10$S.GlQfIdv393zY84awjTKOEjoZMRIVycxMFnoXXLiYKXu2crgV8j2 verified
2020-07-04 17:37:20,030 INFO  com.example.AuthService.service.UserService [http-nio-8080-exec-8] AccessToken generated for user $2a$10$IQfOBcIJJp1Dj7dDqdYw2.wtltmKpjqUA6/lJYMrK/cFYaUVweOnC
2020-07-04 17:37:22,142 INFO  com.example.AuthService.service.UserService [http-nio-8080-exec-9] User $2a$10$ahL61jRvYZaqwy4rxlAa/.YoYOKxAvuV0xIEj9xiz9CtPajUVYMk6 verified
2020-07-04 17:37:22,224 INFO  com.example.AuthService.service.UserService [http-nio-8080-exec-9] AccessToken generated for user $2a$10$2S185bZi669ma2FDhv308eYo4lvahilIbrVmG6bAwXH8tuFTpY/Xi
2020-07-04 17:37:29,400 INFO  com.example.AuthService.service.UserService [http-nio-8080-exec-1] User $2a$10$2I0iEKw/6o5Rsbx.FEVJseDfalbu.2vKZEvWzh7hzlSBgQluo1G9. verified
2020-07-04 17:37:29,480 INFO  com.example.AuthService.service.UserService [http-nio-8080-exec-1] AccessToken generated for user $2a$10$kVFafrQR/vL1wMeDcaOGvOvAK4BS7rvN0VT58euHrRl87qq4u3z8S
2020-07-04 17:37:29,660 INFO  com.example.AuthService.service.UserService [http-nio-8080-exec-3] User $2a$10$HeiLFPC.0o.RFQA.Qtb/x.PXMSUAgwGBvlKp/KppLI7YJacpnTmqC verified
2020-07-04 17:37:29,741 INFO  com.example.AuthService.service.UserService [http-nio-8080-exec-3] AccessToken generated for user $2a$10$coX1IW3ogyedazOPCA8KVeQs/7fTENq1JVVMmotD7RLtOVMQFktaC
2020-07-04 17:37:37,608 INFO  com.example.AuthService.service.UserService [http-nio-8080-exec-5] User $2a$10$BFSw3aVqiXah9CJN6oyAD.UGTfdaPgOQH8tATIcBKC0juPLoAVVZS verified
2020-07-04 17:37:37,689 INFO  com.example.AuthService.service.UserService [http-nio-8080-exec-5] AccessToken generated for user $2a$10$YB4VbOCyYH9F7heFYyIQMOmwFLocIzta0g/YHNaumXk5GHEF9qISi
2020-07-04 17:37:37,852 INFO  com.example.AuthService.service.UserService [http-nio-8080-exec-7] User $2a$10$6VYS6t3Zni7PmxXr/g.dTOC6D/j.stAGFy8i.XVvauytX4mQmZgJu verified
2020-07-04 17:37:37,931 INFO  com.example.AuthService.service.UserService [http-nio-8080-exec-7] AccessToken generated for user $2a$10$cesRRT3kATPHgQGxwNFunu5x.kt1PiW7X1cU3rnj.My.7fxJGAqF.
2020-07-04 18:06:44,990 INFO  org.springframework.boot.SpringApplication [main] No active profile set, falling back to default profiles: default
2020-07-04 18:06:55,574 INFO  org.springframework.boot.StartupInfoLogger [main] Started AuthServiceApplication in 12.211 seconds (JVM running for 13.122)
2020-07-04 18:21:04,852 INFO  org.springframework.boot.SpringApplication [main] No active profile set, falling back to default profiles: default
2020-07-04 18:21:09,598 INFO  org.springframework.boot.StartupInfoLogger [main] Started AuthServiceApplication in 5.758 seconds (JVM running for 6.485)
2020-07-04 18:24:04,975 INFO  org.springframework.boot.SpringApplication [main] No active profile set, falling back to default profiles: default
2020-07-04 18:24:09,696 INFO  org.springframework.boot.StartupInfoLogger [main] Started AuthServiceApplication in 5.749 seconds (JVM running for 6.483)
2020-07-04 18:25:53,112 INFO  org.springframework.boot.SpringApplication [main] No active profile set, falling back to default profiles: default
2020-07-04 18:25:57,786 INFO  org.springframework.boot.StartupInfoLogger [main] Started AuthServiceApplication in 5.678 seconds (JVM running for 6.415)
2020-07-04 18:26:30,562 INFO  com.example.AuthService.service.UserService [http-nio-8080-exec-1] User successully registrated with email $2a$10$8zS8prOq1cXX/y9Es4ucxOkxqCSrCw5E8C1XRV3tCFruA7FWPtkUS
2020-07-04 18:26:53,235 INFO  com.example.AuthService.controller.UserController [http-nio-8080-exec-2] Successfull auth $2a$10$xn3i6lkj0UxSBgpJqbNRBOcZqO7DY9lhPg7mv6YAEOVTV0Ztw9TyO
2020-07-04 18:26:53,563 INFO  com.example.AuthService.service.UserService [http-nio-8080-exec-3] User $2a$10$cy6difpj4spFYRyDd3x1ZejNNanQ.F5mvr63.9qjAOyofZjzvLWhO verified
2020-07-04 18:26:53,647 INFO  com.example.AuthService.service.UserService [http-nio-8080-exec-3] AccessToken generated for user $2a$10$xSWwrca8l4xbe93gH8drlOc7uQCk5Jw/eKf7VcTGY5gnBkI4pVudq
2020-07-04 18:28:06,721 INFO  com.example.AuthService.controller.UserController [http-nio-8080-exec-4] Successfull auth $2a$10$pwIU4wP2nNuJu3ZX/gHpF.0cmvQLeE2qqos2WJvu4vaE.Q61Vae5e
2020-07-04 18:28:06,998 INFO  com.example.AuthService.service.UserService [http-nio-8080-exec-10] User $2a$10$41owJjo/RFonne1vyemrhOhnwFx9.ApYgck2lReQTLa7LGQb.oBPu verified
2020-07-04 18:28:07,079 INFO  com.example.AuthService.service.UserService [http-nio-8080-exec-10] AccessToken generated for user $2a$10$O1O9c937ZGQ3pkFF6aC/We1NNPLRppxP5LgKIRv.eLiyMjV1lwgq2
2020-07-04 18:28:08,260 INFO  com.example.AuthService.service.UserService [http-nio-8080-exec-1] User $2a$10$yanT.dPrl58VWI96rXgIheJkvu2QwWLAQ4nUPaWkETGD.f.nYkgKq verified
2020-07-04 18:28:08,341 INFO  com.example.AuthService.service.UserService [http-nio-8080-exec-1] AccessToken generated for user $2a$10$7zD1rGxivctjM8kW7NWfAO11a2ViGYj1DGqvov86rK6OFSSJ2pAqO
2020-07-04 18:28:10,371 INFO  com.example.AuthService.service.UserService [http-nio-8080-exec-7] User $2a$10$evbXybJ9gdghjAfkCDUkMeOwSU1UKjEH.JcAC23dDzb6kpdfSbZdy verified
2020-07-04 18:28:10,451 INFO  com.example.AuthService.service.UserService [http-nio-8080-exec-7] AccessToken generated for user $2a$10$ke2DGTEZRItKAPl83ZkMqerFznBeXp6NdEetxYEegx/vwNs8COnnW
2020-07-04 18:31:34,884 INFO  org.springframework.boot.SpringApplication [main] No active profile set, falling back to default profiles: default
2020-07-04 18:31:39,605 INFO  org.springframework.boot.StartupInfoLogger [main] Started AuthServiceApplication in 5.738 seconds (JVM running for 6.47)
2020-07-04 18:31:47,091 INFO  com.example.AuthService.service.UserService [http-nio-8080-exec-1] User $2a$10$3QDW1yPXCyuHAJBZn2HRIey8RUBqopBnkCxbj33jSt6JRJiEl0Spy verified
2020-07-04 18:31:47,182 INFO  com.example.AuthService.service.UserService [http-nio-8080-exec-1] AccessToken generated for user $2a$10$BWyBjjiHpM18mtrHk72DGu4TKmEbJc8yjA.N3Ykbx6cAzFY3w0oBO
2020-07-04 18:31:48,829 INFO  com.example.AuthService.service.UserService [http-nio-8080-exec-2] User $2a$10$9fsIxG1ldGhk211sU4pfG.LDHfS5AVKZEUrqG1Rmn4yKqrniwuLL6 verified
2020-07-04 18:31:48,912 INFO  com.example.AuthService.service.UserService [http-nio-8080-exec-2] AccessToken generated for user $2a$10$CSBgx4gp3N7EFtkzka8hGeqEyDUOKEXkqpM9UrJ2KiewgC.i.hcEe
2020-07-04 18:32:12,604 INFO  com.example.AuthService.service.UserService [http-nio-8080-exec-5] User successully registrated with email $2a$10$NS/1X7cl6szm5Qf/jGQZ2ui1dWLr8utLpmNZbhiwnoJjWFdBqNJtu
2020-07-04 18:32:18,633 INFO  com.example.AuthService.controller.UserController [http-nio-8080-exec-6] Successfull auth $2a$10$nD05DwTPXmFwoPBxVrcvE.SW8kcdRMqVblVhnW8MMsc7A4If.WigG
2020-07-04 18:32:19,164 INFO  com.example.AuthService.service.UserService [http-nio-8080-exec-7] User $2a$10$wYJlCObJLHEdZ28wgtt3De0c0v.pOBrtNodaEKw6UM9/j1VVaPuDG verified
2020-07-04 18:32:19,247 INFO  com.example.AuthService.service.UserService [http-nio-8080-exec-7] AccessToken generated for user $2a$10$KuGM.mhKG.ApMx0FgpD1kuwaCf7PStM55oBg4blZ/nXU5ap9pUB7K
2020-07-04 18:32:20,455 INFO  com.example.AuthService.service.UserService [http-nio-8080-exec-8] User $2a$10$GajcmwVbuNMQ7fwrKcYuZur4TkM/Q3FTSi8NCn5jQ.s1gmGRkFw6G verified
2020-07-04 18:32:20,535 INFO  com.example.AuthService.service.UserService [http-nio-8080-exec-8] AccessToken generated for user $2a$10$9gH/vnpHr.BvhbAifQiwy.gsGqg/P3dVJIuPBsQJhZujTCDqizAcK
2020-07-04 18:32:22,032 INFO  com.example.AuthService.service.UserService [http-nio-8080-exec-9] User $2a$10$vi8lx3qpBD6UENK4Eip.iuG5WE44f6lsTUuuUJo1dyh4PEKOpsaL6 verified
2020-07-04 18:32:22,113 INFO  com.example.AuthService.service.UserService [http-nio-8080-exec-9] AccessToken generated for user $2a$10$feud2LcWVtlVOTHvSsCLquT012aWtiG0s.A3L7uMoPExQtzzxRLDm
2020-07-04 18:33:54,091 INFO  com.example.AuthService.service.UserService [http-nio-8080-exec-3] User $2a$10$9UscIrZdyh5yQ0wK0BAEYeCjH3bag1TyxJSElp4i9F3GWi9.DiXMy verified
2020-07-04 18:33:54,172 INFO  com.example.AuthService.service.UserService [http-nio-8080-exec-3] AccessToken generated for user $2a$10$3neY99nZhk2T1hPMVuQTNecFk8a9eoI1CP2wYiqtIEoo5MS.5RbAq
2020-07-04 18:33:56,057 INFO  com.example.AuthService.service.UserService [http-nio-8080-exec-9] User $2a$10$NCkMVF5x7XHi4Py1Vu9f4.f0XgTvHzZXOd9GkL24/QjB4bK7v2A9m verified
2020-07-04 18:33:56,137 INFO  com.example.AuthService.service.UserService [http-nio-8080-exec-9] AccessToken generated for user $2a$10$VcCRMVNuZ8/6n56htMbKve/ZDDJ4d8vSQ1a7J5OTTTxMTytCFndNi
2020-07-04 18:35:37,002 INFO  org.springframework.boot.SpringApplication [main] No active profile set, falling back to default profiles: default
2020-07-04 18:35:41,674 INFO  org.springframework.boot.StartupInfoLogger [main] Started AuthServiceApplication in 5.723 seconds (JVM running for 6.429)
2020-07-04 18:36:01,834 INFO  com.example.AuthService.service.UserService [http-nio-8080-exec-1] User $2a$10$IIcWKWyO0yUZoziwXm0bVu6vf4PijjE8ZFDukW0Q85vaz.KRJa4Va verified
2020-07-04 18:36:01,927 INFO  com.example.AuthService.service.UserService [http-nio-8080-exec-1] AccessToken generated for user $2a$10$16Virr/Lm08XN8YZ0Kt5g.7EG0DXKJUVx023zY.cBpBJC7y2mpfIC
2020-07-04 18:36:32,150 INFO  com.example.AuthService.service.UserService [http-nio-8080-exec-2] User successully registrated with email $2a$10$xOGpO0IF8PbIOzuTUaHfU.UyroSivS6rNjVvKkHjMBs74FA3V6zZq
2020-07-04 18:36:37,365 INFO  com.example.AuthService.controller.UserController [http-nio-8080-exec-3] Successfull auth $2a$10$uQgP.Qy5tEtqsKp01/7gjO3gRdlgX3I28QVcOTIxIb/2d2wsiRcyy
2020-07-04 18:36:37,887 INFO  com.example.AuthService.service.UserService [http-nio-8080-exec-4] User $2a$10$fJZHQyH8iK6RPwZ/FoOgf.G8eaK.CtE0WCNs2zGU0vXOFfL1IpFrS verified
2020-07-04 18:36:37,968 INFO  com.example.AuthService.service.UserService [http-nio-8080-exec-4] AccessToken generated for user $2a$10$wrhxVv3Wf6UMc73Tl7NX0.nUL1I6Z5sumWhcVR9R7RnbgruXY9FIW
2020-07-04 18:36:39,044 INFO  com.example.AuthService.service.UserService [http-nio-8080-exec-5] User $2a$10$4UT0FntoU.MJ2iUvJX3JCuSX.iMf7OHTRj91JRX7ASy/WBk7dD9Xm verified
2020-07-04 18:36:39,133 INFO  com.example.AuthService.service.UserService [http-nio-8080-exec-5] AccessToken generated for user $2a$10$4x88k8BggMz5m/uA/RkkOeRh.1y3N1WSk16DlXkji8Buxv/o7d9HS
2020-07-04 18:36:41,211 INFO  com.example.AuthService.service.UserService [http-nio-8080-exec-6] User $2a$10$k8C.OtfObD3icSZ3EsIJ0e.fxvp7zKpZ39i4JLofPzwXxGA5Q2puO verified
2020-07-04 18:36:41,292 INFO  com.example.AuthService.service.UserService [http-nio-8080-exec-6] AccessToken generated for user $2a$10$xOhpVXrx8eBdI2EWPBHx1.ScBmzN6xZhrCLlIMLCEmAEVyVfUfMpS
2020-07-04 18:36:55,440 INFO  com.example.AuthService.service.UserService [http-nio-8080-exec-8] User $2a$10$jmPruka3dntHPkQhnTqbK.t0nMCM7Jx.6PaBtrHBCyHXojADtFsr6 verified
2020-07-04 18:36:55,521 INFO  com.example.AuthService.service.UserService [http-nio-8080-exec-8] AccessToken generated for user $2a$10$WSRhdNwZ9yj9IAKyk4l8iOJJ/Sh4aLW9Sm6SDVlSzqy8cLG9Nl1r6
2020-07-04 18:37:09,738 INFO  com.example.AuthService.service.UserService [http-nio-8080-exec-10] User $2a$10$0tuiRSY/kyS8QkGzXgFn6OESsubRIKfcBjYIZyLD16FYWlaETikLm verified
2020-07-04 18:37:09,821 INFO  com.example.AuthService.service.UserService [http-nio-8080-exec-10] AccessToken generated for user $2a$10$2lmHwvj0IDQjcXXT.5yEQ.bRa3kReqQlXhGjYO.shtMl56kCkkxa.
2020-07-04 18:37:12,536 INFO  com.example.AuthService.service.UserService [http-nio-8080-exec-1] User $2a$10$p1Xtz7XXW3g0XeTV0S47oeifoBJ1Bcm3OmACMh3D/nBRy9US9F7w2 verified
2020-07-04 18:37:12,618 INFO  com.example.AuthService.service.UserService [http-nio-8080-exec-1] AccessToken generated for user $2a$10$.ao5TeYWjCF7UwTxeItF9ecDb25JzrDKRQZZj6RpXgH8Gn5DDD7T.
2020-07-04 18:37:17,957 INFO  com.example.AuthService.service.UserService [http-nio-8080-exec-2] User $2a$10$lQomeyz7NeGxXQVjvuDjpu8TcMsPkoHVqVuyXnoFHBm4EKM8Qx6o2 verified
2020-07-04 18:37:18,052 INFO  com.example.AuthService.service.UserService [http-nio-8080-exec-2] AccessToken generated for user $2a$10$fZRAb7kDbSDQ4E.cBhmW5uaIXVJFvgHYIs/aTAdrShRTyj4eJgXgO
2020-07-04 18:37:21,104 INFO  com.example.AuthService.service.UserService [http-nio-8080-exec-3] User $2a$10$GViMsDzlXa47EYnwO6Jc2u1rsjYF/7.WeiofIWejNqG6jq7in9sBW verified
2020-07-04 18:37:21,185 INFO  com.example.AuthService.service.UserService [http-nio-8080-exec-3] AccessToken generated for user $2a$10$rYqlCSjDQ56b/U0mkCPhhO416/AOp216TcoNpnWIuvxVDXZhY4n5W
2020-07-04 18:37:36,136 INFO  com.example.AuthService.service.UserService [http-nio-8080-exec-5] User $2a$10$T9lrUmWM0H2eMI3Bcrn5UusRKVnnMTsyAk9QmO.n9Vbmc2JaE37/y verified
2020-07-04 18:37:36,216 INFO  com.example.AuthService.service.UserService [http-nio-8080-exec-5] AccessToken generated for user $2a$10$7mdFevzegQjgx/ZG6htByO6vVRDG5pDYzqz8PIWVVDu7aY7Y3q9EG
2020-07-04 18:37:36,359 INFO  com.example.AuthService.service.UserService [http-nio-8080-exec-7] User $2a$10$OVMl/vmPSyPD64Imcl.truHAswVdioaEeuqx5nF1V1s1VJSmsqpIm verified
2020-07-04 18:37:36,439 INFO  com.example.AuthService.service.UserService [http-nio-8080-exec-7] AccessToken generated for user $2a$10$r2z2JfkUX6CvPdCvczoNcuEsAGLcmuDWmGYPVnS5V8kjAnfaYX6AO
2020-07-04 18:39:02,761 INFO  com.example.AuthService.controller.UserController [http-nio-8080-exec-2] Successfull auth $2a$10$6gHUQ4NZhISY1KMc9KU4Quwe8Z6Ty38MaXgQXjBFxjGOjrcCkR4Qm
2020-07-04 18:39:03,295 INFO  com.example.AuthService.service.UserService [http-nio-8080-exec-1] User $2a$10$6Wfip2YweuOjwqRk3wZqce6w2RmD9jtSwZiBoP2sNf65ghthlMJ1a verified
2020-07-04 18:39:03,377 INFO  com.example.AuthService.service.UserService [http-nio-8080-exec-1] AccessToken generated for user $2a$10$cSKMpYyo/fGml6EYFVfYNuYfz40Asfm7ID1FYmC/znUX32YmTapwS
2020-07-04 18:46:13,447 INFO  org.springframework.boot.SpringApplication [main] No active profile set, falling back to default profiles: default
2020-07-04 18:46:18,192 INFO  org.springframework.boot.StartupInfoLogger [main] Started AuthServiceApplication in 5.74 seconds (JVM running for 6.445)
2020-07-04 18:48:15,463 INFO  org.springframework.boot.SpringApplication [main] No active profile set, falling back to default profiles: default
2020-07-04 18:48:20,099 INFO  org.springframework.boot.StartupInfoLogger [main] Started AuthServiceApplication in 5.633 seconds (JVM running for 6.331)
2020-07-04 18:48:45,244 INFO  com.example.AuthService.service.UserService [http-nio-8080-exec-1] User successully registrated with email $2a$10$KTUlf8gkNUE6WnjI/krbPuPxOmPG0WymnJa.85Bl/4XhMjJN/uMtK
2020-07-04 18:48:56,072 INFO  com.example.AuthService.controller.UserController [http-nio-8080-exec-2] Successfull auth $2a$10$XAxgDAxEcPlzn8yVRx1pluZhoa7zW3hp/h6dtULZudV5e1fx99F9a
2020-07-04 18:48:56,376 INFO  com.example.AuthService.service.UserService [http-nio-8080-exec-3] User $2a$10$qks/0x.equJGV4qP0nE3cOngRf31UyLqeYnZf6yUEc3PZoflPZ/L2 verified
2020-07-04 18:48:56,458 INFO  com.example.AuthService.service.UserService [http-nio-8080-exec-3] AccessToken generated for user $2a$10$vx9W0CRLpS10echFUkhrIOVUVN779AR7rn7hcDiMZk5sr9MWMrd3K
2020-07-04 18:49:05,069 INFO  com.example.AuthService.service.UserService [http-nio-8080-exec-5] User $2a$10$uEKVGd93JXJ5AsqfrEDy2.Y8GjPny7q6l6PWD32gJdK.2AAFBtKfi verified
2020-07-04 18:49:05,149 INFO  com.example.AuthService.service.UserService [http-nio-8080-exec-5] AccessToken generated for user $2a$10$ZTghhuyZxS7xx3zTF0OM3uNrKPkgrgogxxtNtCEwwBmq5oDPDvVYa
2020-07-04 18:49:06,607 INFO  com.example.AuthService.service.UserService [http-nio-8080-exec-4] User $2a$10$4fF8OI8LthekD1ctxddbjen.fAQozZ5rlZvVt/iuy35ad0p1u49SK verified
2020-07-04 18:49:06,687 INFO  com.example.AuthService.service.UserService [http-nio-8080-exec-4] AccessToken generated for user $2a$10$GB0foLmkz0ewW2ur1tvxA.8.iaQHSDTFm.5hlGimAp.TBlzmdExuG
2020-07-04 18:49:33,983 INFO  com.example.AuthService.service.UserService [http-nio-8080-exec-7] User $2a$10$fEcRO9Q1TRh5ZfOR7c7Uze9RqG8MhfDyelcGm5OCrcpEz8UgCCvgS verified
2020-07-04 18:49:34,063 INFO  com.example.AuthService.service.UserService [http-nio-8080-exec-7] AccessToken generated for user $2a$10$DNbAcA1Tth/5bqrSrf1RpeduN2VvYqtKSyO0Ykke9fLZhOMloaKZe
2020-07-04 18:49:34,227 INFO  com.example.AuthService.service.UserService [http-nio-8080-exec-8] User $2a$10$fo1LxHOZPRVo7JBJxhyODObcvGGI0h.u2/SJfNp7LQ/z0KJdvSznq verified
2020-07-04 18:49:34,306 INFO  com.example.AuthService.service.UserService [http-nio-8080-exec-8] AccessToken generated for user $2a$10$VEYOZ3x1DObJC0lU/b2TA.1.u5SAKTuj0OxhiSVijbl4UJQ86y6Vy
2020-07-04 18:49:50,557 INFO  com.example.AuthService.controller.UserController [http-nio-8080-exec-2] Successfull auth $2a$10$nzOGskp766nfTO2ALEdMc.SvmlI/4y61.KSJKBwtjeahHtBdvb1HK
2020-07-04 18:49:50,830 INFO  com.example.AuthService.service.UserService [http-nio-8080-exec-3] User $2a$10$DuPIV4xVDuyadxJqUy6B4On8Tz5yMP6Tt5sQZQCOuNwXIpwK7oj.K verified
2020-07-04 18:49:50,910 INFO  com.example.AuthService.service.UserService [http-nio-8080-exec-3] AccessToken generated for user $2a$10$97uNXtDPn6h8vtHMA.JWjeLMWfiQfd3J2GPdRV56g/tviMPzyEF4C
2020-07-04 18:51:21,334 INFO  org.springframework.boot.SpringApplication [main] No active profile set, falling back to default profiles: default
2020-07-04 18:51:26,058 INFO  org.springframework.boot.StartupInfoLogger [main] Started AuthServiceApplication in 5.733 seconds (JVM running for 6.45)
2020-07-04 18:51:46,454 INFO  com.example.AuthService.service.UserService [http-nio-8080-exec-1] User successully registrated with email $2a$10$L13D7gs9r0sgsfjL9l5Cu.hf9IIl1bpWKYQDUXaBwu73T1D6PurIq
2020-07-04 18:51:50,887 INFO  com.example.AuthService.controller.UserController [http-nio-8080-exec-2] Successfull auth $2a$10$gNku73NNsSnkmgOvR6Fk..rnB33xC2FlNrt5RETKdf2JGTXPhE606
2020-07-04 18:51:51,485 INFO  com.example.AuthService.service.UserService [http-nio-8080-exec-3] User $2a$10$8Sjw9Z31fZPXNyaEgwAPX.F86hqaaKy5cwqwiDaacTlNF1.NVSsx6 verified
2020-07-04 18:51:51,567 INFO  com.example.AuthService.service.UserService [http-nio-8080-exec-3] AccessToken generated for user $2a$10$YvgWKxTnIja3G684BALumuy1XIHUgdWdf3jBg32IIsij8QUiLWh8C
2020-07-04 18:51:53,857 INFO  com.example.AuthService.service.UserService [http-nio-8080-exec-4] User $2a$10$/Qcfn4eX7.n5zomBvfrCCu/JsoPgOs8tS5iitQukFzhVUt17INHsK verified
2020-07-04 18:51:53,937 INFO  com.example.AuthService.service.UserService [http-nio-8080-exec-4] AccessToken generated for user $2a$10$OcBz5Nh98vP1kpjn2wVyq.itAhH/aLh2G.wXQmZ39Bnh.0xYA.tDu
2020-07-04 18:51:55,516 INFO  com.example.AuthService.service.UserService [http-nio-8080-exec-5] User $2a$10$ahFOSbgoj4/jQKphZfu5nua4jMNS7i4st/4cSNlDAgxWxVz7n45em verified
2020-07-04 18:51:55,596 INFO  com.example.AuthService.service.UserService [http-nio-8080-exec-5] AccessToken generated for user $2a$10$/APZ5l77ypnwSYcvB.Cu7eQgqjOMpJfpIBllUhcx/GiXuGm5riILa
2020-07-04 18:52:00,392 INFO  com.example.AuthService.service.UserService [http-nio-8080-exec-7] User $2a$10$mSuqx16A70KNw4VZcPhJcepXUsrGxg/10R537VsvKlJN57GamLbC. verified
2020-07-04 18:52:00,472 INFO  com.example.AuthService.service.UserService [http-nio-8080-exec-7] AccessToken generated for user $2a$10$VPpmHeess/0jawiaunZ4TOqdlSOLsw7H50py7EY1EIbBnDtEwYP1q
2020-07-04 18:52:00,909 INFO  com.example.AuthService.service.UserService [http-nio-8080-exec-9] User $2a$10$MgLqViZ3frPrPs.7C/IK6.82oxPJGxZAGYvk1wu80MFA5nY7Zk.7a verified
2020-07-04 18:52:00,989 INFO  com.example.AuthService.service.UserService [http-nio-8080-exec-9] AccessToken generated for user $2a$10$tTZj4t9lB3p0d.1/NaQlSOhKCFaf6MfG4FFBcuWv0myCfFoAe.FkK
2020-07-04 18:52:12,443 INFO  com.example.AuthService.service.UserService [http-nio-8080-exec-1] User $2a$10$PraeIFtsj7Mt7eRPILYgIejggWQNkOugQ0JS7eZRCtXNL7Zg4dEFm verified
2020-07-04 18:52:12,523 INFO  com.example.AuthService.service.UserService [http-nio-8080-exec-1] AccessToken generated for user $2a$10$U6HISkmhp8LQngDaseJ0KeiY19.XWxjC0zmMbeSbcEQMk/HzISRjG
2020-07-04 18:52:18,211 INFO  com.example.AuthService.service.UserService [http-nio-8080-exec-2] User $2a$10$aOt1ZeAwLVhChvzwtiADS.VxCj8HUWbJrTcyJj9WqDaaVWnIgj9Fe verified
2020-07-04 18:52:18,291 INFO  com.example.AuthService.service.UserService [http-nio-8080-exec-2] AccessToken generated for user $2a$10$QQM5gn/NK63SLNvOdPJr7e98o4Lj.yRXiWssF7TkkwUX5S7zMqhKu
2020-07-04 18:52:24,071 INFO  com.example.AuthService.service.UserService [http-nio-8080-exec-4] User $2a$10$5L/Dc/x4KNnBO4EucMv90uDY0Ir/V.NYM1xOSyKz6ENstMd.ByDfW verified
2020-07-04 18:52:24,152 INFO  com.example.AuthService.service.UserService [http-nio-8080-exec-4] AccessToken generated for user $2a$10$EnMnUO0ySNEhzKdLABUymuaWEfirqmbb4/ITemZsgk1MX5VpPchwG
2020-07-04 18:52:24,582 INFO  com.example.AuthService.service.UserService [http-nio-8080-exec-6] User $2a$10$q32CTCTS3lfXYIMuV82B0.jwFxvdhR.93KTY9uHKVTOLeZB0jSIl2 verified
2020-07-04 18:52:24,661 INFO  com.example.AuthService.service.UserService [http-nio-8080-exec-6] AccessToken generated for user $2a$10$UQ7BXo95hwAED212x/uY2..2ELZfql71JRGpwbxliQE7VhKUk4xtG
2020-07-04 18:53:18,987 INFO  com.example.AuthService.service.UserService [http-nio-8080-exec-5] User $2a$10$MMj34fBq2BmMEpFczYGhd.AX74i798WKC1twBR75nFNtp2CV5FMS. verified
2020-07-04 18:53:19,068 INFO  com.example.AuthService.service.UserService [http-nio-8080-exec-5] AccessToken generated for user $2a$10$dvjn/7vQ0pmJ6QPUcsxoqOtn3lxL0HeBl8c02Hl4NEu5eN9ABsZse
2020-07-04 18:53:19,239 INFO  com.example.AuthService.service.UserService [http-nio-8080-exec-1] User $2a$10$QufnQRXkr93HG/FtEzlP8Oh.Pa3nZVfY6zl3LKtRpJ/JgLWEc9ZMO verified
2020-07-04 18:53:19,319 INFO  com.example.AuthService.service.UserService [http-nio-8080-exec-1] AccessToken generated for user $2a$10$bgd4ta/c7OLiDRSEmozrc.euQ4Fuc4kRSfkzACigtRN4VpyKlep2C
2020-07-04 18:55:08,749 INFO  com.example.AuthService.controller.UserController [http-nio-8080-exec-3] Successfull auth $2a$10$3016X/RETbUwn/8Nvic82OVM3.gAL45bZV8wogkeiAy.4PQJm9z/W
2020-07-04 18:55:09,071 INFO  com.example.AuthService.service.UserService [http-nio-8080-exec-7] User $2a$10$oZ46Cdntb8RiCd3FSR1jduMvXyAZtB9g.S52IUSQaLPEaBgkgcm1C verified
2020-07-04 18:55:09,152 INFO  com.example.AuthService.service.UserService [http-nio-8080-exec-7] AccessToken generated for user $2a$10$4FE.9bn.rp12KfcOKtljheukyVsLculVTeuaBKi4wP3TNbkyK8lya
2020-07-04 19:04:20,823 INFO  com.example.AuthService.service.UserService [http-nio-8080-exec-1] User $2a$10$ON50rV/dyNd9GdQOKpbTYezdhGoE1RsYcxBc1MjdMIjkMC5Nzem7W verified
2020-07-04 19:04:20,905 INFO  com.example.AuthService.service.UserService [http-nio-8080-exec-1] AccessToken generated for user $2a$10$/uMeqWXre5vBGj5NtAefJ.LZ0RzxLMvkRFmdLVNa5HD9slLFtJaXG
2020-07-04 19:05:07,663 INFO  com.example.AuthService.service.UserService [http-nio-8080-exec-3] User $2a$10$PzeeVRBw1egUyNh2LTh.cuhDge3mkj2zCOlbjNlAzCif/f/02Ce8u verified
2020-07-04 19:05:07,747 INFO  com.example.AuthService.service.UserService [http-nio-8080-exec-3] AccessToken generated for user $2a$10$pGOHimpl3PXiEX0phaWQHOc7MzApM2wd9aEMbrsEqsXT35aug1Z6G
2020-07-04 19:05:20,046 INFO  com.example.AuthService.service.UserService [http-nio-8080-exec-1] User $2a$10$YHHto.1GPBFWkbs46/G6tuRcam.0aPPALJ32P6VJejKSvRJ/XxgDO verified
2020-07-04 19:05:20,137 INFO  com.example.AuthService.service.UserService [http-nio-8080-exec-1] AccessToken generated for user $2a$10$7RK9N0LdGmi5k87Qz1jV.e7GRftieI/EC.xyW4OkFrOpC93/2X8ei
2020-07-04 19:05:36,166 INFO  com.example.AuthService.service.UserService [http-nio-8080-exec-2] User $2a$10$aYpiemex2th0/6uGq4a8nuhOa1QYA48C3A5kjt.P51NWHqQ7CkAN. verified
2020-07-04 19:05:36,253 INFO  com.example.AuthService.service.UserService [http-nio-8080-exec-2] AccessToken generated for user $2a$10$9PlH3j8ZWUoelHDp4kjjl.WA3BGtEIeaMsvv/Ov5Jue1JZ75Ogw7i
2020-07-04 19:05:47,216 INFO  com.example.AuthService.service.UserService [http-nio-8080-exec-8] User $2a$10$HwiHAM3Tx9eEhMrhxYw70OIqYCp1dTi.FJS15nf6YXzbAVx7Jjvcq verified
2020-07-04 19:05:47,301 INFO  com.example.AuthService.service.UserService [http-nio-8080-exec-8] AccessToken generated for user $2a$10$EbYAMrIAonM6CRRdkoZQ3./p7FeDhdcRCih7l/DxiRi6T58CDsNI6
2020-07-04 19:05:56,937 INFO  com.example.AuthService.service.UserService [http-nio-8080-exec-10] User $2a$10$Zdogz2fMFUeiLes4CEwfd.5qztU27m20riP6t102VY.FHASMgCnna verified
2020-07-04 19:05:57,025 INFO  com.example.AuthService.service.UserService [http-nio-8080-exec-10] AccessToken generated for user $2a$10$8/iK2lcGJpX1JpoYuhVA0ug.ndw7DAlAMDWcHRgwNfUrwqw0NS01y
2020-07-04 19:07:25,859 INFO  com.example.AuthService.service.UserService [http-nio-8080-exec-6] User $2a$10$KmNtBU8tyjr3bCdoESKveuEvHpq222XeaNBvGX1Tk9vymE7KLsryC verified
2020-07-04 19:07:25,943 INFO  com.example.AuthService.service.UserService [http-nio-8080-exec-6] AccessToken generated for user $2a$10$VdQJ3JC//uHmMJUUwegkOu7FUxB3DEdKtEpLMNfLr74Yo/SnXYuUu
2020-07-04 19:08:02,550 INFO  com.example.AuthService.service.UserService [http-nio-8080-exec-3] User $2a$10$ICLdRD6XQWFGB8dBbE6SauJYpZEloeJSXJ7fCNZjBiGIRjrBtwOZO verified
2020-07-04 19:08:02,636 INFO  com.example.AuthService.service.UserService [http-nio-8080-exec-3] AccessToken generated for user $2a$10$X/kzLBJn9VpROWKMFSd0vOGW.dlsQvg8Nafd8fQYf58jWy44xUCaO
2020-07-04 19:09:00,706 INFO  com.example.AuthService.service.UserService [http-nio-8080-exec-5] User $2a$10$Cjs32RZvG1cLXHNvgv2OpONRwf0WHQgdEoeMalrWTn/mIPplV2k0C verified
2020-07-04 19:09:00,790 INFO  com.example.AuthService.service.UserService [http-nio-8080-exec-5] AccessToken generated for user $2a$10$X8y0nnqcVXaBw44k3TevleUn0rNlVhQJw0duUs2wEh1k9PHNq/LoK
2020-07-04 19:11:30,117 INFO  com.example.AuthService.service.UserService [http-nio-8080-exec-4] User $2a$10$iJOPUeGfaauzTN9ujnRBcu9aqekQ1l4PoJXfdf1DO7UW6byvCPLMC verified
2020-07-04 19:11:30,198 INFO  com.example.AuthService.service.UserService [http-nio-8080-exec-4] AccessToken generated for user $2a$10$lpOZqz5gUClqDlSdaOwbMeOFoz/5au0rreTeGuuKUf3FDKJmSpQwa
2020-07-04 19:12:12,003 INFO  com.example.AuthService.service.UserService [http-nio-8080-exec-1] User $2a$10$dbgaT.h0oCJgvMo6lUPE9uWlFUL5G.4aEAm1Zem5/j0WLUUo42iNq verified
2020-07-04 19:12:12,086 INFO  com.example.AuthService.service.UserService [http-nio-8080-exec-1] AccessToken generated for user $2a$10$vqmtd0iWI8YFc9.14je8mO65xvtTwa386tZM3F/D5.l1hKpTqTX9O
2020-07-04 19:14:00,270 INFO  com.example.AuthService.service.UserService [http-nio-8080-exec-8] User $2a$10$6tFSfZECA6qdcTZPUnRvvupHwzPmCFVEm3osa.YYh5yfUzXQjynGa verified
2020-07-04 19:14:00,352 INFO  com.example.AuthService.service.UserService [http-nio-8080-exec-8] AccessToken generated for user $2a$10$6XYVVlqCwBxRww9GsA0dHOU6q3nrCzmYSZGGhewDNNL9lAai1UEFa
2020-07-04 19:14:11,691 INFO  com.example.AuthService.service.UserService [http-nio-8080-exec-10] User $2a$10$XhgUG7b2PpQPzLAJ/eMYIuCQqa3qz0nDEC8MoZYNBMhRwIixPjz2C verified
2020-07-04 19:14:11,772 INFO  com.example.AuthService.service.UserService [http-nio-8080-exec-10] AccessToken generated for user $2a$10$8Z1gEdzRqT9.mrOrfPuplO8JMPoI3PbjLwHsYiVCtttGiHP87AwsK
2020-07-04 19:14:23,803 INFO  com.example.AuthService.service.UserService [http-nio-8080-exec-9] User $2a$10$KxJkfZEboK67ujiiXV.wsObNFUWyeWSi64nAA1QQ4WDcDnnU4M7Dq verified
2020-07-04 19:14:23,884 INFO  com.example.AuthService.service.UserService [http-nio-8080-exec-9] AccessToken generated for user $2a$10$Y7bfC7h3F6RCr4kxKpMOsOXG.d1Hr30cIocK5UpnuLW/0Y1M8ueHq
2020-07-04 19:18:50,385 INFO  com.example.AuthService.service.UserService [http-nio-8080-exec-3] User $2a$10$X0S10fPA5DwRHXH2IfgcnuGF8lIALDRVnNeqlZ1kjSo3A7er0t/PG verified
2020-07-04 19:18:50,467 INFO  com.example.AuthService.service.UserService [http-nio-8080-exec-3] AccessToken generated for user $2a$10$kE4h04luGua9nAfGT4hC7eOqIIT0rmJoZBqVkqDY7QJHrSuJybgJW
2020-07-04 19:19:05,947 INFO  com.example.AuthService.service.UserService [http-nio-8080-exec-5] User $2a$10$tGVgedpe3XCyMpZh4LKP9O3cXO3Lwb79xgRR5kfhur2LsT11BxoL. verified
2020-07-04 19:19:06,034 INFO  com.example.AuthService.service.UserService [http-nio-8080-exec-5] AccessToken generated for user $2a$10$PU2LOiaqt8erIBWbwHcP3.QdriXkGLYHD7rvg.bMTw4axcg7P/R8e
2020-07-04 19:20:36,571 INFO  com.example.AuthService.service.UserService [http-nio-8080-exec-4] User $2a$10$PIS8mdy3Lx1a3WHKq9Ou8eNGfxqRK04xVGjdXYRRIMhCwKABj.EBC verified
2020-07-04 19:20:36,669 INFO  com.example.AuthService.service.UserService [http-nio-8080-exec-4] AccessToken generated for user $2a$10$9lo2o0nzDvr6XH.eJyIxMOEngWVc1Yd7Uh/r2PJWbnandPdjUWXrS
2020-07-04 19:20:43,901 INFO  com.example.AuthService.service.UserService [http-nio-8080-exec-1] User $2a$10$PzRMedHd5Hr.7kEsYjs0geiDxarH8/ZuiY9O0ljAO8yxgugx0NiQm verified
2020-07-04 19:20:43,987 INFO  com.example.AuthService.service.UserService [http-nio-8080-exec-1] AccessToken generated for user $2a$10$SOxZJil6Qb7DxMDngx9e7eahbU7OveLYmk6DiPCYLIbv.4cH62BNu
2020-07-04 19:20:49,091 INFO  com.example.AuthService.service.UserService [http-nio-8080-exec-2] User $2a$10$GNUgqqh3pj7gWyv.O1/bKuypw/BoVLMRGelAlojC31NU8xjJbbkmq verified
2020-07-04 19:20:49,175 INFO  com.example.AuthService.service.UserService [http-nio-8080-exec-2] AccessToken generated for user $2a$10$tVCAOQ2x2Cg7ORv68r3rYep6MRb3iP.3qbL/tLpYFdUUcKNeiDoIu
2020-07-04 19:21:40,562 INFO  com.example.AuthService.service.UserService [http-nio-8080-exec-8] User $2a$10$nZMZLOvtaarezs/RdPjFNutYSOrgGuXkqL7Mg8V0YQ1eudPkpRK2C verified
2020-07-04 19:21:40,646 INFO  com.example.AuthService.service.UserService [http-nio-8080-exec-8] AccessToken generated for user $2a$10$z8jCfgpQuPhId2LCFx9P3uHlz1bY6xNrRn9KDZ1HLh//JUGYb9YCK
2020-07-04 19:21:56,433 INFO  com.example.AuthService.service.UserService [http-nio-8080-exec-10] User $2a$10$VDv1FofXHn2kRFeq0vpZUuXFrhhVyEs/ABex0bJFeYKwErS.yPLxO verified
2020-07-04 19:21:56,553 INFO  com.example.AuthService.service.UserService [http-nio-8080-exec-10] AccessToken generated for user $2a$10$Tln7slNpbU71Cg4cU1R9C.HwVuAfN8dWEb/O7sBk65XKf1HL.plB6
2020-07-04 19:22:19,816 INFO  com.example.AuthService.service.UserService [http-nio-8080-exec-9] User $2a$10$FK0ugtNRMpFBQ6Y6Y8.5W.zF5Kl00RiD7Xr0YW3U.tRx/zB.WCe3i verified
2020-07-04 19:22:19,908 INFO  com.example.AuthService.service.UserService [http-nio-8080-exec-9] AccessToken generated for user $2a$10$1x/BYynNOFZfxMLBVyUR4.gxg1r8lgnumNtmiF65KDl3hoOaudIwy
2020-07-04 19:22:25,303 INFO  com.example.AuthService.service.UserService [http-nio-8080-exec-6] User $2a$10$4df2LsQ9qM0MvNPII/djD.FqgEcsBpWnu1r8rUmA8csIGUZKc6/na verified
2020-07-04 19:22:25,395 INFO  com.example.AuthService.service.UserService [http-nio-8080-exec-6] AccessToken generated for user $2a$10$bd71DKqfiVLJeLdKIAaIoulDaOn/lUafy8titgzSTFSiZd18ZdA9.
2020-07-04 19:25:22,251 INFO  com.example.AuthService.service.UserService [http-nio-8080-exec-5] User $2a$10$oInL6pYpcie9NZ8b42LjtOEY1aquJm7zjl2aONUvx7Hm92/HfIR8a verified
2020-07-04 19:25:22,349 INFO  com.example.AuthService.service.UserService [http-nio-8080-exec-5] AccessToken generated for user $2a$10$gQbaIOVxrjzOUZq14uAyReXmMT1ynB41TLFVCIS5uj0AWatrrYona
2020-07-04 19:25:42,067 INFO  com.example.AuthService.service.UserService [http-nio-8080-exec-7] User $2a$10$v523emRv5jt.uI2zVB1dA.kF8yrBQ3HSNQw0E//t8Evx4gsVhAZnm verified
2020-07-04 19:25:42,156 INFO  com.example.AuthService.service.UserService [http-nio-8080-exec-7] AccessToken generated for user $2a$10$sHI0u3U6bnlYDZ53nOcoY.2G0ysc/Hc9DceUlL3kqeMZ0ZNSUkzO2
2020-07-04 19:25:53,433 INFO  com.example.AuthService.service.UserService [http-nio-8080-exec-4] User $2a$10$O/P5wGhFsWPguuKSw8eLZeRsFVLB17Wnfo9TlLu/.YvQIvoE9BBQO verified
2020-07-04 19:25:53,539 INFO  com.example.AuthService.service.UserService [http-nio-8080-exec-4] AccessToken generated for user $2a$10$TZIFZN1cCVjxsC0kQE7lCOcCvxuEuqxiK3Yvc.5RaHnPq06BEJD7e
2020-07-04 19:26:09,008 INFO  com.example.AuthService.service.UserService [http-nio-8080-exec-1] User $2a$10$d6Dc66ziEuglo1zymvSBauqNTxqQ7Drb4pIdOuhySwo1HoSRCmleK verified
2020-07-04 19:26:09,094 INFO  com.example.AuthService.service.UserService [http-nio-8080-exec-1] AccessToken generated for user $2a$10$Jk1KrYd2pVXqKdt02A6J9uL7cymUF34s4gjRKLau7Yg4CoAzz.d42
2020-07-04 19:26:48,581 INFO  com.example.AuthService.service.UserService [http-nio-8080-exec-2] User $2a$10$OCREwnk6cC4zfy8ibOyBhuLPPS1Ro.yEHZiecRXiMvh30lrsV2neq verified
2020-07-04 19:26:48,663 INFO  com.example.AuthService.service.UserService [http-nio-8080-exec-2] AccessToken generated for user $2a$10$wjQBygWRoaHkbqlTrNivyeJNueKeeXi.qhbNfnVNGOJiKfXpKfBse
2020-07-04 19:27:00,434 INFO  com.example.AuthService.service.UserService [http-nio-8080-exec-8] User $2a$10$mTn8eE6/3A4Z/Y5Po1mLyOQ6w6fvfYKyPeiLsY78R43qNBJWVUEBG verified
2020-07-04 19:27:00,538 INFO  com.example.AuthService.service.UserService [http-nio-8080-exec-8] AccessToken generated for user $2a$10$n2zAm.qkTY5A1MuawHAQ0OOhMPsoCyJbarhPdjYChCeF8IaPboOGu
2020-07-04 19:27:13,776 INFO  com.example.AuthService.service.UserService [http-nio-8080-exec-10] User $2a$10$aEccZTFS2xlhBxagH5wpnuZyYxw6lOJO3Y0PFl4jTItLjLqTvQ53C verified
2020-07-04 19:27:13,863 INFO  com.example.AuthService.service.UserService [http-nio-8080-exec-10] AccessToken generated for user $2a$10$lTGzlF75HDeG3F2zY0SI3ujWlFU5nYUNG21iGCt/Yao6O60LUgaZa
2020-07-04 19:27:21,036 INFO  com.example.AuthService.service.UserService [http-nio-8080-exec-9] User $2a$10$iadHn5iByr26ZEbb7ShBp.LsghLbmgvmGx7nXh3DnvEgoG12KAgsu verified
2020-07-04 19:27:21,124 INFO  com.example.AuthService.service.UserService [http-nio-8080-exec-9] AccessToken generated for user $2a$10$6jgn4rz4A73cfx1wuhJv0uSsFuKd2SuRGMAdRmYsOBEjETx9ZLsYS
2020-07-04 19:27:32,356 INFO  com.example.AuthService.service.UserService [http-nio-8080-exec-6] User $2a$10$soCLB38f3YMXxN39VsBo4.cDW/JnUEdX6jlF5hPSzsE42SCTO6oXC verified
2020-07-04 19:27:32,447 INFO  com.example.AuthService.service.UserService [http-nio-8080-exec-6] AccessToken generated for user $2a$10$u6K2OiVy3OWUGhytwptCUO9nYgX6BAZnNwruVvr0PU8jBf73i4Ov2
2020-07-04 19:27:40,673 INFO  com.example.AuthService.service.UserService [http-nio-8080-exec-3] User $2a$10$TVx.pPoNGMz566Lk4BIaG.jWrr2Gy/mU3Axn9f80M62xM5Q080SP6 verified
2020-07-04 19:27:40,768 INFO  com.example.AuthService.service.UserService [http-nio-8080-exec-3] AccessToken generated for user $2a$10$9XtEnpDp7fCOGBBlrXNUIuRdxuHMXYDm6IN0f6uTJXh7RD9ROLzMS
2020-07-04 19:27:47,301 INFO  com.example.AuthService.service.UserService [http-nio-8080-exec-5] User $2a$10$uaQfAktt3LUcuwRgs7bX1OjhGwNJCztuNDyhGBEyF9tjXlRcaVFx2 verified
2020-07-04 19:27:47,386 INFO  com.example.AuthService.service.UserService [http-nio-8080-exec-5] AccessToken generated for user $2a$10$gsbjVBGbvspKvR55Zhq1w.h9ggGK24zyqaLaAb8T08SxKmutPZm0i
2020-07-04 19:28:00,383 INFO  com.example.AuthService.service.UserService [http-nio-8080-exec-7] User $2a$10$hgJl.zuz7lJNQA.eSWFdcuypF2cDPeUhcOfWX.U0VgDoKBdPoaXQ2 verified
2020-07-04 19:28:00,471 INFO  com.example.AuthService.service.UserService [http-nio-8080-exec-7] AccessToken generated for user $2a$10$8wqvXfaoVp0mVht2hb15vugs76kIyNkEpZlnf2OYtNcZ456gHeKkG
2020-07-04 19:28:11,701 INFO  com.example.AuthService.service.UserService [http-nio-8080-exec-4] User $2a$10$W0tfzdQCVPewOOUA/qejfOM/DGELDE4Zp/9lRACb1kQFbE39tz2s. verified
2020-07-04 19:28:11,797 INFO  com.example.AuthService.service.UserService [http-nio-8080-exec-4] AccessToken generated for user $2a$10$E104lt6s0bLP6dRpaqrEs.nRlhmwIuF6A8MK8Te1u2czUSYbyoxxC
2020-07-04 19:28:22,590 INFO  com.example.AuthService.service.UserService [http-nio-8080-exec-1] User $2a$10$SH5aa3KZv9vyOSqhZb.6N.t3.wJ1YXjloo14kMKxBaBCCRiLwjZvW verified
2020-07-04 19:28:22,679 INFO  com.example.AuthService.service.UserService [http-nio-8080-exec-1] AccessToken generated for user $2a$10$OmjySU7DPvRescdFONZUbO2tFZLlCT5BpJ46x6JF20XCzRrp5TVTW
2020-07-04 19:28:51,243 INFO  com.example.AuthService.service.UserService [http-nio-8080-exec-2] User $2a$10$Amf4HWHMpp5FIK1T78wjAOls4yorOYPuEHEfOyxDmLuvGPRzxry3y verified
2020-07-04 19:28:51,343 INFO  com.example.AuthService.service.UserService [http-nio-8080-exec-2] AccessToken generated for user $2a$10$YqjxT.eT2IvNGllyIjZ/P.KnTnKxVmCYD5b6bSDAA4vh4XtFsTXnq
2020-07-04 19:28:57,524 INFO  com.example.AuthService.service.UserService [http-nio-8080-exec-8] User $2a$10$tSiHsi.bE/UR3IydOXG.0.JYkEdHcIKs6jwAkPuRsdM24y0awmgsy verified
2020-07-04 19:28:57,615 INFO  com.example.AuthService.service.UserService [http-nio-8080-exec-8] AccessToken generated for user $2a$10$SCLKMQP.rsbQ0K8FnfqDeetUP8rGcdXtETbTg5a8TfPRgtqCYoQCa
2020-07-04 19:29:06,585 INFO  com.example.AuthService.service.UserService [http-nio-8080-exec-10] User $2a$10$ceR2kxh88rowT8wsK.1eruMBKWjleQOvML1q6ks55p/xLlp0BPtC6 verified
2020-07-04 19:29:06,672 INFO  com.example.AuthService.service.UserService [http-nio-8080-exec-10] AccessToken generated for user $2a$10$4OwnuU6Q11.SGLjx/WfOCeOvdXar/gVz3C9AUMF0rPoLkBLVzqaTS
2020-07-04 19:29:13,804 INFO  com.example.AuthService.service.UserService [http-nio-8080-exec-9] User $2a$10$nm0mu4S8YyZL41kQNN8tX.sn/Qh6sNRzz9w099m.9m6rhuqXSeVUm verified
2020-07-04 19:29:13,906 INFO  com.example.AuthService.service.UserService [http-nio-8080-exec-9] AccessToken generated for user $2a$10$Hf5BbwU.O.nYi5h1gaZzcOO8pDZ7oDFhUjVDrFgD/77sDweXGyyl6
2020-07-04 19:30:04,247 INFO  com.example.AuthService.service.UserService [http-nio-8080-exec-6] User $2a$10$6f9xKxZU/zrgruW/YNDu..NJMkNVJIeRB//g6q99Ts2DU3JFAj6wO verified
2020-07-04 19:30:04,327 INFO  com.example.AuthService.service.UserService [http-nio-8080-exec-6] AccessToken generated for user $2a$10$jINNjDxqK2R2mr24zzYWxuHouK2PgUumBqtx41Q8Zf4H9fcrn/Ptq
2020-07-04 19:30:19,814 INFO  com.example.AuthService.service.UserService [http-nio-8080-exec-3] User $2a$10$V4C2gxg8YAcQFan9YuynvOXf1TWdNRnFwuYfxEFyfR0.cj1GTplqy verified
2020-07-04 19:30:19,895 INFO  com.example.AuthService.service.UserService [http-nio-8080-exec-3] AccessToken generated for user $2a$10$KIyVNYOC2qRtl2p62tM/cuLLZUNqeHVrgv9YwCn4dDjmSGxvAI4YO
2020-07-04 19:30:26,811 INFO  com.example.AuthService.service.UserService [http-nio-8080-exec-5] User $2a$10$DUoePDI9Q6RJA/rlFl6EPeuQp.zmRxtM7aW6hEqrqEB8p9WYHrk.C verified
2020-07-04 19:30:26,890 INFO  com.example.AuthService.service.UserService [http-nio-8080-exec-5] AccessToken generated for user $2a$10$M.HN07wFRqKzGwTkKhWdF.db4iXhrN/PjaJ9cK/vGlCqbK4XJtcyu
2020-07-04 19:30:31,597 INFO  com.example.AuthService.service.UserService [http-nio-8080-exec-7] User $2a$10$lgLJmWmRWQl1iAnT8hfvgexSKZaQQUtY2FPL5.GKlkgPlEFJJDNS. verified
2020-07-04 19:30:31,687 INFO  com.example.AuthService.service.UserService [http-nio-8080-exec-7] AccessToken generated for user $2a$10$ycdAo.VkhuU1CkHtBbopzOhHW.tzg8./S3ThgnkvmzgkXQKZUm3Cy
2020-07-04 19:31:15,254 INFO  com.example.AuthService.service.UserService [http-nio-8080-exec-4] User $2a$10$39YM8Iy02Abhc4Gr7zlcU.iXT2HK9bmDuYOnCFh1d.a1n7HBq5xPy verified
2020-07-04 19:31:15,335 INFO  com.example.AuthService.service.UserService [http-nio-8080-exec-4] AccessToken generated for user $2a$10$AjoNZAZUokfKbAsdy.LyZeJYa9DZhY5o5.gFCv.7dqI0QlnMlWawG
2020-07-04 19:31:18,659 INFO  com.example.AuthService.service.UserService [http-nio-8080-exec-1] User $2a$10$zN4/2B02ZTQkH8093nh5DO0PU3yt/VKJskFVZ3gVEvRg61pLAt4L. verified
2020-07-04 19:31:18,746 INFO  com.example.AuthService.service.UserService [http-nio-8080-exec-1] AccessToken generated for user $2a$10$v4ydTFuFxDDQ3ItslScAGuIme6am86pjAyW5gOJmeFqi5Mrj66Duu
2020-07-04 19:33:15,122 INFO  com.example.AuthService.service.UserService [http-nio-8080-exec-8] User $2a$10$xtgOxDIB/QkbDWVUykjbK.GxZ44QmjgDGPOyhAcDMe4FjpJI6Invi verified
2020-07-04 19:33:15,203 INFO  com.example.AuthService.service.UserService [http-nio-8080-exec-8] AccessToken generated for user $2a$10$0YVpZXAHj11tjaDHUot5wuAnjrGZx/rzXWaOBMKKXTWx16q5q.VZ.
2020-07-04 19:33:30,393 INFO  com.example.AuthService.service.UserService [http-nio-8080-exec-10] User $2a$10$RVPPzI4bgcJamkyD9ZXWUOXDykxWEJGRL1eLaayd/LUb1eN2Nlpje verified
2020-07-04 19:33:30,483 INFO  com.example.AuthService.service.UserService [http-nio-8080-exec-10] AccessToken generated for user $2a$10$rhhmNkl1Rqerioa9RZC.m.5zMXfxmyVdwylPbVykqj0wZ4TtlGKK6
2020-07-04 19:33:44,387 INFO  com.example.AuthService.service.UserService [http-nio-8080-exec-9] User $2a$10$y4ttagLnBREXQlTJsWU/6ejxjwQZdLpMlpFWm9ERz0Vn4BT1./h0. verified
2020-07-04 19:33:44,473 INFO  com.example.AuthService.service.UserService [http-nio-8080-exec-9] AccessToken generated for user $2a$10$NWiDknv3q489nwfg/P0Ej.MbjNxfQK19eClTKsspTzDNW2uKBWMXS
2020-07-04 19:33:50,271 INFO  com.example.AuthService.service.UserService [http-nio-8080-exec-6] User $2a$10$qusMkjgFWziSmxtTDrJ71utVX7FwnhOeeVbZ8QlrlRc9rUfrh/mqW verified
2020-07-04 19:33:50,353 INFO  com.example.AuthService.service.UserService [http-nio-8080-exec-6] AccessToken generated for user $2a$10$RRm0NPo4lw/PXzlXAb8p4us1/Pp3jE/8WceLLV1mIvUFoQWSFs92i
2020-07-04 19:33:59,944 INFO  com.example.AuthService.service.UserService [http-nio-8080-exec-3] User $2a$10$E3Alr6rA/q85DcimOvfMle/UoosoaPtQksgkxj6EUideNINXI2HIO verified
2020-07-04 19:34:00,036 INFO  com.example.AuthService.service.UserService [http-nio-8080-exec-3] AccessToken generated for user $2a$10$td1YoyKH44lgKauSqPOyHOSXlNqdqdaCpG2f5unhBeSZ/0.aR54Ha
2020-07-04 19:34:17,977 INFO  com.example.AuthService.service.UserService [http-nio-8080-exec-5] User $2a$10$83CujV8xEWbVsTE45JYasO222YuiVkFyp76JHmBxdKed3FOBvcU2y verified
2020-07-04 19:34:18,058 INFO  com.example.AuthService.service.UserService [http-nio-8080-exec-5] AccessToken generated for user $2a$10$TJF0z83rk7H4K.W3Y2PD.OjBN1zWcMKgtTw6X59h5Z9GCdeK6JcZW
2020-07-04 19:34:51,447 INFO  com.example.AuthService.service.UserService [http-nio-8080-exec-7] User $2a$10$KmWk2wvX0cfWOitr1sZJj.y8b8mE1jl443ZES.iKcaiI6B2kIjhUq verified
2020-07-04 19:34:51,536 INFO  com.example.AuthService.service.UserService [http-nio-8080-exec-7] AccessToken generated for user $2a$10$.pGKfdKcmczSldfjVFxpBOjhmXNcy7OLnDmO2OG1tA.AKjeVCP1dq
2020-07-04 19:36:11,440 INFO  com.example.AuthService.service.UserService [http-nio-8080-exec-1] User $2a$10$QlUveLYNkYGuIUBFkwZC9eo2QiBDoee1l.z0.U4J0QG3NXiglBQuu verified
2020-07-04 19:36:11,526 INFO  com.example.AuthService.service.UserService [http-nio-8080-exec-1] AccessToken generated for user $2a$10$4C6LUlTCwAyIyjYf6G6AgupeOZkfPh7XB.C7RB.Kr51qpp2sjgiUa
2020-07-04 19:36:44,660 INFO  com.example.AuthService.service.UserService [http-nio-8080-exec-2] User $2a$10$2XTqoVGJhE20wF.y7oAmm.BPINV4xLvpwdViYhYu3VvGbkpqcJDme verified
2020-07-04 19:36:44,740 INFO  com.example.AuthService.service.UserService [http-nio-8080-exec-2] AccessToken generated for user $2a$10$hguvuIU2qcc6S7C5Zb8pdOtAuEYxu6ya0QAITdYTHo7t.WSVBo2lK
2020-07-04 19:36:58,698 INFO  com.example.AuthService.service.UserService [http-nio-8080-exec-8] User $2a$10$LQQR6i1VPpJrQkoK1Rrrx.YFDeUZmCwMZE2HsU4Dq3TvDR9NN6Fxa verified
2020-07-04 19:36:58,781 INFO  com.example.AuthService.service.UserService [http-nio-8080-exec-8] AccessToken generated for user $2a$10$7/IvdlNIKP8XatV2rqL9gOsKcfps7dVF.xiN4ObpfK0BuLp0Y3sCO
2020-07-04 19:37:10,415 INFO  com.example.AuthService.service.UserService [http-nio-8080-exec-10] User $2a$10$RpRhlgIbeCCxWtfgb3wMwuxDe9loHIbHo6GF7YWOV077L0H3ZtS9W verified
2020-07-04 19:37:10,498 INFO  com.example.AuthService.service.UserService [http-nio-8080-exec-10] AccessToken generated for user $2a$10$giU16BUTtzSo.0N4DcKlQOIvElkxCntqFChktYOe8WpKB1iK7EjY6
2020-07-04 19:37:29,793 INFO  com.example.AuthService.service.UserService [http-nio-8080-exec-9] User $2a$10$3Jz2nJ0rOTRylTSSc8GpCeY7BIGas9BvhPw06hAgDJt8yixJtk.M. verified
2020-07-04 19:37:29,878 INFO  com.example.AuthService.service.UserService [http-nio-8080-exec-9] AccessToken generated for user $2a$10$wdeCQKO5tvn92HOC8li7A.XgoqWuSmRJHt2aY1opUVy1mGqSa6Lam
2020-07-04 19:37:35,651 INFO  com.example.AuthService.service.UserService [http-nio-8080-exec-6] User $2a$10$dh4o.DzdVltz2Yp.gQQUcelt2Rqsh6mbC2SzDUM.GZLdeLLvOeKvW verified
2020-07-04 19:37:35,736 INFO  com.example.AuthService.service.UserService [http-nio-8080-exec-6] AccessToken generated for user $2a$10$GFMkCXMeobFEfMeYW6RidOGfFVGAZJ1Q106hSLerbz3gUksiR.NMK
2020-07-04 19:37:57,240 INFO  com.example.AuthService.service.UserService [http-nio-8080-exec-3] User $2a$10$lnaoN0T2eIbfHGmBaJUvOO3h5yLgX0OUxpWZSVbyzc29QmV5jgH3q verified
2020-07-04 19:37:57,322 INFO  com.example.AuthService.service.UserService [http-nio-8080-exec-3] AccessToken generated for user $2a$10$H0/sVYTN3VUo/mADaXaSkemURvOJApHYW./EwZv.VkkEXwr0z.Qce
2020-07-04 19:38:06,625 INFO  com.example.AuthService.service.UserService [http-nio-8080-exec-5] User $2a$10$fxZel9Sm7irT7TEvCnSVquVAnlx7LCPgFf1gz878XrHES6FEd0Cae verified
2020-07-04 19:38:06,718 INFO  com.example.AuthService.service.UserService [http-nio-8080-exec-5] AccessToken generated for user $2a$10$mN9UKB.EYncuRfhh4siPBOYsWD.wcknnRN/WI5bbkj8FRm8CexV/O
2020-07-04 19:39:11,871 INFO  com.example.AuthService.service.UserService [http-nio-8080-exec-4] User $2a$10$1mccTyzRCZZNnaVwRZtdaObPK.clgC64HiKON4FqdHpIRFdrODvDa verified
2020-07-04 19:39:11,952 INFO  com.example.AuthService.service.UserService [http-nio-8080-exec-4] AccessToken generated for user $2a$10$Ieaxj4z11TXRq2aj1AIR0eteE8R4V5WVSEO.xdWYKdg1zGTY3yt8W
2020-07-04 19:39:27,604 INFO  com.example.AuthService.service.UserService [http-nio-8080-exec-1] User $2a$10$L92RWEuFPRPU6kANAimEz.ImzxSRc2P3sxWbX4GXUVJiOdXa/jrVm verified
2020-07-04 19:39:27,691 INFO  com.example.AuthService.service.UserService [http-nio-8080-exec-1] AccessToken generated for user $2a$10$kqDLi7ayFFGC4hjH3NoOludloihZIfo.8hhJ4QwZV09Oin3dHseJa
2020-07-04 19:39:29,640 INFO  com.example.AuthService.service.UserService [http-nio-8080-exec-2] User $2a$10$RZDKegmD2Z0/4KcotXULAOsBW.dcPRDpWc1A4cgnG4LMD.qj3UDe6 verified
2020-07-04 19:39:29,724 INFO  com.example.AuthService.service.UserService [http-nio-8080-exec-2] AccessToken generated for user $2a$10$y1AzERJOL0s9lXxUCEqzguFXdZyH6r4dtespX2fZiRgQ9wgnt.8Qe
2020-07-04 19:39:59,551 INFO  com.example.AuthService.service.UserService [http-nio-8080-exec-8] User $2a$10$I5I2XOtcUHZk51eZsFxC5eDW2TfL8g3XE2APBdugNfqCwE7oGmCT6 verified
2020-07-04 19:39:59,636 INFO  com.example.AuthService.service.UserService [http-nio-8080-exec-8] AccessToken generated for user $2a$10$Ms6h65RCJViWWBAy91sqKuX/MQ/cG32xx2ueL89IWKjz3lf6pyqSa
2020-07-04 19:40:06,568 INFO  com.example.AuthService.service.UserService [http-nio-8080-exec-10] User $2a$10$TrOLp0yvj2quQSfAZ5LjCOZANqsjwlBpClGqE3PjxZpLYG6YagXFa verified
2020-07-04 19:40:06,651 INFO  com.example.AuthService.service.UserService [http-nio-8080-exec-10] AccessToken generated for user $2a$10$Gn87E6yUQBZZWaVCEPuH7.bLMTWDdf8HbuzLj4OKPY2CJPRsjtcvm
2020-07-04 19:40:32,612 INFO  com.example.AuthService.service.UserService [http-nio-8080-exec-9] User $2a$10$k.ajOIJeQCLeCY2KiEX4Xukj7o6GopQte9e9QIOZ0xaK4xS5hsmXq verified
2020-07-04 19:40:32,694 INFO  com.example.AuthService.service.UserService [http-nio-8080-exec-9] AccessToken generated for user $2a$10$82ZZs91kP9nYqOz/cq4CnuNnNt3q2u4.Mjq2DEz5VujaO0R9A.vRW
2020-07-04 19:41:14,404 INFO  com.example.AuthService.service.UserService [http-nio-8080-exec-6] User $2a$10$QN0qYbc71O0BjoH1lRGnn.0i70j372sOGyFCDELkpqh.skYgon6Rm verified
2020-07-04 19:41:14,495 INFO  com.example.AuthService.service.UserService [http-nio-8080-exec-6] AccessToken generated for user $2a$10$cbRUeFNxTcRaPwwl3AQJieuiGGn2uOsWKp4ran7dZ3iqx4PH4/wdu
2020-07-04 19:41:47,469 INFO  com.example.AuthService.service.UserService [http-nio-8080-exec-3] User $2a$10$t.u9DUW/mjxloh6P/hzok.OQ677m/0dg1ZHgqQXIPo0X3Nbf0ZSRS verified
2020-07-04 19:41:47,565 INFO  com.example.AuthService.service.UserService [http-nio-8080-exec-3] AccessToken generated for user $2a$10$u2PM1jhRxWas35GQOoepoOVIZCR.NhicRNRQIXvOz4P29ko4NdDEO
2020-07-04 19:42:13,915 INFO  com.example.AuthService.service.UserService [http-nio-8080-exec-5] User $2a$10$VHPh6UNI4UEWGcXzw.afqeYntVhGFRynEOGUQObrDp0PQqxukAp7m verified
2020-07-04 19:42:13,996 INFO  com.example.AuthService.service.UserService [http-nio-8080-exec-5] AccessToken generated for user $2a$10$rZKvNqY96cHDgQD9WNa.D.VwnASpRSMdCmT1TRkniuUOfe0G0D5X.
2020-07-04 19:42:39,849 INFO  com.example.AuthService.service.UserService [http-nio-8080-exec-7] User $2a$10$ClzNSrmjFPUbxBYwX5NSr.mVypwpe5EMlbZCP1SGo9UiIOYEBFwIK verified
2020-07-04 19:42:39,937 INFO  com.example.AuthService.service.UserService [http-nio-8080-exec-7] AccessToken generated for user $2a$10$k5m2bGv.oTFantEXRmWQOOFN2WgAwmxLhB56bE4pmjKUxC2akwEaq
2020-07-04 19:43:19,425 INFO  com.example.AuthService.service.UserService [http-nio-8080-exec-4] User $2a$10$Adrt1TyWamBAGBM5dd5Mku/ghRktUIEnhC3VVO0ur35wDZvJBNBMS verified
2020-07-04 19:43:19,507 INFO  com.example.AuthService.service.UserService [http-nio-8080-exec-4] AccessToken generated for user $2a$10$dl.69wt3CHWlGMbqDJ9gU.bA.LhvCE/X7DISm7ZrOkTpbd4FckTYK
2020-07-04 19:43:52,920 INFO  com.example.AuthService.service.UserService [http-nio-8080-exec-1] User $2a$10$rTrSytJidnHOMZ34jD80aOyw5Qm9Ns5eRiPmMkOGorwqjhj7onvKu verified
2020-07-04 19:43:53,002 INFO  com.example.AuthService.service.UserService [http-nio-8080-exec-1] AccessToken generated for user $2a$10$QrOSfDDcxoIyBoycoDSKvOP7Z9BH7huAT0zKXjsnEt.H6Npa8hv1m
2020-07-04 19:44:14,250 INFO  com.example.AuthService.service.UserService [http-nio-8080-exec-2] User $2a$10$w42cszBzWitgsFSuqpjOWuFmKswqFagB.wUOelov6WiXu9RCtvSkO verified
2020-07-04 19:44:14,336 INFO  com.example.AuthService.service.UserService [http-nio-8080-exec-2] AccessToken generated for user $2a$10$0zlqt2tHob/5qPaLUOZ.UOf4fG8N10/oi0D/UYbBAlFuBtlH1OCPy
2020-07-04 19:44:20,844 INFO  com.example.AuthService.service.UserService [http-nio-8080-exec-8] User $2a$10$nJ3jovM/yNqmO70Km2yJIuDHv7.ZKV1Q17eyTjJYaVN5Ql65P8TrO verified
2020-07-04 19:44:20,927 INFO  com.example.AuthService.service.UserService [http-nio-8080-exec-8] AccessToken generated for user $2a$10$D1c/KX9iTaY0cl.6dN3EtOrVKL7aEd.KkrgepBKpm9qadnK3wCGLe
2020-07-04 19:46:03,668 INFO  com.example.AuthService.service.UserService [http-nio-8080-exec-9] User $2a$10$6UztOmT3zRenvhOLyKKoTeENXdM3JBF/tVE63KkQtqSc7Snfh0Fx6 verified
2020-07-04 19:46:03,749 INFO  com.example.AuthService.service.UserService [http-nio-8080-exec-9] AccessToken generated for user $2a$10$lt6pWwUrX4RyhnFpi06OZ.cZH2QtfyN6oJLcxR2Y8R8fqZTaC26qW
2020-07-04 19:51:52,149 INFO  com.example.AuthService.service.UserService [http-nio-8080-exec-3] User $2a$10$B383QGzO0.B6OBmS.M0/VO0EH1h7Vy3Ur4oNLMvSxbvuqNnIfiq9. verified
2020-07-04 19:51:52,230 INFO  com.example.AuthService.service.UserService [http-nio-8080-exec-3] AccessToken generated for user $2a$10$c5.j8PW0vVJxvAP.diGMZOvnsGSGU0hUVxBwfBkkxY9kbGqFBxpoq
2020-07-04 20:02:08,235 INFO  com.example.AuthService.service.UserService [http-nio-8080-exec-7] User $2a$10$t0piM7FRFlyezJaK3.ZusOzkHyQtvDbmuJbDkqRjjVnmf.NzP/bMC verified
2020-07-04 20:02:08,316 INFO  com.example.AuthService.service.UserService [http-nio-8080-exec-7] AccessToken generated for user $2a$10$iqHSrCqhrESiEMz8bpulcenCYmIV9Y0fwZ0Zydx2xJjKKs883syaO
2020-07-04 20:02:18,647 INFO  com.example.AuthService.service.UserService [http-nio-8080-exec-4] User $2a$10$B8jlvQ6JJohYvAC2uOhgTe.FKjn/44VxxJvF9UXAk.8HK1GPq4QeC verified
2020-07-04 20:02:18,729 INFO  com.example.AuthService.service.UserService [http-nio-8080-exec-4] AccessToken generated for user $2a$10$HA5uE7NY96Qr0rSmfXYP8OGINE65bAI4ae.tipOWlay9/4znukE9S
2020-07-04 20:02:48,879 INFO  com.example.AuthService.service.UserService [http-nio-8080-exec-1] User $2a$10$bP1DEYbQ3L0lJSkQqFnGm.7Y54aAKOCi2ijhVSaRHHqnZZeMDXqby verified
2020-07-04 20:02:48,966 INFO  com.example.AuthService.service.UserService [http-nio-8080-exec-1] AccessToken generated for user $2a$10$B95llJfqqk.Q9SWdZt8Wp.NASyaNK/QsQgxhu/J724/k75ktiYciu
