2020-07-06 17:04:06,277 INFO  org.springframework.boot.SpringApplication [main] No active profile set, falling back to default profiles: default
2020-07-06 17:06:14,193 INFO  org.springframework.boot.StartupInfoLogger [main] Started AuthServiceApplication in 158.555 seconds (JVM running for 169.984)
2020-07-06 17:17:21,085 INFO  com.example.AuthService.controller.UserController [http-nio-8080-exec-7] Successfull auth $2a$10$7fWo0gTL9NumeR8qU9A9OOLhBEbqvP6jnz3TfPK7yMdZreyI0Ebji
2020-07-06 17:17:23,814 INFO  com.example.AuthService.service.UserService [http-nio-8080-exec-8] User $2a$10$lBHaRKfRk22SvDpB16orv.vfKHYNX9PNx7HPv7wLa.ObMj/TdLPWS verified
2020-07-06 17:17:23,852 INFO  com.example.AuthService.service.UserService [http-nio-8080-exec-9] User $2a$10$VeUD5VIiYTKk51Orra0oj.W/uKsJZBohtmL2wRiRrc6oPO/rhebw. verified
2020-07-06 17:17:24,084 INFO  com.example.AuthService.service.UserService [http-nio-8080-exec-8] AccessToken generated for user $2a$10$nrqu6d7cuhTiTqPlYL8q0uf3T0bpm6LujjpFLSKxmJM/G8fjxGkq.
2020-07-06 17:17:24,088 INFO  com.example.AuthService.service.UserService [http-nio-8080-exec-9] AccessToken generated for user $2a$10$ub4GCNhCVVjxuHVnBkNMVO2biIe6WtUeTB8IrBXneO1WvmlcSKaeS
2020-07-06 17:17:35,426 INFO  com.example.AuthService.service.UserService [http-nio-8080-exec-1] User $2a$10$8J26uZ/oaTi9M03CFfbWze.tUWABWK41mnTRL5DfqOEJbnYEeQ2zK verified
2020-07-06 17:17:35,584 INFO  com.example.AuthService.service.UserService [http-nio-8080-exec-1] AccessToken generated for user $2a$10$eEO6CVeDr7Qc2.q4RWMJ9eKb45MPQdtekcc3l.cUHIGYhHdzeAfTi
2020-07-06 17:17:52,457 INFO  com.example.AuthService.service.UserService [http-nio-8080-exec-2] User $2a$10$5cVDfsYjNREwneNfjV2e0OSn2/N3lnkyvS67ZpGefwWOKk1dEB3ce verified
2020-07-06 17:17:52,616 INFO  com.example.AuthService.service.UserService [http-nio-8080-exec-2] AccessToken generated for user $2a$10$R.uGLiIAgj6wErTs.AMEAeaiQHcSbKPjXt3po3e/aZE/xSLLXwyIS
2020-07-06 17:18:01,710 INFO  com.example.AuthService.service.UserService [http-nio-8080-exec-3] User $2a$10$OFJY3MOUSNszL.PbQyRAO.cmToGZECK9E9vkgvx5qTfEjFR62FowK verified
2020-07-06 17:18:01,885 INFO  com.example.AuthService.service.UserService [http-nio-8080-exec-3] AccessToken generated for user $2a$10$.fGpFD.YwGE3KtLROnRTQe.3oWCxAhUTfbSSGjWYuPtMkxWyDjuJ6
2020-07-06 17:18:04,843 INFO  com.example.AuthService.service.UserService [http-nio-8080-exec-4] User $2a$10$AyhuFBgM6lTc93uq0GSOf.a.usO7fJ0yc.qxIpLscYC9YKb5HzW7a verified
2020-07-06 17:18:04,985 INFO  com.example.AuthService.service.UserService [http-nio-8080-exec-4] AccessToken generated for user $2a$10$/1z3A/CRav/WaAo10vn3e.P2r9UyGfA.yXmOCcqcsEmGgL8qsKsbm
2020-07-06 17:18:23,055 INFO  com.example.AuthService.service.UserService [http-nio-8080-exec-5] User $2a$10$wJnmVt5.5i3RQwWlU/kaDeqc4fVEQZK31.blJGar2YfSk8tDCIP1e verified
2020-07-06 17:18:23,224 INFO  com.example.AuthService.service.UserService [http-nio-8080-exec-5] AccessToken generated for user $2a$10$wv6eVUP9A7RkX3ZrldW9xeGUofy/9qZLZI.RdrL8jyfkLTGs0fGfa
2020-07-06 17:18:44,908 INFO  com.example.AuthService.service.UserService [http-nio-8080-exec-7] User $2a$10$nFVwEIBokFDrY8sBkHasHu9Idr04SV.FibBD34K0LZZXf.SUppu4e verified
2020-07-06 17:18:45,070 INFO  com.example.AuthService.service.UserService [http-nio-8080-exec-7] AccessToken generated for user $2a$10$DD/IVjEM.IsOGbCSyNF57eYLAgHszHdRglmlZ4zO4mWOAPgovV6ei
2020-07-06 17:20:22,483 INFO  com.example.AuthService.service.UserService [http-nio-8080-exec-9] User $2a$10$8X4xnnO6TNiPPoEAIqQ3hOR4W6OJOYyv15ZIZ9Dq7nBrbVRbzvubm verified
2020-07-06 17:20:22,667 INFO  com.example.AuthService.service.UserService [http-nio-8080-exec-9] AccessToken generated for user $2a$10$mSEOj7H9Vdygc6AtCNIN7eZTB75ehJF5X04gPVE3zoChtR74DveZC
2020-07-06 17:20:31,796 INFO  com.example.AuthService.service.UserService [http-nio-8080-exec-10] User $2a$10$PyQw.xryZRa3cnJKXbTwqOv.Eyzj6qWCfJBY2.QK19mgmVqe5iabu verified
2020-07-06 17:20:31,984 INFO  com.example.AuthService.service.UserService [http-nio-8080-exec-10] AccessToken generated for user $2a$10$RTzqKdF63YDpYPG.1XPiB.51zZ8PNa.XyTcP3FtcXM/YhfNmNO3/S
2020-07-06 17:20:37,799 INFO  com.example.AuthService.service.UserService [http-nio-8080-exec-1] User $2a$10$EBg4UboS9EyBIgqv6vUllebpNBbJ5MWdrCwg.oBqsQogbafjHPcee verified
2020-07-06 17:20:37,947 INFO  com.example.AuthService.service.UserService [http-nio-8080-exec-1] AccessToken generated for user $2a$10$4w/bqgaWFf67RxWLyqMYmup/GeNlasxvQLAIlBsHBSSU0pyY.qqw6
2020-07-06 17:20:46,921 INFO  com.example.AuthService.service.UserService [http-nio-8080-exec-2] User $2a$10$i82qP7N3kLVvDMT6a8Usa.mJSJAxCKYm61q4N5.pacpO9d6HoH5Iy verified
2020-07-06 17:20:47,079 INFO  com.example.AuthService.service.UserService [http-nio-8080-exec-2] AccessToken generated for user $2a$10$yY79s.H1t9y6rROkJiv3keAQzIMMzUE658.erHNNPE/Xa8mSAKHHq
2020-07-06 17:21:59,978 INFO  com.example.AuthService.service.UserService [http-nio-8080-exec-4] User $2a$10$TfwYRHsMnz1lLEFmh3DcdOQB1bjuZCrTnlMs.QlXdAyfuUSJoP.MO verified
2020-07-06 17:22:00,151 INFO  com.example.AuthService.service.UserService [http-nio-8080-exec-4] AccessToken generated for user $2a$10$j3s9GhHvuWpVm3/6JhmLhO6s7EIRMP6CfFUeEsInWZQlCttSVATu6
2020-07-06 17:29:18,343 INFO  com.example.AuthService.service.UserService [http-nio-8080-exec-6] User $2a$10$Jm8CousZhOTs/TYStB4vTOnU0BYE/H8IsKDL/r.UuB4ccyt6mjYVS verified
2020-07-06 17:29:18,502 INFO  com.example.AuthService.service.UserService [http-nio-8080-exec-6] AccessToken generated for user $2a$10$Vn8FADLX9qYSfh/5eOhynu3mLac52XV/6z1cO9Sl5j2ftrrSNMxMq
2020-07-06 17:29:21,522 INFO  com.example.AuthService.service.UserService [http-nio-8080-exec-7] User $2a$10$dLMainFIBi.xzPw/BRlUA.Ly5heQmvGaHk5qqALDYXzMSCboDlTB2 verified
2020-07-06 17:29:21,724 INFO  com.example.AuthService.service.UserService [http-nio-8080-exec-7] AccessToken generated for user $2a$10$1tkSHtyL7Cx.HTG1ZEdSauJgtG770b5etTYJGta3O4d/Afb8Dm9J.
2020-07-06 17:29:47,884 INFO  com.example.AuthService.service.UserService [http-nio-8080-exec-8] User $2a$10$yHp1ERMCwnPLK7iqnO2AHOmzjPJ5XiQ14isOAZmTesy61zmRKTZI6 verified
2020-07-06 17:29:48,145 INFO  com.example.AuthService.service.UserService [http-nio-8080-exec-8] AccessToken generated for user $2a$10$8KRAfeIlM.AtXMzQaJnB0.OMaalGxHoGhdBiUMyeKjJTZRQ0PROoS
2020-07-06 17:29:50,182 INFO  com.example.AuthService.service.UserService [http-nio-8080-exec-9] User $2a$10$skqYoQtOYS7fq82ZmivEOOemUMyeGiQHcEJ04uJh5Z6Qog4W01UVC verified
2020-07-06 17:29:50,368 INFO  com.example.AuthService.service.UserService [http-nio-8080-exec-9] AccessToken generated for user $2a$10$4CozvgCc/jW7H9cHNafXUucS9UQwwsv/ZkTDpDMLt35KSQ5DefS62
2020-07-06 17:30:01,422 INFO  com.example.AuthService.service.UserService [http-nio-8080-exec-10] User $2a$10$vFYpsCjCzJDdGSBYduD2lOHhx3BSP0cboiu0dOR6Pm5rXHbuOo7qW verified
2020-07-06 17:30:01,613 INFO  com.example.AuthService.service.UserService [http-nio-8080-exec-10] AccessToken generated for user $2a$10$fENP8ISRDbGn7LLXduc/eOgPhJFQR.rbJGoB7F13evPn.R1f8t.QK
2020-07-06 17:30:06,129 INFO  com.example.AuthService.service.UserService [http-nio-8080-exec-1] User $2a$10$RWGWWg1l.lSWhUGjViDOrehhcF9Wm.6z8HAco6kyhqdxyfrNc7Xx2 verified
2020-07-06 17:30:06,305 INFO  com.example.AuthService.service.UserService [http-nio-8080-exec-1] AccessToken generated for user $2a$10$cUCE3yEaRrq7TMJLx3o04es85dYEWrm3nzy.3lbrhOClQmntNwazG
2020-07-06 17:30:08,153 INFO  com.example.AuthService.service.UserService [http-nio-8080-exec-2] User $2a$10$lFcYnqgTmAv/ENqKW6/mHu.BbXIfR5QW747YRA.JTRDrUcz8kNIWS verified
2020-07-06 17:30:08,346 INFO  com.example.AuthService.service.UserService [http-nio-8080-exec-2] AccessToken generated for user $2a$10$h44d8pr1aKnMHvK387GqDOWXHdgU2Krqql9IsQoMgbb2JreGrCNW6
2020-07-06 17:30:12,847 INFO  com.example.AuthService.service.UserService [http-nio-8080-exec-3] User $2a$10$7hDBlu5WCF4xMerqgZv5KuN.G0dzkQ85v02.0xQqBCqbkO8nF2bjS verified
2020-07-06 17:30:13,010 INFO  com.example.AuthService.service.UserService [http-nio-8080-exec-3] AccessToken generated for user $2a$10$/yx7wRWQisUwT43xKYid0OpJG7TJCb.Ll9QXx5eBXvAMeRBfHg6/a
2020-07-06 17:30:41,550 INFO  com.example.AuthService.service.UserService [http-nio-8080-exec-4] User $2a$10$PBQUnX7.80bc8s9/q9SXSu8L98e4XYzd.vxUCybuzunj3zHgk2Vbq verified
2020-07-06 17:30:41,712 INFO  com.example.AuthService.service.UserService [http-nio-8080-exec-4] AccessToken generated for user $2a$10$5ImJzXIXFmMn8aoBQBrZd.uRTegYRbXwmOrjf/LtSD3gSvKpTPQmu
2020-07-06 17:30:47,818 INFO  com.example.AuthService.service.UserService [http-nio-8080-exec-5] User $2a$10$tHjEageSk3GsWXevHglRl.X8dyfZ3MvtAygMwDUg3pj1YGB3x7V7G verified
2020-07-06 17:30:48,020 INFO  com.example.AuthService.service.UserService [http-nio-8080-exec-5] AccessToken generated for user $2a$10$qvTPYnMVseD2fCrWARaOFeZSo5zL5fvQ77gZLH0oKRRZ8Kvgym1Au
2020-07-06 17:30:56,848 INFO  com.example.AuthService.service.UserService [http-nio-8080-exec-6] User $2a$10$PufiacvPjnMQZALUF.4wOu7KswykQNwfuqK.LXXZ8wRobFMLdWDzy verified
2020-07-06 17:30:57,017 INFO  com.example.AuthService.service.UserService [http-nio-8080-exec-6] AccessToken generated for user $2a$10$HadXBn8xRoHbLCgB61hty.AaZcBU4eWYyaarionufLQT6ZYP5P.Wy
2020-07-06 17:31:59,822 INFO  com.example.AuthService.service.UserService [http-nio-8080-exec-8] User $2a$10$3PaMlFTa2RmNbvaYPUgeUuH7hQLlPVG7bGponvrh1lpQ.1uU396NK verified
2020-07-06 17:31:59,979 INFO  com.example.AuthService.service.UserService [http-nio-8080-exec-8] AccessToken generated for user $2a$10$uDFwxH8adxBujqmEGp3vfubaxTmC8pI.9Rw4RXFezDJaES7lQi8kW
2020-07-06 17:32:02,746 INFO  com.example.AuthService.service.UserService [http-nio-8080-exec-9] User $2a$10$sA7dkiGPyp.jO75evO6ukeXGqTdUJze.N5oSos1XUTaqjbHet12sq verified
2020-07-06 17:32:02,902 INFO  com.example.AuthService.service.UserService [http-nio-8080-exec-9] AccessToken generated for user $2a$10$WkAVmOZ3RjPIvigb2hpPc.96IB7SeMmUot1Tfkw/7ze/dg6tF1AhS
2020-07-06 17:32:11,433 INFO  com.example.AuthService.service.UserService [http-nio-8080-exec-10] User $2a$10$687APeNyMJPjoD7DBiITLutU7r1C5jL4p9iwOCaeA.j24.zfi4pQi verified
2020-07-06 17:32:11,602 INFO  com.example.AuthService.service.UserService [http-nio-8080-exec-10] AccessToken generated for user $2a$10$CBgf4dzF/E8sA0MLPH1vv.sCCHyfVVwaQgndImVQokG9WZ/9qz/ra
2020-07-06 17:37:10,140 INFO  com.example.AuthService.service.UserService [http-nio-8080-exec-2] User $2a$10$WsqKcieBu8l9UlU5iNrSNuwk2cfwWW6YB11Dd.Ug3bDxQZP/FFjiS verified
2020-07-06 17:37:10,340 INFO  com.example.AuthService.service.UserService [http-nio-8080-exec-2] AccessToken generated for user $2a$10$h7iyh6glfFNpuzczjbDPH.zHGvU9oyh68O0g9wVUIWxRyN9BsU7kW
2020-07-06 17:37:29,168 INFO  com.example.AuthService.service.UserService [http-nio-8080-exec-3] User $2a$10$qLdaKPFn1fv65qA8hEllpum1.JK1wugsR7l6.soydpEJTq4e5ZTaO verified
2020-07-06 17:37:29,342 INFO  com.example.AuthService.service.UserService [http-nio-8080-exec-3] AccessToken generated for user $2a$10$sW8xIalw1EEsJAkl4FsRFOGdT16mYc1jOxPQmgGnu4clo5mvsBxTy
2020-07-06 17:37:35,609 INFO  com.example.AuthService.service.UserService [http-nio-8080-exec-4] User $2a$10$vil85eNErBMWcR4OS7.gLe.dA0AOmEa9DXiHpesR3x3AnumGrz5uK verified
2020-07-06 17:37:35,759 INFO  com.example.AuthService.service.UserService [http-nio-8080-exec-4] AccessToken generated for user $2a$10$cHXZ3U3KKlh.T.qILm2ekumtrHxf11WqdjYRdTUtyaOTVm41ADYKq
2020-07-06 17:37:42,347 INFO  com.example.AuthService.service.UserService [http-nio-8080-exec-5] User $2a$10$k9xC3brXxck080AfFPXr0u/Y5Z/qM9Ov8IX.IRIL/kHq93joQ8Lum verified
2020-07-06 17:37:42,528 INFO  com.example.AuthService.service.UserService [http-nio-8080-exec-5] AccessToken generated for user $2a$10$ORaFu2G5Gx3QKLH3DFmrfOpoX2zPk03oia4G6TZfNF/Z8nZNitqeG
2020-07-06 17:38:14,537 INFO  com.example.AuthService.service.UserService [http-nio-8080-exec-6] User $2a$10$bAJVfT17c0GGVvu4o8LxlOfsK4sPjKECzx2Y6nsR0ZBnJxuFF4wSS verified
2020-07-06 17:38:14,726 INFO  com.example.AuthService.service.UserService [http-nio-8080-exec-6] AccessToken generated for user $2a$10$1/EV2cu3vHHa4NY4JRjwT.6vmTKeR7QXW/.Wsc7Zk7AgeL0Vl4Sze
2020-07-06 17:38:16,579 INFO  com.example.AuthService.service.UserService [http-nio-8080-exec-7] User $2a$10$6U9Qy/Pdy9lpXSsxnqRYt.aEzmssbVJHv3egVQEk4ZWExyULdLkZK verified
2020-07-06 17:38:16,757 INFO  com.example.AuthService.service.UserService [http-nio-8080-exec-7] AccessToken generated for user $2a$10$e5tnGzeS7WodEV8ibwg86OWRbM5eZpcXMM8PvqyuTzjJiMxhQFXnG
2020-07-06 17:38:26,984 INFO  com.example.AuthService.service.UserService [http-nio-8080-exec-8] User $2a$10$6kECfmAYhM73GIn.Mib50.yJ8rfk1zVE4YwLfPbKEiMU1en6Pd1M2 verified
2020-07-06 17:38:27,157 INFO  com.example.AuthService.service.UserService [http-nio-8080-exec-8] AccessToken generated for user $2a$10$Tlz3I7tDS/d9eFRxIhGlh.lZnqjb/qVi08iti7UNY.muoE/3piUsO
2020-07-06 17:55:42,397 INFO  com.example.AuthService.service.UserService [http-nio-8080-exec-10] User $2a$10$G1ydD2kMRVIblt7J6jzX.OgXn/U7Mj3SVKh/AAHyeNMzIx8OfhDky verified
2020-07-06 17:55:42,565 INFO  com.example.AuthService.service.UserService [http-nio-8080-exec-10] AccessToken generated for user $2a$10$lnvROsmHuVZJs9S0H.j7yOL4g1eLqhg29P6TBOxohr.TGAsRccW/q
2020-07-06 17:56:18,624 INFO  com.example.AuthService.service.UserService [http-nio-8080-exec-1] User $2a$10$tvVN9gBhBHJJSvnii8SIcuVIVBDAKhXgXtcSGX9FZ6KyJdk101fP6 verified
2020-07-06 17:56:18,794 INFO  com.example.AuthService.service.UserService [http-nio-8080-exec-1] AccessToken generated for user $2a$10$rdmleotbrHhAc7PbD4mmDOjoE5sWfr9NOWGidQPLQ1RgFrw0ede7K
2020-07-06 17:56:54,583 INFO  com.example.AuthService.service.UserService [http-nio-8080-exec-2] User $2a$10$hfEwOgbzO9raoSZt.Q1wQOsHq.K8R09G6kp5d3LCff8aKKIiCu2/6 verified
2020-07-06 17:56:54,743 INFO  com.example.AuthService.service.UserService [http-nio-8080-exec-2] AccessToken generated for user $2a$10$q53HJfTDLpleSXg1RfRN9.csbtf41OiM9WMDznwpPqAC.AQxD6Fay
2020-07-06 18:00:54,545 INFO  com.example.AuthService.service.UserService [http-nio-8080-exec-4] User $2a$10$cyOTGWHBz2SOHqER3x5c/uZzXSpA8RXAQaBueJaQnRFZodgiJOabS verified
2020-07-06 18:00:54,711 INFO  com.example.AuthService.service.UserService [http-nio-8080-exec-4] AccessToken generated for user $2a$10$mq3sA7st5GEwho/SOJEqaO16cP7RFIqrs1ilhbMeHnfE3ul/zV3ga
2020-07-06 18:01:16,371 INFO  com.example.AuthService.service.UserService [http-nio-8080-exec-5] User $2a$10$S2LeBFsTr.BKor3mo5wBZ.WqUphSOnUiLD/1GZ8lxbCP5.QUA4Ak6 verified
2020-07-06 18:01:16,568 INFO  com.example.AuthService.service.UserService [http-nio-8080-exec-5] AccessToken generated for user $2a$10$vStkOVh07jZuxdRLehwuNeuSB2us2tOWz0Up2pnseQnhAChMhOSk.
2020-07-06 18:01:37,348 INFO  com.example.AuthService.service.UserService [http-nio-8080-exec-6] User $2a$10$4nOH9pcujQx2RfS7ocmWau./NhLJAU4B6kGw4Vc4JshOzEY.oG7xa verified
2020-07-06 18:01:37,487 INFO  com.example.AuthService.service.UserService [http-nio-8080-exec-6] AccessToken generated for user $2a$10$UvMIQ6EUeercRY7NyuvLDeZ/mT2Q3BxqyRO3J7MmM12scQDlZKSwe
2020-07-06 18:01:55,142 INFO  com.example.AuthService.service.UserService [http-nio-8080-exec-7] User $2a$10$3XCn50e/MMLmhv5Xsv8DTO8z1qU/csoXneiPt84HuHfNTdyXPfRO2 verified
2020-07-06 18:01:55,294 INFO  com.example.AuthService.service.UserService [http-nio-8080-exec-7] AccessToken generated for user $2a$10$aBNM1JEtd2mER1iQuaTrIerc1lBoeuW2MoyKBFiVJHtANbNOjcogC
2020-07-06 18:01:58,132 INFO  com.example.AuthService.service.UserService [http-nio-8080-exec-8] User $2a$10$pMWzSnqtjhwMFbagMb39TODpPEXF2nawSjckCI.ytHmFPWXaQ4jvy verified
2020-07-06 18:01:58,279 INFO  com.example.AuthService.service.UserService [http-nio-8080-exec-8] AccessToken generated for user $2a$10$SQb4ouDeG4MR7Sc861wWaO052RHVKsHItNiuh.G8v9wVt5Eo5G0oS
2020-07-06 18:02:10,204 INFO  com.example.AuthService.service.UserService [http-nio-8080-exec-9] User $2a$10$rn2xvinIX6Zdlf2ij5uGQe9AOykWuq4W3Moup9sT25qIQavFs9Wrm verified
2020-07-06 18:02:10,412 INFO  com.example.AuthService.service.UserService [http-nio-8080-exec-9] AccessToken generated for user $2a$10$gAG1ZSJSc3q.QsOal4yIpuc85AnrOKglRcm4JfZ.UTQ0.w1cYm2Ty
2020-07-06 18:03:07,221 INFO  com.example.AuthService.service.UserService [http-nio-8080-exec-10] User $2a$10$oO.jA5vbm5iVongiwRXlPuYrinFeVSf9aQHtBS7SnMmNWCEYoWaY. verified
2020-07-06 18:03:07,410 INFO  com.example.AuthService.service.UserService [http-nio-8080-exec-10] AccessToken generated for user $2a$10$NYdJ9vZuBvDie/5P.FVo4O0Xi4D/FpSeSMgca1kWEBDZAl5EiIcPy
2020-07-06 18:03:09,003 INFO  com.example.AuthService.service.UserService [http-nio-8080-exec-1] User $2a$10$eu5V3gh49Qo29t3kwYECoumkMiReddow.w4Wtdi6f4TR0Z9VRFMNy verified
2020-07-06 18:03:09,156 INFO  com.example.AuthService.service.UserService [http-nio-8080-exec-1] AccessToken generated for user $2a$10$0PoGS5Xjo6pnBfe6W8XBZ.EuvV7dXUrYkg26S9u1NRWBKzWUJSRhq
2020-07-06 18:03:13,199 INFO  com.example.AuthService.service.UserService [http-nio-8080-exec-2] User $2a$10$AkQh.FKyOq186Gj850PyK.iKwvnvb9N3yjbzBI52CeRYgdUHDZEcC verified
2020-07-06 18:03:13,404 INFO  com.example.AuthService.service.UserService [http-nio-8080-exec-2] AccessToken generated for user $2a$10$LUnwFI5NsjCpXseXk0o3JOkkB90blm6nYZPg4Ymp0FB66lGct8dei
2020-07-06 18:03:20,383 INFO  com.example.AuthService.service.UserService [http-nio-8080-exec-3] User $2a$10$X.JP39DYvHmkKdU6Md4SXOAYUqiSCr/tqVWx7gHcRtEYkOCysZTyy verified
2020-07-06 18:03:20,646 INFO  com.example.AuthService.service.UserService [http-nio-8080-exec-3] AccessToken generated for user $2a$10$GL8amPq1EcBvVVIR28wF7O.ZqYtXoHO8hJtVrbdQqZPsy0ZRrpxDO
2020-07-06 18:03:33,206 INFO  com.example.AuthService.service.UserService [http-nio-8080-exec-4] User $2a$10$Mdawma0R4ljom0foo7nJ5OlbDNobewRsyovh8BxtBQjM.pqyMvoFO verified
2020-07-06 18:03:33,407 INFO  com.example.AuthService.service.UserService [http-nio-8080-exec-4] AccessToken generated for user $2a$10$QhFK8v/kFcSICifkHhlIs.eFaCz72/cVaQxAhU.9LiYInoTYWWyPm
2020-07-06 18:10:52,169 INFO  com.example.AuthService.service.UserService [http-nio-8080-exec-6] User $2a$10$OpMsugc/x5KEZ4Qj7DKHTOWGN4XsRzv6dTFrIiH48GNQvqUv06wFi verified
2020-07-06 18:10:52,183 INFO  com.example.AuthService.service.UserService [http-nio-8080-exec-7] User $2a$10$6MYI7YnrdLMqP4c9lWcDtOapclJzORHoLO.yzKn4Rg//LbVjv3K0C verified
2020-07-06 18:10:52,347 INFO  com.example.AuthService.service.UserService [http-nio-8080-exec-6] AccessToken generated for user $2a$10$O0Rz7huYXcr2.P4L38Sie.zrzth.h.erNeu5DCSLBpQ0hx/qhmMgu
2020-07-06 18:10:52,368 INFO  com.example.AuthService.service.UserService [http-nio-8080-exec-7] AccessToken generated for user $2a$10$iAa0kN1stZiWMKsfPmgA4uV1oscK2gGV0jq5OeqUwirtfTlbKC96O
2020-07-06 18:11:07,504 INFO  com.example.AuthService.service.UserService [http-nio-8080-exec-9] User $2a$10$ettpcx.D4Kb369db8dtQK.qJILtHmaNW.bMHth73FCj5PnnYIoADW verified
2020-07-06 18:11:07,669 INFO  com.example.AuthService.service.UserService [http-nio-8080-exec-9] AccessToken generated for user $2a$10$MAHZSwBLNlHWohKY9iN5vehsfcInt04UqFRriqgiUvWHMVupqXJ5m
2020-07-06 18:11:16,191 INFO  com.example.AuthService.service.UserService [http-nio-8080-exec-10] User $2a$10$bE1AzLpO/QqBIMna.dpCZOCykg8TFCJoRKGDKENlqsxxP2YdNlw4K verified
2020-07-06 18:11:16,382 INFO  com.example.AuthService.service.UserService [http-nio-8080-exec-10] AccessToken generated for user $2a$10$EIblxM371qzpbOFyJYhdH.kE31aoNIpgX/ZqshQItbLVskeR8Tu9O
2020-07-06 18:11:26,649 INFO  com.example.AuthService.service.UserService [http-nio-8080-exec-1] User $2a$10$CN2UI51QF.EDw6lUg8Yav.XxN9KAV5p80FEmCn.WslkOXDO6QFjL6 verified
2020-07-06 18:11:26,802 INFO  com.example.AuthService.service.UserService [http-nio-8080-exec-1] AccessToken generated for user $2a$10$LAa0Qbn/8hZkGNj6stSBh.QdywfAnHrcmGXXn6v8ANtvz4S1EjM26
2020-07-06 18:11:28,563 INFO  com.example.AuthService.service.UserService [http-nio-8080-exec-2] User $2a$10$HBUKGYgc6NbyKgIo87OtIuUKh05kLM3hGOCuCyi3dxwiy4SyiPPt2 verified
2020-07-06 18:11:28,715 INFO  com.example.AuthService.service.UserService [http-nio-8080-exec-2] AccessToken generated for user $2a$10$CrktgYLw7CXfRcGWCUKr7OCh8gTS03h0kpvYAfOR3O/TdIqEULWOy
2020-07-06 18:11:33,969 INFO  com.example.AuthService.service.UserService [http-nio-8080-exec-3] User $2a$10$F5PhlIxKKNtxAO6H1l3hreYL/ZGUkLBMxr87opsHVpmkp2lwbN19u verified
2020-07-06 18:11:34,131 INFO  com.example.AuthService.service.UserService [http-nio-8080-exec-3] AccessToken generated for user $2a$10$LMoTXDt1v/QMQ03ZcxCCHuZy5jqEM2iTmUCpjyGck5cB3CsNeKeKC
2020-07-06 18:11:37,306 INFO  com.example.AuthService.service.UserService [http-nio-8080-exec-4] User $2a$10$zsE9A.jYZDOlmJhyH98NE.tzDLRy5vi0WcL5qrPzan7mmGi0ZJwq2 verified
2020-07-06 18:11:37,568 INFO  com.example.AuthService.service.UserService [http-nio-8080-exec-4] AccessToken generated for user $2a$10$E/1ehRN7nCfv623etjjCX.vxPifYMx7CHRgopKSMtNo7JfiCm3W.2
2020-07-06 18:13:26,241 INFO  com.example.AuthService.service.UserService [http-nio-8080-exec-8] User $2a$10$Td8OE7Offx.R2MJuH2UASuB9AWipCcLnGdQhHA5CRh/bDPEemna0W verified
2020-07-06 18:13:26,249 INFO  com.example.AuthService.service.UserService [http-nio-8080-exec-7] User $2a$10$pcofnqrbJfuHdIZoAicQgesErykB32pSBNWZUkGg4C3FxUJXDjzxe verified
2020-07-06 18:13:26,397 INFO  com.example.AuthService.service.UserService [http-nio-8080-exec-8] AccessToken generated for user $2a$10$2rAOkpTG3wsf0YpkF4NMRelWecRtuX8MPE1LGH/ujI61xVY44RSJS
2020-07-06 18:13:26,398 INFO  com.example.AuthService.service.UserService [http-nio-8080-exec-7] AccessToken generated for user $2a$10$H9Cs9YxV2SxC9HS90Ki5YuKP99j.FYuILOQuyTglei/mor6hIZj1y
2020-07-06 18:13:35,446 INFO  com.example.AuthService.service.UserService [http-nio-8080-exec-10] User $2a$10$rC8kXlqrA7JaZYlDr.sZiudSbdVQDgS5STy4iomLMtBn58ZWgy7fC verified
2020-07-06 18:13:35,629 INFO  com.example.AuthService.service.UserService [http-nio-8080-exec-10] AccessToken generated for user $2a$10$ulescJ09XZNvLK/30pZLrO24kD.7b61fZLlJQOYo.HYlGwoLtefIu
2020-07-06 18:13:46,394 INFO  com.example.AuthService.service.UserService [http-nio-8080-exec-1] User $2a$10$FQU/wuhIj8MRQ7RZFRuGde2R8ynNqkAN7dJb5OZBHX7MKaf9RkStK verified
2020-07-06 18:13:46,596 INFO  com.example.AuthService.service.UserService [http-nio-8080-exec-1] AccessToken generated for user $2a$10$ql4qx/eP6RZZRRxOPbmVuu16ynUN2B/36jmqGLwICWxyL01nFDjLG
2020-07-06 18:13:59,438 INFO  com.example.AuthService.service.UserService [http-nio-8080-exec-2] User $2a$10$SCojaA.s/5NWUN2scUn5i.JS5.X8zoZ86slRGf7xhCvKh3QfJnUCO verified
2020-07-06 18:13:59,594 INFO  com.example.AuthService.service.UserService [http-nio-8080-exec-2] AccessToken generated for user $2a$10$s2DeaSedFQSay6j9YymhsuToA0PeOvJ4SgxJJMXkDmd5WCThYu1S6
2020-07-06 18:14:02,810 INFO  com.example.AuthService.service.UserService [http-nio-8080-exec-3] User $2a$10$4YT6Seeaqf58tt6B7IWaTeaLJ6p3h7KZBAnQaRBJZQXmJKatxbpQC verified
2020-07-06 18:14:02,958 INFO  com.example.AuthService.service.UserService [http-nio-8080-exec-3] AccessToken generated for user $2a$10$K/MpxK2wmaXuIuIdWzeLqun9n02HIFkDnU.dcq7SZ16t7PDgarQfO
2020-07-06 18:14:05,392 INFO  com.example.AuthService.service.UserService [http-nio-8080-exec-4] User $2a$10$kJiLvaWYR8ZRj605bAKG2eTjqJxR7fAPvCtmNpUZaKk/U5CSGpDPC verified
2020-07-06 18:14:05,538 INFO  com.example.AuthService.service.UserService [http-nio-8080-exec-4] AccessToken generated for user $2a$10$eBjq7YkAYPWoKLgrKGQmF.LI0sT1C7eQwCp7uT.Gwmq8wD3pcYCKO
2020-07-06 18:14:14,621 INFO  com.example.AuthService.service.UserService [http-nio-8080-exec-5] User $2a$10$tgPB3Aa2JTb12VxSfTRaa.j1CBMxWLHWt.9vNqcitvXSou4Omk/O2 verified
2020-07-06 18:14:14,804 INFO  com.example.AuthService.service.UserService [http-nio-8080-exec-5] AccessToken generated for user $2a$10$guszagbm/713Bh/PGFK9QOtce251ym1yDvRLmBYe.Na2a5g9V1BZ2
2020-07-06 18:14:25,073 INFO  com.example.AuthService.service.UserService [http-nio-8080-exec-6] User $2a$10$fb7Shee6NYJGa3zge8U1feRC/T4tpnvWSPZ9uX0SYOHTyK1mGPJPe verified
2020-07-06 18:14:25,266 INFO  com.example.AuthService.service.UserService [http-nio-8080-exec-6] AccessToken generated for user $2a$10$9E/YCAeQjU1DOGG4EaWFRuHKcwlFqN.LWv5QNFlJskfhSNPfAmgFG
2020-07-06 18:14:38,229 INFO  com.example.AuthService.service.UserService [http-nio-8080-exec-7] User $2a$10$ehhiZlesYmlY7vi9dbA6t.UU/fLMemF5ZDKW0DJ.FJrlwHxczSy1q verified
2020-07-06 18:14:38,403 INFO  com.example.AuthService.service.UserService [http-nio-8080-exec-7] AccessToken generated for user $2a$10$UZ.J.Mxe16Ph840W.WrdnuesyxQFWzQtcrA3JK7GK2LL70KjLmQT.
2020-07-06 18:16:20,412 INFO  com.example.AuthService.service.UserService [http-nio-8080-exec-10] User $2a$10$sVz55H8xUKBmvhnOWVxyZujCv.gyZJhM/TsMaIk06mGG6/LI2DCjS verified
2020-07-06 18:16:20,566 INFO  com.example.AuthService.service.UserService [http-nio-8080-exec-10] AccessToken generated for user $2a$10$wuHYJwvM9OYyWXAllKaNBezJuDGPfyp3EDE7Z7sxf2FBnJ2FueiYa
2020-07-06 18:16:31,173 INFO  com.example.AuthService.service.UserService [http-nio-8080-exec-1] User $2a$10$0bYVdwiOlztEdNX17Fc70OPfnteSzwf.suwuvqKWleGtuvuJ1wmEG verified
2020-07-06 18:16:31,332 INFO  com.example.AuthService.service.UserService [http-nio-8080-exec-1] AccessToken generated for user $2a$10$uG7T3whCeqRh1oA4txwzqOOn1LLUa5losij7UDjbSn11N.GX1pr6e
2020-07-06 18:17:18,028 INFO  com.example.AuthService.service.UserService [http-nio-8080-exec-2] User $2a$10$o8bISuh2m0g1V7xm4vaISuh44/7b91epW5d1LxfvRjeIu9fZe995G verified
2020-07-06 18:17:18,176 INFO  com.example.AuthService.service.UserService [http-nio-8080-exec-2] AccessToken generated for user $2a$10$lIYvfjJwivtn4izxi/a7.ugu5pTYN6ZE2.wnDaao97W4Gj4EQbMPG
2020-07-06 18:17:25,995 INFO  com.example.AuthService.service.UserService [http-nio-8080-exec-3] User $2a$10$KnIS0ly82Q1Px1J8RaZL0ezj/sqiGbXrGacQTfBBrCTZeBe7b5vFi verified
2020-07-06 18:17:26,170 INFO  com.example.AuthService.service.UserService [http-nio-8080-exec-3] AccessToken generated for user $2a$10$d.DTI7AO3Saqf7rCGiU9KOcU31CHzP0g6RgeIST/XgpY7U02E.0yu
2020-07-06 18:17:31,491 INFO  com.example.AuthService.service.UserService [http-nio-8080-exec-4] User $2a$10$iHQmIS0Jg3/IeZBviztB3OfwAXil/t/muAqlKqu339rlm0dlAlgHm verified
2020-07-06 18:17:31,638 INFO  com.example.AuthService.service.UserService [http-nio-8080-exec-4] AccessToken generated for user $2a$10$boibCDCA4qBstaBj9VW0Q.RQu54kvy50qiTPptsuF/QQ5gVzbpjBG
2020-07-06 18:17:38,077 INFO  com.example.AuthService.service.UserService [http-nio-8080-exec-5] User $2a$10$QjWt82UZoNSs2bIkeGrd6OkW8vxoyyGLCDEGVgII0bbMDxoVw8Bee verified
2020-07-06 18:17:38,240 INFO  com.example.AuthService.service.UserService [http-nio-8080-exec-5] AccessToken generated for user $2a$10$2exgBOKwqJP4.b1/yaVpLuUzjb8SdI3lkOH0M31JBfCARi7NOJkAi
2020-07-06 18:17:40,510 INFO  com.example.AuthService.service.UserService [http-nio-8080-exec-6] User $2a$10$06hXs2D60dJqRxyClRQixuBfCsdfMQWrExEjWOdMhD85/gvbo/1ha verified
2020-07-06 18:17:40,701 INFO  com.example.AuthService.service.UserService [http-nio-8080-exec-6] AccessToken generated for user $2a$10$yPnUid0ma0SVe./Tkvyc1ONpkHBZa4HvpLF5F8TX3tbBJwi2ff2US
2020-07-06 18:19:03,184 INFO  com.example.AuthService.service.UserService [http-nio-8080-exec-7] User $2a$10$3FBk2yeKCFyKNfMl/kNGHuPkB.jiaRNhJ6cVqTVT/bDkoODow7v9m verified
2020-07-06 18:19:03,351 INFO  com.example.AuthService.service.UserService [http-nio-8080-exec-7] AccessToken generated for user $2a$10$grUjsRZxgu0A7kpY/xJEg.43uYXjPvrjvGeZkjsXU.uAYcDiUsDV6
2020-07-06 18:19:17,497 INFO  com.example.AuthService.service.UserService [http-nio-8080-exec-9] User $2a$10$L.VdxdB8LboLp9vRgmqxpetq.xWRdgf0KIXfyRM8vT3jrJ0vGzK6a verified
2020-07-06 18:19:17,637 INFO  com.example.AuthService.service.UserService [http-nio-8080-exec-9] AccessToken generated for user $2a$10$lO.cGNdIY7EOQzudJ8FWpeTzymGWs4FwTlYGdC5lZ8gAy4PFN0u5O
2020-07-06 18:19:21,035 INFO  com.example.AuthService.service.UserService [http-nio-8080-exec-10] User $2a$10$cnnvZ91gZs4cDkmVhR.9fekKRGNIZU942z.pF4ytv6ojsHMrU5wnm verified
2020-07-06 18:19:21,188 INFO  com.example.AuthService.service.UserService [http-nio-8080-exec-10] AccessToken generated for user $2a$10$0BDpbe/AmDjjvmQslin0o.BSpa/a/DtjcpXgCb3EMaUDD78UPtGSG
2020-07-06 18:21:43,084 INFO  com.example.AuthService.service.UserService [http-nio-8080-exec-2] User $2a$10$yYBOuIzINMugWsg05F4nq.bSVcbyNcXy9/mmZNh035Wc.NL47LlBq verified
2020-07-06 18:21:43,255 INFO  com.example.AuthService.service.UserService [http-nio-8080-exec-2] AccessToken generated for user $2a$10$3lNbHCsjDOl8IbV/PoOV4.7aME.EC7YziRrV/c6bJ2A3S8ZeFHEoe
2020-07-06 18:21:46,743 INFO  com.example.AuthService.service.UserService [http-nio-8080-exec-3] User $2a$10$m2Lu.8ZQIai5l4FPVRxupegDrdy3LMwUgu.uBDFfVG6O0GBtHBUia verified
2020-07-06 18:21:46,939 INFO  com.example.AuthService.service.UserService [http-nio-8080-exec-3] AccessToken generated for user $2a$10$N0X50ZJBBoEU5ycAvOzRSeLni5.uitaytUCrLgWWHcKl1B.hARGzu
2020-07-06 18:21:56,964 INFO  com.example.AuthService.service.UserService [http-nio-8080-exec-4] User $2a$10$UfVP7.NpYvgENP9LqlzpTOhu2Bcj4i3u8gGTS6icJ4/rNk6QOFpYC verified
2020-07-06 18:21:57,254 INFO  com.example.AuthService.service.UserService [http-nio-8080-exec-4] AccessToken generated for user $2a$10$3xUm.xyDqGRdEisEAReFIu3lu68K9.EYmpgidAKDGLzCzE94oKGUO
2020-07-06 18:21:59,068 INFO  com.example.AuthService.service.UserService [http-nio-8080-exec-5] User $2a$10$BttsGHdB0z.AhvqyC3tuFOJQTk.GJHetsg2IAvMCjh.ubhWfazsve verified
2020-07-06 18:21:59,240 INFO  com.example.AuthService.service.UserService [http-nio-8080-exec-5] AccessToken generated for user $2a$10$ntABa7IvMjC/0Dq3FDFw9.i3WY3B5E6G2nI.kryx6xfszoYMK0ERC
2020-07-06 18:59:12,118 INFO  com.example.AuthService.controller.UserController [http-nio-8080-exec-7] Successfull auth $2a$10$PQnWMzjqieAEfkWhz66JVeJxmHlfjwfRG61NKnvGMjDqNDkCzQitq
2020-07-06 18:59:12,779 INFO  com.example.AuthService.service.UserService [http-nio-8080-exec-9] User $2a$10$iMQUkbBiKAs/YvOy2NXFneIIr0RDKtzT4gpXfsz3XXzbkImRF5J/i verified
2020-07-06 18:59:12,937 INFO  com.example.AuthService.service.UserService [http-nio-8080-exec-9] AccessToken generated for user $2a$10$OjEeu59y60oyyYG1cEoH..cKtzyinWXUfj4sPIPzpqp2g6HOTJKgq
2020-07-06 18:59:13,057 INFO  com.example.AuthService.service.UserService [http-nio-8080-exec-10] User $2a$10$xafNoWCKYhKoklNWr3jKH.BCZXxJDd4YP2dckZJoLungHqvsBpVga verified
2020-07-06 18:59:13,390 INFO  com.example.AuthService.service.UserService [http-nio-8080-exec-10] AccessToken generated for user $2a$10$O2MB/Qg2oeO5GCSufcwJOeBFL7cqql202CGrL4CawLJdWMGeZoAlm
2020-07-06 18:59:19,149 INFO  com.example.AuthService.service.UserService [http-nio-8080-exec-2] User $2a$10$JORkK5AkMY22PRaDbdRFXeb9mdogM64WjwjTD6tek8zJ5Xw9kM66O verified
2020-07-06 18:59:19,293 INFO  com.example.AuthService.service.UserService [http-nio-8080-exec-2] AccessToken generated for user $2a$10$3i7pNX5TNHuZav.z8BA2EOnIGvzsxPtKVxavtrduBEz8njpj8oAfK
2020-07-06 18:59:21,299 INFO  com.example.AuthService.service.UserService [http-nio-8080-exec-3] User $2a$10$LGgVWIw96MB7.zqJyyLXEeWFuZ55lCRWUQFwofx/0wfLFKKzZLH7O verified
2020-07-06 18:59:21,444 INFO  com.example.AuthService.service.UserService [http-nio-8080-exec-3] AccessToken generated for user $2a$10$.2qHt4O6JUWY6Kruvo4tKOpkenSQOkh3xsR6laQUab/kpgOqqG7G.
2020-07-06 19:00:46,715 INFO  com.example.AuthService.service.UserService [http-nio-8080-exec-6] User $2a$10$JFvlkoygQezEWIRAGhtj1.3HcixaIM1vYOj4P0JCT3h3vFUAlfx8u verified
2020-07-06 19:00:46,875 INFO  com.example.AuthService.service.UserService [http-nio-8080-exec-6] AccessToken generated for user $2a$10$c0CUuuQVdtGgyz/wd2zlIOUCPz68i/wS2ltM0d9NiNeEQXxTUrnPm
2020-07-06 19:00:58,269 INFO  com.example.AuthService.service.UserService [http-nio-8080-exec-8] User $2a$10$BTL4EjWxRmboYprf756vk.JH981n96CYfKMpZevgB52QE2rXbbiR2 verified
2020-07-06 19:00:58,454 INFO  com.example.AuthService.service.UserService [http-nio-8080-exec-8] AccessToken generated for user $2a$10$DVbDxmWT/LSJbx.8z7z0fu4G7NpKYiPmQ5Bn8Tegc5cUZkLoWDv.6
2020-07-06 19:01:48,694 INFO  com.example.AuthService.service.UserService [http-nio-8080-exec-7] User $2a$10$VioQidsjE.oSsX6ov3fgcebBeWd.1WWvgVbdDgTDA.ft3I2OQSoIK verified
2020-07-06 19:01:48,872 INFO  com.example.AuthService.service.UserService [http-nio-8080-exec-7] AccessToken generated for user $2a$10$xHWuYDciw8ynR6FmUO59zOiBhmiwcblNwl.BKzfUWDS/rP5NiKPu.
2020-07-06 19:02:51,463 INFO  com.example.AuthService.service.UserService [http-nio-8080-exec-1] User $2a$10$XEAxFoyCFBh2eMmM5F0Ag.bcYUPsA.2Lgtey3terr3qKBGeX64gO. verified
2020-07-06 19:02:51,647 INFO  com.example.AuthService.service.UserService [http-nio-8080-exec-1] AccessToken generated for user $2a$10$2iZMZukqoGSEiknECCVEIuv60MrJRRi.KGRXNKWj1r98aul.0w5JW
2020-07-06 19:11:05,606 INFO  com.example.AuthService.service.UserService [http-nio-8080-exec-2] User $2a$10$OOM.8K8GZq8kzLkvnGTjzeTO13SpSzqmeQsbtOSYwmsSh2pQotkmq verified
2020-07-06 19:11:05,773 INFO  com.example.AuthService.service.UserService [http-nio-8080-exec-2] AccessToken generated for user $2a$10$4crnJWcQUF.yUimid9IQreeLHC8bBdkjpMdq1Jc9zz4KgAFrJsaD.
2020-07-06 19:12:27,621 INFO  com.example.AuthService.service.UserService [http-nio-8080-exec-4] User $2a$10$lTo.ICKvI2vuJ6BVb23GUeUihfgPyAnQhETmsW1o.lY3yvyPbFmt2 verified
2020-07-06 19:12:27,795 INFO  com.example.AuthService.service.UserService [http-nio-8080-exec-4] AccessToken generated for user $2a$10$OVvRy.ltjH5PPORelqTXnOap4yJRnu.wkA7fKmCcUJOmNQZMqyfDO
2020-07-06 19:14:07,763 INFO  com.example.AuthService.service.UserService [http-nio-8080-exec-6] User $2a$10$iGwcCF/otjRKaRkYVbZRxuOJX8Eeen7a1djGK9rXz791O7BaLaO4y verified
2020-07-06 19:14:07,922 INFO  com.example.AuthService.service.UserService [http-nio-8080-exec-6] AccessToken generated for user $2a$10$VT52Gq4DR.yDFWXTwE8k/OvnEEaHyF.vCgNbIJArIcphZxsm6EZqO
2020-07-06 19:14:52,373 INFO  com.example.AuthService.service.UserService [http-nio-8080-exec-8] User $2a$10$fbdWXNrwdVI5d0.w02Sbn.WX6tcutPv/pPXvry8NwnD7MF3NIUfM. verified
2020-07-06 19:14:52,569 INFO  com.example.AuthService.service.UserService [http-nio-8080-exec-8] AccessToken generated for user $2a$10$EVuQvtodt6AxYw8563MGk./UxpFlNEGK7Sqgf6iW2vsNuWkU.euG2
2020-07-06 19:19:43,761 INFO  com.example.AuthService.service.UserService [http-nio-8080-exec-9] User $2a$10$itkadh9f2DaDDJiEdwatDeCoahKpZu6b48ovLuoc3vgeWcqkbXN3i verified
2020-07-06 19:19:43,913 INFO  com.example.AuthService.service.UserService [http-nio-8080-exec-9] AccessToken generated for user $2a$10$0UgVkk1agUmBowWCDXcLJu.Vz/squGVoAfYMTfVnlg0Mi2e3UhsAS
2020-07-06 19:22:06,659 INFO  com.example.AuthService.service.UserService [http-nio-8080-exec-10] User $2a$10$qRxtKGdbyAUyTbTmST.Cjux3eEpyGTD7QWPKF45FZi1Vxd9FuGBrS verified
2020-07-06 19:22:06,817 INFO  com.example.AuthService.service.UserService [http-nio-8080-exec-10] AccessToken generated for user $2a$10$CkO3mGBnAwtysHr4j6Y4keKa4jUFFZl97wBYuYh4R7KsLaiZ/1OmC
2020-07-06 19:22:36,764 INFO  com.example.AuthService.service.UserService [http-nio-8080-exec-2] User $2a$10$ZvRx6DKM9TMKaEnA4FkT5OGJcBN1l5FbhRi.FFZLZfAxYSkn2Edam verified
2020-07-06 19:22:36,911 INFO  com.example.AuthService.service.UserService [http-nio-8080-exec-2] AccessToken generated for user $2a$10$a5H.Z4MdFYqPbFX92CnhQeDZkW9/dS8AVmjUtnu7OYcjkIqqidcJO
2020-07-06 19:23:44,644 INFO  com.example.AuthService.service.UserService [http-nio-8080-exec-4] User $2a$10$8mgtyN/0o2OP4fK32iLZr.o2DQUXYIbfB6VWipFIacK3dbGUlpE3K verified
2020-07-06 19:23:44,792 INFO  com.example.AuthService.service.UserService [http-nio-8080-exec-4] AccessToken generated for user $2a$10$TSg7NiA2LdGQo0X55hHNZebuUuI8FPFARSpVcFf7etZ0Grf7RNiKy
2020-07-06 19:25:35,679 INFO  com.example.AuthService.service.UserService [http-nio-8080-exec-6] User $2a$10$8r0T9Gf/TqjzyvP9ImwRm.juuPtfUXWYlGxcSV8WPPIiUk/X10ELO verified
2020-07-06 19:25:35,833 INFO  com.example.AuthService.service.UserService [http-nio-8080-exec-6] AccessToken generated for user $2a$10$KV4a2clTV2vpRJkcqY/daOJsqAee5PYfCa5LZuvGaQ1usZRgNAOUG
2020-07-06 19:35:31,866 INFO  com.example.AuthService.service.UserService [http-nio-8080-exec-7] User $2a$10$kAxRPuFLSd1SFWxZbASlxu.hlf7p2lPCa3VXREcgf7arzm7Tlrvje verified
2020-07-06 19:35:32,012 INFO  com.example.AuthService.service.UserService [http-nio-8080-exec-7] AccessToken generated for user $2a$10$5WJ.OpIgXprRYqUjS8/iGuz1EIUxwH49bF3p./N3WV2/k2m6vfNvC
2020-07-06 19:36:06,162 INFO  com.example.AuthService.service.UserService [http-nio-8080-exec-9] User $2a$10$TGIpKf40VZb2ZUdP/tEkeuY4RtD6QRkpLX3Fa7h3v2jPpqn1f9e52 verified
2020-07-06 19:36:06,321 INFO  com.example.AuthService.service.UserService [http-nio-8080-exec-9] AccessToken generated for user $2a$10$IdAOmveGCUapITAcOBW73euXN1qrmseLhgL3TvGxlF6g7eEHvkYlG
2020-07-06 19:36:17,964 INFO  com.example.AuthService.service.UserService [http-nio-8080-exec-1] User $2a$10$SgxCK11P/OIl0cpVznoXRezTIJKLTLkeDD48FZOsaVtOahUbn.gia verified
2020-07-06 19:36:18,110 INFO  com.example.AuthService.service.UserService [http-nio-8080-exec-1] AccessToken generated for user $2a$10$FrC9RbZDnRmT3OOowmPciuylJZM2Mt1kDG.jmJB0vHarvWjnfLv.y
2020-07-06 19:39:07,111 INFO  com.example.AuthService.service.UserService [http-nio-8080-exec-2] User $2a$10$PqVjgQT5kX5/JSUiKPFPnOwBZ6GCmNklZ9vyQsM3O4Wkd9Z2BUT2a verified
2020-07-06 19:39:07,303 INFO  com.example.AuthService.service.UserService [http-nio-8080-exec-2] AccessToken generated for user $2a$10$ywBfoXYuYHDydJOfWxR2FuMyCXp5qpKHBkHAaK46jTweZGfUiswDy
2020-07-06 19:42:20,871 INFO  com.example.AuthService.service.UserService [http-nio-8080-exec-4] User $2a$10$Yn9fyqats.ziLNCUwY7mFOcQolIhGAdINsYokL8RS4n0a.5JSfPqu verified
2020-07-06 19:42:21,043 INFO  com.example.AuthService.service.UserService [http-nio-8080-exec-4] AccessToken generated for user $2a$10$jR46DmYToz.GaAtmFZ4oJeRc7RWCV1SwQ/V4.oTHE6cxTtOOtTMA.
2020-07-06 19:42:25,976 INFO  com.example.AuthService.service.UserService [http-nio-8080-exec-5] User $2a$10$hml7YrmK/Q.zrhRxB3Oj9.oH9NNeyEZdGXNANUkXoiC7DnwyJlsRi verified
2020-07-06 19:42:26,212 INFO  com.example.AuthService.service.UserService [http-nio-8080-exec-5] AccessToken generated for user $2a$10$dmG792KuG/BjYzAx6S.yT.uK/2ODLFJd.FgcxwleRKnFdVatIqXlq
2020-07-06 19:53:55,050 INFO  com.example.AuthService.service.UserService [http-nio-8080-exec-8] User $2a$10$c7KkJbztOzWNL25LfXaVJul5ykBzQ76ad.wXpiftE0WJlkNOYDLea verified
2020-07-06 19:53:55,052 INFO  com.example.AuthService.service.UserService [http-nio-8080-exec-7] User $2a$10$JFgNTxF18Vk5WO4CATh.F./ZpX/Md2B3oLQirOuDmz46TRdef/WW6 verified
2020-07-06 19:53:55,159 INFO  com.example.AuthService.service.UserService [http-nio-8080-exec-8] AccessToken generated for user $2a$10$g3KPA6J.XzcMIT2c1FT1AehaQ7MZsTKmIUpIszcMElZWuy197PeRG
2020-07-06 19:53:55,163 INFO  com.example.AuthService.service.UserService [http-nio-8080-exec-7] AccessToken generated for user $2a$10$Y2VfpjiF6FN0JuVC9zWwLOOdXWqxunG3QYw7XPWkjBwgQni9Ptw7S
2020-07-06 19:53:59,881 INFO  com.example.AuthService.service.UserService [http-nio-8080-exec-1] User $2a$10$JodkYAqXApVwaIkjYtbAO.Jhs4wuDQDrPjrgUaR7yPDt/0PU2UGQ2 verified
2020-07-06 19:53:59,977 INFO  com.example.AuthService.service.UserService [http-nio-8080-exec-1] AccessToken generated for user $2a$10$72VLvAkagqxrk8WPn5yXeOAajvam5ZEzTDt9ILlf6fq15Xq.y5NRK
2020-07-06 19:54:10,216 INFO  com.example.AuthService.service.UserService [http-nio-8080-exec-10] User $2a$10$ao1JM6b6WAd55NOB0xymbeYMpOOM9l35T.Ozx5PhLcfJWQ90cD/i2 verified
2020-07-06 19:54:10,319 INFO  com.example.AuthService.service.UserService [http-nio-8080-exec-10] AccessToken generated for user $2a$10$iRkdYN0eTIXRMB6.Mc35zeZR9qsjkvETgTVh8d8F46EAY2OolcIV6
2020-07-06 19:54:19,596 INFO  com.example.AuthService.service.UserService [http-nio-8080-exec-2] User $2a$10$o6e2gUCVxuyTtVUR0NtDvevStzik7nvsnB2WdzUIbrEnh1WxaehWG verified
2020-07-06 19:54:19,685 INFO  com.example.AuthService.service.UserService [http-nio-8080-exec-2] AccessToken generated for user $2a$10$xkRCBmFmWqVDd2Jq3OGwReHbWcz6ZyYzvr5Mnq6EANloBBVi5yWLu
2020-07-06 19:54:21,715 INFO  com.example.AuthService.service.UserService [http-nio-8080-exec-3] User $2a$10$Z9qbl5I6FOScDBbpUr8PEedm7K4.15AxgBRbTYa6s.meC8vGUYA52 verified
2020-07-06 19:54:21,806 INFO  com.example.AuthService.service.UserService [http-nio-8080-exec-3] AccessToken generated for user $2a$10$5LvAHmVNhOCx33E.Y0b3c.hoZgSAfiHX4s6tMTWHKUfCq3V4udNMy
2020-07-06 19:54:26,156 INFO  com.example.AuthService.service.UserService [http-nio-8080-exec-4] User $2a$10$xQIeLQjlCy7toauuxZ3CAeYUw0cCOj7ZxYG1dwYpz7WPaYmmeJXEu verified
2020-07-06 19:54:26,250 INFO  com.example.AuthService.service.UserService [http-nio-8080-exec-4] AccessToken generated for user $2a$10$1o31RomnOcumkc8VNZWzQ.7izisUYB.fuCaGVBJq/LWPUslJcFDL2
2020-07-06 19:54:46,957 INFO  com.example.AuthService.service.UserService [http-nio-8080-exec-5] User $2a$10$g4W/15usAsQMxKY9uhYlqO7W.Pa/mjvFDhe2jukawo8iSfI8TDKv2 verified
2020-07-06 19:54:47,057 INFO  com.example.AuthService.service.UserService [http-nio-8080-exec-5] AccessToken generated for user $2a$10$9q7cyGyLiduih77jpmIA6O.dVgg6y.6takKNz.d1QAtnd5QD76ugO
2020-07-06 19:54:59,085 INFO  com.example.AuthService.service.UserService [http-nio-8080-exec-8] User $2a$10$8E.oBd2G2Ef3ltu6Vn3Gt.2uvalBvJn6cid2muclp0nOIlXBx11fG verified
2020-07-06 19:54:59,184 INFO  com.example.AuthService.service.UserService [http-nio-8080-exec-8] AccessToken generated for user $2a$10$AmLIWN3xf6ixzOkWF7GUKuoi3x2/FNJ3h4ZuxBuzMQeq3Yp2C.1Pu
2020-07-06 19:55:05,138 INFO  com.example.AuthService.service.UserService [http-nio-8080-exec-7] User $2a$10$I.cmr5yR6v4ZdmFemZDNleEr.5a9eBI78fD3cAO20pDujMUFjhX66 verified
2020-07-06 19:55:05,225 INFO  com.example.AuthService.service.UserService [http-nio-8080-exec-7] AccessToken generated for user $2a$10$8x2VY8psoM0lK020Sl.Fwet7ZoR1Fqr4cak60.sCA3/5AZAfO9Sea
2020-07-06 19:55:07,159 INFO  com.example.AuthService.service.UserService [http-nio-8080-exec-9] User $2a$10$G3R4/VOeOROwfsV1aQa1MunuFEWvDSN0inuZrl/zypRfOmqgx.A.y verified
2020-07-06 19:55:07,257 INFO  com.example.AuthService.service.UserService [http-nio-8080-exec-9] AccessToken generated for user $2a$10$OoulJGtQKqYp72AWGY61BeTFPNGiI3nxw2c3ZFPMuc2Qq/qoeRBRy
2020-07-06 19:55:26,773 INFO  com.example.AuthService.service.UserService [http-nio-8080-exec-1] User $2a$10$Rf/FNImUVlEeWKBhZOje1eu5bseNye1b2y1mGHWTWz/vhtAhT2S.G verified
2020-07-06 19:55:26,890 INFO  com.example.AuthService.service.UserService [http-nio-8080-exec-1] AccessToken generated for user $2a$10$gMjnefv5ypNfAfuoXYNI..OqEYbH60CCPnWHk05tTIFcE/qhaLGjC
2020-07-06 19:59:05,443 INFO  com.example.AuthService.service.UserService [http-nio-8080-exec-2] User $2a$10$o/pR5Lkg0URi.SWGh60Wy.GDPhlMZPHWz3kQ5wcbJh2gzHqjSN/wa verified
2020-07-06 19:59:05,546 INFO  com.example.AuthService.service.UserService [http-nio-8080-exec-2] AccessToken generated for user $2a$10$h4UsnJvjYOQmtPKlwaqmZ.a1YKy8fGR/k/Qqt6pvi7EY8VsiHDnTK
2020-07-06 19:59:09,217 INFO  com.example.AuthService.service.UserService [http-nio-8080-exec-3] User $2a$10$JGoNrXlHj68jVMdKdqkXmeSSgkA8A5hAUSpFeQZQ.6ECOiJc43Jou verified
2020-07-06 19:59:09,223 INFO  com.example.AuthService.service.UserService [http-nio-8080-exec-4] User $2a$10$N2M9OlOLISuQc1YQ.HImveqy8sf6kKEd4X4IlB77neIcw7EInkd0W verified
2020-07-06 19:59:09,325 INFO  com.example.AuthService.service.UserService [http-nio-8080-exec-3] AccessToken generated for user $2a$10$/2JJb.AXxBN89iM6EKLS9uSAYTY.YWYhnorNx5JYNnGgX.LoD70eq
2020-07-06 19:59:09,331 INFO  com.example.AuthService.service.UserService [http-nio-8080-exec-4] AccessToken generated for user $2a$10$TlCHXRSO4c07xRA8U8quxumJ.WHo3HrSLHlTOBiJzUeHdZpUzs3gS
2020-07-06 19:59:14,861 INFO  com.example.AuthService.service.UserService [http-nio-8080-exec-6] User $2a$10$OgFMKSQ8mCfFKPpuD60fKOS6cYgwRmlZ5IEywCdOa8Ibyz/EePTyG verified
2020-07-06 19:59:14,966 INFO  com.example.AuthService.service.UserService [http-nio-8080-exec-6] AccessToken generated for user $2a$10$7gIQMbnzsb7s2AkGWtRIEuZeaBJEoQ67mgOqYd/uSWTmLutbngA9m
2020-07-06 19:59:21,675 INFO  com.example.AuthService.service.UserService [http-nio-8080-exec-8] User $2a$10$.Z5sDIZcxy6pHhlNzgIK/uEu8ke.UGB9YLceG9xaYyixcqkh6s8MK verified
2020-07-06 19:59:21,784 INFO  com.example.AuthService.service.UserService [http-nio-8080-exec-8] AccessToken generated for user $2a$10$XqdVCFPnIlNea01moNPM7OZptQw7pnHFj9FEHfBBA2c6W30NBU4g.
2020-07-06 20:00:02,777 INFO  com.example.AuthService.service.UserService [http-nio-8080-exec-7] User $2a$10$Hti4rHfRejQr4s8p8KCAqud7fiLPbJexIUBmbf4D5X3VvIOG2y2xW verified
2020-07-06 20:00:02,872 INFO  com.example.AuthService.service.UserService [http-nio-8080-exec-7] AccessToken generated for user $2a$10$YRLr86POVsNTMDEfpYKgz.KPBwlvp9wlv4F4HoHbAyqZnqk/.Tjqy
2020-07-06 20:00:03,459 INFO  com.example.AuthService.service.UserService [http-nio-8080-exec-9] User $2a$10$iPW4HkSR01k2e36ZvZvWhOIBwb5PlgoR2THjvdZiHzKVsvvyviEAG verified
2020-07-06 20:00:03,675 INFO  com.example.AuthService.service.UserService [http-nio-8080-exec-9] AccessToken generated for user $2a$10$WMDZY/72QLD6FKnwprwrw.4iSq5fwKkb.ROIZsebqVaE9LQCVF7Yu
2020-07-06 20:00:16,422 INFO  com.example.AuthService.service.UserService [http-nio-8080-exec-10] User $2a$10$aIS8CR0RVESCNJrrbDLXmea.bKlokpNswq4Re/wblbhhQ.hh.44Zm verified
2020-07-06 20:00:16,519 INFO  com.example.AuthService.service.UserService [http-nio-8080-exec-10] AccessToken generated for user $2a$10$LXp3rsaatl71StKzXtw4seQbu4cySPo4DJ8COuGXU0LLW4ZqVu9K6
2020-07-06 20:00:16,743 INFO  com.example.AuthService.service.UserService [http-nio-8080-exec-2] User $2a$10$69y1AHb1G.H7dxwKhxG2feIkX8dbQ7scjj3EffrQB9jk35hQHlKoW verified
2020-07-06 20:00:16,844 INFO  com.example.AuthService.service.UserService [http-nio-8080-exec-2] AccessToken generated for user $2a$10$StHYSBfKNusSzCP6qZ.3b.bHDvzRhKvyKOQS4Ki52y6u2IxE1Xbse
2020-07-06 20:00:23,690 INFO  com.example.AuthService.service.UserService [http-nio-8080-exec-3] User $2a$10$phLV.aSQEIGAc4XCuhauNujI8cyvZspk.9Z/grshRg8bQMbYVGPV6 verified
2020-07-06 20:00:23,779 INFO  com.example.AuthService.service.UserService [http-nio-8080-exec-3] AccessToken generated for user $2a$10$IG85ZimHZ3TTe44ex5fuF.DcjN.Uk7PAB96F3/GvCMa7SOWPJX3jO
2020-07-06 20:01:13,545 INFO  com.example.AuthService.service.UserService [http-nio-8080-exec-4] User $2a$10$o78Bvne3ZG7jSlOyBWzSgOhqcgrpcXx5bKDfZlae2s1yIZnFNKBNe verified
2020-07-06 20:01:13,643 INFO  com.example.AuthService.service.UserService [http-nio-8080-exec-4] AccessToken generated for user $2a$10$fgmYoEUyz6Tth5RVU6X.kelNhjQz0Wa90v.SS44Qjgw7q8oNWitwm
2020-07-06 20:01:18,967 INFO  com.example.AuthService.service.UserService [http-nio-8080-exec-5] User $2a$10$2MnlfXjgBAGHY6mkoGOCGOwbximFT6CqBv2FGUn1wY7VeHNyhmFum verified
2020-07-06 20:01:19,051 INFO  com.example.AuthService.service.UserService [http-nio-8080-exec-5] AccessToken generated for user $2a$10$TUbzchpfgR3oVgKPT7.Ua.GEx2ONnuW1ScFkSgZvuiHpI2XQuScTa
2020-07-06 20:01:23,400 INFO  com.example.AuthService.service.UserService [http-nio-8080-exec-6] User $2a$10$ZvGJJD9N0Aa1xmWoVWapZeboHPhLMlF.4vePzbxxpXk6iaDxq3t.e verified
2020-07-06 20:01:23,498 INFO  com.example.AuthService.service.UserService [http-nio-8080-exec-6] AccessToken generated for user $2a$10$y3/vA79IImoPR7cUH45V5uf31KlMWPo/1egKbupD/TWdtqdaHFJAu
2020-07-06 20:01:24,897 INFO  com.example.AuthService.service.UserService [http-nio-8080-exec-8] User $2a$10$ABmoZ4V9ev3gqQmUqZ7hlOgQFvwgxyPc2rK51UHuNX94devEo5jvq verified
2020-07-06 20:01:24,988 INFO  com.example.AuthService.service.UserService [http-nio-8080-exec-8] AccessToken generated for user $2a$10$1ARx1bijyBV0OnADbFBo1eC8w8Y4s7ffmc0RyS0kBIH72nMoOu7.2
2020-07-06 20:01:26,562 INFO  com.example.AuthService.service.UserService [http-nio-8080-exec-7] User $2a$10$DU2NrqUp0d0sxRsT4FOcc.Mqt1/0Zyw9lNK7pqwbwAbFX3RbGyX.y verified
2020-07-06 20:01:26,656 INFO  com.example.AuthService.service.UserService [http-nio-8080-exec-7] AccessToken generated for user $2a$10$4suRwKI21cyIQxM6D5DW0.kfWJjUpiBnQavW92ycve6MZluVP8aPi
2020-07-06 20:01:39,454 INFO  com.example.AuthService.service.UserService [http-nio-8080-exec-9] User $2a$10$4MsdcTKdSLhQ68zfUBkD7u5KUzGE78xgKVZJ7jCas3QCZJ4YGvjNO verified
2020-07-06 20:01:39,551 INFO  com.example.AuthService.service.UserService [http-nio-8080-exec-9] AccessToken generated for user $2a$10$fnnlgVgi99HeBVFuH/l7EuX33eODDqt9B0zWCmgzvKW.k.94AVZEe
2020-07-06 20:01:42,123 INFO  com.example.AuthService.service.UserService [http-nio-8080-exec-1] User $2a$10$lEVcShy3fbafniqZFetP1OVD1FRmm0ChjgZqpw16pceN/spVguY22 verified
2020-07-06 20:01:42,213 INFO  com.example.AuthService.service.UserService [http-nio-8080-exec-1] AccessToken generated for user $2a$10$emlOJiuEREjOjHKzVbu/NOxWN7Zu52iZOYNXVq6g7zefQYzkx1Tre
2020-07-06 20:02:15,181 INFO  com.example.AuthService.service.UserService [http-nio-8080-exec-10] User $2a$10$bNozuOH7Qs4PRold/RZae.sYNljntaS8m9sFhKulvjh.kUIq.cLJK verified
2020-07-06 20:02:15,291 INFO  com.example.AuthService.service.UserService [http-nio-8080-exec-10] AccessToken generated for user $2a$10$bgmYQHE0fipb4l7AYlpE..O1TV1uPZOmxh6IuQGfxFD5UF0eIr3uK
2020-07-06 20:04:30,049 INFO  com.example.AuthService.service.UserService [http-nio-8080-exec-3] User $2a$10$2.sKHJO3g7KGxsdZzb6S1umv.yILsnfu9S/FB6tU9IfhBkgLfvzKu verified
2020-07-06 20:04:30,153 INFO  com.example.AuthService.service.UserService [http-nio-8080-exec-3] AccessToken generated for user $2a$10$XPe2Yx3hJkg14nVOjzXyC.ddjFdeXRbmxcAmn1aI6P7kEJqAxVv7C
2020-07-06 20:10:47,119 INFO  com.example.AuthService.service.UserService [http-nio-8080-exec-5] User $2a$10$FbyglMockhFwf9/c5UHURuKXsgDa4zeuOPPy0jigQ80PFbHLSDzPm verified
2020-07-06 20:10:47,233 INFO  com.example.AuthService.service.UserService [http-nio-8080-exec-5] AccessToken generated for user $2a$10$a0yXJpafihtdnKOWZkh8j.DQwilWUiYrtuCZMDdcqe7dOTNwzMwo2
2020-07-06 20:10:50,305 INFO  com.example.AuthService.service.UserService [http-nio-8080-exec-6] User $2a$10$rEN92JqZPJIQNAH7d61g0.ZQaN6eu24Xf9JF8/vDFBKSns07gi0Iu verified
2020-07-06 20:10:50,405 INFO  com.example.AuthService.service.UserService [http-nio-8080-exec-6] AccessToken generated for user $2a$10$O6O6YpwtcR/aCXPrzKvV6.TmKuDDZCciUQwbIOXIMQcq8S27Biq7e
2020-07-06 20:10:52,197 INFO  com.example.AuthService.service.UserService [http-nio-8080-exec-8] User $2a$10$AEi7kPsq7m.cyUpCvr5XGOLkYlR8gHVJa8Co.rGURQ8xsZKt2.lJe verified
2020-07-06 20:10:52,295 INFO  com.example.AuthService.service.UserService [http-nio-8080-exec-8] AccessToken generated for user $2a$10$W2ntbsvCtYYn4dIitnrdxuPWgebbNXt0gMfgYdDewJ0de4Lv.RUkG
2020-07-06 20:10:57,259 INFO  com.example.AuthService.service.UserService [http-nio-8080-exec-7] User $2a$10$PTcosn1xTyLjUtrvpeVan.Uhc0rl7iBq5AGjy8RpFhK4DY.Zyb9va verified
2020-07-06 20:10:57,354 INFO  com.example.AuthService.service.UserService [http-nio-8080-exec-7] AccessToken generated for user $2a$10$pY6Iuf8KiZZO1K1u2DbHdOMYbeRBqCfw7LZb5Dn3EwRZAsUQC.bOy
2020-07-06 20:11:52,671 INFO  com.example.AuthService.service.UserService [http-nio-8080-exec-9] User $2a$10$rjamJoras7JcYsFBPfEIj.GLuoaaLJfFUc8oIkGMZV7kEUZxqlRCC verified
2020-07-06 20:11:52,781 INFO  com.example.AuthService.service.UserService [http-nio-8080-exec-9] AccessToken generated for user $2a$10$Szy8DrwhWenNqEkocSk0WeTJTfA/FFMszyhS7AjDvXsMJOggYbBj6
2020-07-06 20:16:31,561 INFO  com.example.AuthService.service.UserService [http-nio-8080-exec-10] User $2a$10$i/eb/qEKnUm3hzZ9PdAEWOiMhC0nu45heuVLIZc5rB7Pp1z03cQOW verified
2020-07-06 20:16:31,674 INFO  com.example.AuthService.service.UserService [http-nio-8080-exec-10] AccessToken generated for user $2a$10$uJ/IHo.FSAMptDTn/Uw/b.RTZYo/RMAXz.NXQ9NiKZmWFc2UAf3GC
2020-07-06 20:17:46,129 INFO  com.example.AuthService.service.UserService [http-nio-8080-exec-3] User $2a$10$YPHDtkf0ADbuBWUxCvs5U.b2EbUXHgD/DNSeAF.WrUEiAiwlPFyai verified
2020-07-06 20:17:46,203 INFO  com.example.AuthService.service.UserService [http-nio-8080-exec-3] AccessToken generated for user $2a$10$O057qx3FmZcMxZwBIN3JVOtNBoZbW8dSGJpfKKtE.5KDg8wEKZ5a6
2020-07-06 20:17:51,812 INFO  com.example.AuthService.service.UserService [http-nio-8080-exec-4] User $2a$10$9JaoqiKKgYzJhlnn/Ryimu6ovTDGdjczV62Ys9UGKZgKcIElubhqu verified
2020-07-06 20:17:51,891 INFO  com.example.AuthService.service.UserService [http-nio-8080-exec-4] AccessToken generated for user $2a$10$oPvEp9y.1Hf4rvkbf.P7z.r6iRIw7kLtIeEMrWnuA8SWHKHOI3z1.
2020-07-06 20:17:52,105 INFO  com.example.AuthService.service.UserService [http-nio-8080-exec-5] User $2a$10$xrmKmnDZV8KM0ifTaQY./.M3uZ80Hbm5.trlGW5qGqFUlpACwA3K2 verified
2020-07-06 20:17:52,180 INFO  com.example.AuthService.service.UserService [http-nio-8080-exec-5] AccessToken generated for user $2a$10$WvH.5zP.qvgUfBfzBr6RP.H32MaPUXK0UjS9lYnskNKX5vLcAd.wW
2020-07-06 20:17:54,415 INFO  com.example.AuthService.service.UserService [http-nio-8080-exec-6] User $2a$10$LYXJ3KqseAArJVA/yOkHcOProMmtLcTTS8jvF2DjKfGZfiVf4sBsO verified
2020-07-06 20:17:54,487 INFO  com.example.AuthService.service.UserService [http-nio-8080-exec-6] AccessToken generated for user $2a$10$T5QrAe7SnPQHN3JvCsZ0w.lkFgt8tAYXGSK478TzpIbpy2edMys52
2020-07-06 20:17:57,257 INFO  com.example.AuthService.service.UserService [http-nio-8080-exec-8] User $2a$10$.kEqqWHI3CjJAXgCeqcx8ui4tlrMS3TJhm6vHklOCfl.SZubzoAmS verified
2020-07-06 20:17:57,336 INFO  com.example.AuthService.service.UserService [http-nio-8080-exec-8] AccessToken generated for user $2a$10$fKu.ogxOsGY/N1EKd0Jz3OZKbxm0TdvkbgWgdUcA3mXxGfLGbrspC
2020-07-06 20:18:12,205 INFO  com.example.AuthService.service.UserService [http-nio-8080-exec-7] User $2a$10$A3TRHt3jH6mO0ypRPgvpJ.FLF6UipiP8Inf6nNtz/vb2Y1Vmj//ye verified
2020-07-06 20:18:12,279 INFO  com.example.AuthService.service.UserService [http-nio-8080-exec-7] AccessToken generated for user $2a$10$/OyTC9a8Ruxur84.RJWNU.Mb.9MYBtQCiAY8/S/b.KCaHBixxI/rC
2020-07-06 20:18:12,436 INFO  com.example.AuthService.service.UserService [http-nio-8080-exec-9] User $2a$10$IWDlRPqNissiVk0ypnL1kO4.uOChh24Ovv4TTT6CEY9qQb7LOkxAe verified
2020-07-06 20:18:12,513 INFO  com.example.AuthService.service.UserService [http-nio-8080-exec-9] AccessToken generated for user $2a$10$QU3J4X/m.DnQthwdSqY2MuEwsv7O6MSOWPF4SkhFvhdjxJoW2nhSi
2020-07-06 20:18:14,921 INFO  com.example.AuthService.service.UserService [http-nio-8080-exec-1] User $2a$10$4ndzfpW3eV08dz8FWLIfo.1InK8K/FirgPBlMUg4e0gGuXvK7uHrq verified
2020-07-06 20:18:14,995 INFO  com.example.AuthService.service.UserService [http-nio-8080-exec-1] AccessToken generated for user $2a$10$ceKEc0V8u.VUwNVyv0d8GOn9qdrqmEIwv82OL6Cknza0/UQGck9cW
2020-07-06 20:18:17,445 INFO  com.example.AuthService.service.UserService [http-nio-8080-exec-10] User $2a$10$SE0KrWZsEWI0/zWdfaogr.vdIanvzKWByjZ0RSFa5tUmvH4zS8J9u verified
2020-07-06 20:18:17,524 INFO  com.example.AuthService.service.UserService [http-nio-8080-exec-10] AccessToken generated for user $2a$10$cgtrnYoRSHFe.n2eOqjflO1zDudkCyDsMwpu5zlNN0TWv77tg7LVa
2020-07-06 20:18:48,746 INFO  com.example.AuthService.controller.UserController [http-nio-8080-exec-3] Successfull auth $2a$10$PzEwOJnyVo62l8trf89y6OjzG71Ep2vhjLnzhv6GXZTre1EaOvybe
2020-07-06 20:18:48,979 INFO  com.example.AuthService.service.UserService [http-nio-8080-exec-4] User $2a$10$NEpp7kk/.V3noDDFQcWhqufdmPa65KoWn69WKJvzN2l0DMckMduHO verified
2020-07-06 20:18:49,050 INFO  com.example.AuthService.service.UserService [http-nio-8080-exec-4] AccessToken generated for user $2a$10$oJy9ccHpdDPoqz/3jxPguuucESX2U0HgafSRk/w2MUIrHlbn6394e
2020-07-06 20:18:49,283 INFO  com.example.AuthService.service.UserService [http-nio-8080-exec-6] User $2a$10$UqB/k9Q2lRTuetlSn3c4M.LF6c4Tk5/VGzQvzki25eK2merlE1OTm verified
2020-07-06 20:18:49,355 INFO  com.example.AuthService.service.UserService [http-nio-8080-exec-6] AccessToken generated for user $2a$10$RsIxon9ulZ3Gej09XBTjwO7tTKZoRNkMiC0bIX5/iQqmnkPtgUx.m
2020-07-06 20:18:53,992 INFO  com.example.AuthService.service.UserService [http-nio-8080-exec-8] User $2a$10$7MWNg2cMamVZtTwW31FENuTL7VsR9pGGCMwfPIpcon0gDQ9mmzhHa verified
2020-07-06 20:18:54,065 INFO  com.example.AuthService.service.UserService [http-nio-8080-exec-8] AccessToken generated for user $2a$10$XTyC99dcOQSjpFkxN58j4.wYvioLfxlo5SR3NoIre4I.c3sJdgYE2
2020-07-06 20:18:56,622 INFO  com.example.AuthService.service.UserService [http-nio-8080-exec-7] User $2a$10$BYeODTAzDzIrf2Vdah2oTOwP.npvPbje0MIwiEGunTwRG20sWMao2 verified
2020-07-06 20:18:56,697 INFO  com.example.AuthService.service.UserService [http-nio-8080-exec-7] AccessToken generated for user $2a$10$UNdIyEXUFEtBBrPMcBAMR.xpkzJqQfTey4NikHepIwKv5wARzxVRm
2020-07-06 20:18:58,434 INFO  com.example.AuthService.service.UserService [http-nio-8080-exec-9] User $2a$10$Fo9Xs0Fy98KZravFUu2PaOnbaE0nC.pnRMhD65GVAfaQXlvsxgtm2 verified
2020-07-06 20:18:58,506 INFO  com.example.AuthService.service.UserService [http-nio-8080-exec-9] AccessToken generated for user $2a$10$eytLVWaNYCLDS9sKNilF3eIR.mOhb8F4QDNijd/MjXiKNZ/EOuUyK
