2020-07-05 17:17:16,485 INFO  org.springframework.boot.SpringApplication [main] No active profile set, falling back to default profiles: default
2020-07-05 17:18:59,128 INFO  org.springframework.boot.StartupInfoLogger [main] Started AuthServiceApplication in 123.799 seconds (JVM running for 133.492)
2020-07-05 18:07:04,612 INFO  com.example.AuthService.controller.UserController [http-nio-8080-exec-1] Successfull auth $2a$10$KHifuyltePcTKXkKl36p5OY4XSrItllpL6PouZv1QDFI2jBoCuxn2
2020-07-05 18:07:04,609 INFO  com.example.AuthService.controller.UserController [http-nio-8080-exec-2] Successfull auth $2a$10$qZyJvcNr0lEZX9/mtoAAc.RcWQWsF5VLOOmAUlwu.81yosxPBorGS
2020-07-05 18:07:06,394 INFO  com.example.AuthService.service.UserService [http-nio-8080-exec-3] User $2a$10$X5qXrmXaklnVdmvw06YJpeypo5joVtU0..nvnSSeMEsbEwM2pdQ0O verified
2020-07-05 18:07:06,523 INFO  com.example.AuthService.service.UserService [http-nio-8080-exec-3] AccessToken generated for user $2a$10$GVa2cJTtLAX3nxr6qWcv3uH0o1ou3Y4mHP8/XaLizkTJqH8D6hH3.
2020-07-05 18:07:48,823 INFO  com.example.AuthService.controller.UserController [http-nio-8080-exec-4] Successfull auth $2a$10$eJeBXP2D6dkPwboyL1M/n.tSRIsrhAZS4ci9HTEFxrAvE.2ZRSOM2
2020-07-05 18:07:49,265 INFO  com.example.AuthService.service.UserService [http-nio-8080-exec-5] User $2a$10$BNu1nUpYPPfD4mXyTf/vVeyIrUPK32chsI2te.jBeUk.QeZ6oM8Vi verified
2020-07-05 18:07:49,388 INFO  com.example.AuthService.service.UserService [http-nio-8080-exec-5] AccessToken generated for user $2a$10$tmhoFNjAJ3VTRefaUi0aEuo4DdT8P5EcZznmqmHUDG8jLK3yzDddS
2020-07-05 18:07:53,661 INFO  com.example.AuthService.service.UserService [http-nio-8080-exec-6] User $2a$10$X3moOQHxyaxpH9UeG2RCp.LPMainrrMj4c4suGTrFQvZ1oCU67UqO verified
2020-07-05 18:07:53,761 INFO  com.example.AuthService.service.UserService [http-nio-8080-exec-6] AccessToken generated for user $2a$10$8OMdj3CdkCfD4C0Tl4C.veCKm0y42h/eqqCSi9rMyOSMLvDL/dCky
2020-07-05 18:07:57,506 INFO  com.example.AuthService.service.UserService [http-nio-8080-exec-7] User $2a$10$c/y4qC29juNA1gyp9PUAdem.sZTm9a7DfNcb17/iHVrCAiCp5Ycmu verified
2020-07-05 18:07:57,634 INFO  com.example.AuthService.service.UserService [http-nio-8080-exec-7] AccessToken generated for user $2a$10$kHQ2fGSLpE.ttzhGeTR/Oeqs4w3cerPf503Rpj5SRtvnrEFFZMAi.
2020-07-05 18:08:15,356 INFO  com.example.AuthService.service.UserService [http-nio-8080-exec-9] User $2a$10$sJzK.45RQcdLw7bX8ScCduUWhRTfum6Eff/XwIeCT25pkaXdofjhO verified
2020-07-05 18:08:15,482 INFO  com.example.AuthService.service.UserService [http-nio-8080-exec-9] AccessToken generated for user $2a$10$Go4oSrFN11kyyHeUgrUdp.xr0GONUaaSQBbfgnF9nNwRHiWSQCayG
2020-07-05 18:08:15,625 INFO  com.example.AuthService.service.UserService [http-nio-8080-exec-10] User $2a$10$MMfLWRmjZPa1o7HVS2vp.O4BPkwPrB4mFrCzQCrXSluvQCGk9iZMq verified
2020-07-05 18:08:15,752 INFO  com.example.AuthService.service.UserService [http-nio-8080-exec-10] AccessToken generated for user $2a$10$mKOWvxjyr6yPg5QveTgJN.IGGxlp/cwJVr8pA1zMlaSaTGLpTC.vW
2020-07-05 18:08:16,980 INFO  com.example.AuthService.service.UserService [http-nio-8080-exec-2] User $2a$10$49Qy9hLpxpYyPVc5kIxLJumNZVCpOOZI6ErDMVzXjKHYjnqVvxtj6 verified
2020-07-05 18:08:17,072 INFO  com.example.AuthService.service.UserService [http-nio-8080-exec-2] AccessToken generated for user $2a$10$gXnzq4PAn38bbFiCsa3Apufpguz.gUc6dEWWwDdQg19iMNCHaVPfG
2020-07-05 18:08:36,566 INFO  com.example.AuthService.service.UserService [http-nio-8080-exec-1] User $2a$10$uJwekeZohojJ61P8YEuIm.f0rUQ/Rrj46qIi8JLZoINCbu4vFPK5. verified
2020-07-05 18:08:36,678 INFO  com.example.AuthService.service.UserService [http-nio-8080-exec-1] AccessToken generated for user $2a$10$JlN.iZofObaB9ZakogOO9eT1Yioy5.wxtA67Z4.Zwd/Dhv9E5cg46
2020-07-05 18:08:38,330 INFO  com.example.AuthService.service.UserService [http-nio-8080-exec-3] User $2a$10$6exsqWPCD4C3XLkWpybuY.BwLm6DwNCK6KsMmsvE7pAWKAQZzBlzO verified
2020-07-05 18:08:38,466 INFO  com.example.AuthService.service.UserService [http-nio-8080-exec-3] AccessToken generated for user $2a$10$D0asCzOATUU7AhQ3WJMmMuEOZDmfqA/UqTuxro8lY/WTffM4T6Ree
2020-07-05 18:08:48,865 INFO  com.example.AuthService.service.UserService [http-nio-8080-exec-4] User $2a$10$p5cTtkmzm5tGbKpzcbrmpOhuguSlRJYYHZfGs7.6d7tdbeFd351rC verified
2020-07-05 18:08:48,980 INFO  com.example.AuthService.service.UserService [http-nio-8080-exec-4] AccessToken generated for user $2a$10$tgK2GpVkMcN66fsiRV44cOIOXFn4EtMIVV35YmpteIArBsnc0o/Ke
2020-07-05 18:08:49,171 INFO  com.example.AuthService.service.UserService [http-nio-8080-exec-5] User $2a$10$SWNj5DvKILSX1PiwHIBeXuF1ewqdgdcLMVaj65fn0HZzlgAV2kyyG verified
2020-07-05 18:08:49,263 INFO  com.example.AuthService.service.UserService [http-nio-8080-exec-5] AccessToken generated for user $2a$10$jZVOePqQa60uTRfmLwIM5.eKgmTafLUyvpFcYK/GX4YOAdQIcbEDq
2020-07-05 18:08:50,582 INFO  com.example.AuthService.service.UserService [http-nio-8080-exec-7] User $2a$10$CK45IleAS7C50jy1PGzBEexBfwKvoV/iU.VrG5uRHOE4kR9NJN43S verified
2020-07-05 18:08:50,683 INFO  com.example.AuthService.service.UserService [http-nio-8080-exec-7] AccessToken generated for user $2a$10$mnU8IEo3VwFDBO9WxtPJzeQcNMZp6BYnuIH23NOSc2RnRz3EX0d8e
2020-07-05 18:08:51,265 INFO  com.example.AuthService.service.UserService [http-nio-8080-exec-8] User $2a$10$aX67JhMStuaBkuv5AHtjr.oB4871Hc/5pASEiVUFRJSOc2IzxsOui verified
2020-07-05 18:08:51,369 INFO  com.example.AuthService.service.UserService [http-nio-8080-exec-8] AccessToken generated for user $2a$10$0APEaKUamqgAtDtv.s3Gh.rLIqUTFUulsqe3gq.cYboAMvStCgMsm
2020-07-05 18:08:51,933 INFO  com.example.AuthService.service.UserService [http-nio-8080-exec-9] User $2a$10$gE34tdfxWMVgE58ikzp/e.DO1QsOHC9u4L4MYZtGafAUkbrHdgk7m verified
2020-07-05 18:08:52,045 INFO  com.example.AuthService.service.UserService [http-nio-8080-exec-9] AccessToken generated for user $2a$10$m99Nzt.ZRaQEkzE.3LG2UO7rSUTBEAvOz01eyD64IxA9nNUSLaqFS
2020-07-05 18:08:52,611 INFO  com.example.AuthService.service.UserService [http-nio-8080-exec-10] User $2a$10$13ET6dxIb9Zr2y9vNTligukOe4Z.riFfqqBBj9Mt5HXZMo4010xEm verified
2020-07-05 18:08:52,709 INFO  com.example.AuthService.service.UserService [http-nio-8080-exec-10] AccessToken generated for user $2a$10$MdyBG14hFtpAtAu6hj/6guAh91dQW20s4eumUp/ZLT2cp7ItmF/Fq
2020-07-05 18:08:53,690 INFO  com.example.AuthService.service.UserService [http-nio-8080-exec-2] User $2a$10$HKHS.C7Z/iRx9V/wG8OKdenNHcf3xIEdziws/ksqRHSW7VmUyJJ.G verified
2020-07-05 18:08:53,788 INFO  com.example.AuthService.service.UserService [http-nio-8080-exec-2] AccessToken generated for user $2a$10$DkTxzCXzdkeXIK0NaNsAeOwYH2legFbuU3Y3yiN5cMb5VAIyx2P2m
2020-07-05 18:08:54,635 INFO  com.example.AuthService.service.UserService [http-nio-8080-exec-1] User $2a$10$1FLo7X.OhpTsPFgAFAHhruAQ89Tscg6aibgGWo9jJL.9mv2x0bvJ. verified
2020-07-05 18:08:54,790 INFO  com.example.AuthService.service.UserService [http-nio-8080-exec-1] AccessToken generated for user $2a$10$OmZxybOvCm1i4Era.ebaZemXctnIoHt0QWoek8MfBrFdcc/MFCrua
2020-07-05 18:09:05,889 INFO  com.example.AuthService.controller.UserController [http-nio-8080-exec-3] Successfull auth $2a$10$6uPQ/crbLn.Qqkcj8ZCVhejpfb/5PtYHQlJMCksPqNFDPbm5JzMW6
2020-07-05 18:09:06,447 INFO  com.example.AuthService.service.UserService [http-nio-8080-exec-4] User $2a$10$t3LBBiHrhQIY3IBDIHj.0.6LaTLs2mtu5Qm1AlmblmqUr1QXI2cSe verified
2020-07-05 18:09:06,560 INFO  com.example.AuthService.service.UserService [http-nio-8080-exec-4] AccessToken generated for user $2a$10$zZbxpgFTUaDlkXYYNFXiouHX5ca/O7QMvg4xBRNszYOKve0kLs/g2
2020-07-05 18:09:19,523 INFO  com.example.AuthService.service.UserService [http-nio-8080-exec-6] User $2a$10$1yggi306Ja1t3oVxgBFiDO6XP5nfLLabFgIpeVv5QcGNvPyGW26dO verified
2020-07-05 18:09:19,615 INFO  com.example.AuthService.service.UserService [http-nio-8080-exec-6] AccessToken generated for user $2a$10$e5AxkK9GZFml3GPRiRobB.HJo9/Eh8up03c455VZ7VI8d2LhR8qEO
2020-07-05 18:09:20,663 INFO  com.example.AuthService.service.UserService [http-nio-8080-exec-7] User $2a$10$telqf6t2v4KcRZyURwPZMuVsVT19Z5/KrIVXD7V5n2qboL9/rwUSO verified
2020-07-05 18:09:20,768 INFO  com.example.AuthService.service.UserService [http-nio-8080-exec-7] AccessToken generated for user $2a$10$5n5A89X9JHldlAbTQOhmF.4dBwIoZRo7rtM79y2P3oJgNXf1DSkz6
2020-07-05 18:09:26,190 INFO  com.example.AuthService.service.UserService [http-nio-8080-exec-8] User $2a$10$bAj51nV3MvLVJGT/j5rVd.sl5Cbn3OVVRRLziWRTEaMk/ysBQgS3m verified
2020-07-05 18:09:26,291 INFO  com.example.AuthService.service.UserService [http-nio-8080-exec-8] AccessToken generated for user $2a$10$Rt3YwPsyaWi1GpsGt0EdPethLgkA5BWid38.fIOfhCIPFay/7zMV6
2020-07-05 18:09:30,474 INFO  com.example.AuthService.service.UserService [http-nio-8080-exec-9] User $2a$10$1zJ0BaZMSLpXnyRE.NIZhuUY1y06G.wCU8rTO29F4aek.JfBbBp1q verified
2020-07-05 18:09:30,609 INFO  com.example.AuthService.service.UserService [http-nio-8080-exec-9] AccessToken generated for user $2a$10$YnsPEjXXAjElynaFkbSp1.Je4zIBll0.nBqjusWHHU6ulMKg9ZaN6
2020-07-05 18:09:33,459 INFO  com.example.AuthService.service.UserService [http-nio-8080-exec-10] User $2a$10$Gs0IpQJGn5oyOAwyCVSIo.DJhScfPGWeLaAgjxJnJtWNpIqc5MqQ. verified
2020-07-05 18:09:33,584 INFO  com.example.AuthService.service.UserService [http-nio-8080-exec-10] AccessToken generated for user $2a$10$lfxKLo9ZSKTY4sJvd1kzMOfZUoOtfY2Vj6gih6oiv5V2ZVgzC6DLC
2020-07-05 18:09:43,639 INFO  com.example.AuthService.service.UserService [http-nio-8080-exec-2] User $2a$10$9buGmFQuLmDUI24o8TyXxuawxuhONOaD0RiQRzZaxqivzl4PT.epK verified
2020-07-05 18:09:43,741 INFO  com.example.AuthService.service.UserService [http-nio-8080-exec-2] AccessToken generated for user $2a$10$MY86Msaj8v8eNaaHwB/9fulyYI2cWX4zD6CbpYugHEiJd1GspjRsu
2020-07-05 18:09:49,402 INFO  com.example.AuthService.service.UserService [http-nio-8080-exec-1] User $2a$10$XpLGRSfhiOV9QhRwXAX/fuxJsXVILDP2lU.EcE//RTM2TOMrMrBXq verified
2020-07-05 18:09:49,499 INFO  com.example.AuthService.service.UserService [http-nio-8080-exec-1] AccessToken generated for user $2a$10$dGXA3iODduuZg89G.iqlnO0uj9NFDrWJBbslpWvMiIaErcyGrTeCa
2020-07-05 18:09:49,915 INFO  com.example.AuthService.service.UserService [http-nio-8080-exec-3] User $2a$10$1FdHIuQBT2.T9L.wF6H4UOQxs7wSHUuGXQr8/ydp631UKsWffJaqu verified
2020-07-05 18:09:50,011 INFO  com.example.AuthService.service.UserService [http-nio-8080-exec-3] AccessToken generated for user $2a$10$UxlOHUX9t4AWH3StOktzbezW61uUJtWvtKBbG3YTg1PRO8eivASeu
2020-07-05 18:09:51,264 INFO  com.example.AuthService.service.UserService [http-nio-8080-exec-4] User $2a$10$pafCW7oniqdBXegY.m0a3ugewnf4BrE0E7RTnafbAbc7IkFiuArTe verified
2020-07-05 18:09:51,378 INFO  com.example.AuthService.service.UserService [http-nio-8080-exec-4] AccessToken generated for user $2a$10$4cHu61udcoeea8iDz.W3refeOuFhLH0GUIZrzBrIMBpRE6Q66Fcpu
2020-07-05 18:09:51,618 INFO  com.example.AuthService.service.UserService [http-nio-8080-exec-5] User $2a$10$8phLpxdt/k6tbuUfgL44iebfO1WE8KroAm6RlvGTaTq0j1EDT2Dli verified
2020-07-05 18:09:51,735 INFO  com.example.AuthService.service.UserService [http-nio-8080-exec-5] AccessToken generated for user $2a$10$uH/VwVgy6BzE3LbJrhU0Ne06QNPkJNTTe1zeMAxPn23/XLlWVa9cK
2020-07-05 18:09:54,111 INFO  com.example.AuthService.service.UserService [http-nio-8080-exec-6] User $2a$10$r5jUrYnpbDld8CP3u069Tu21idBmW54a3.HytAbAAhpHqik22G/pW verified
2020-07-05 18:09:54,206 INFO  com.example.AuthService.service.UserService [http-nio-8080-exec-6] AccessToken generated for user $2a$10$A6sELfePGDQk5VasK6lSjOWEpWnwpImTHf3gBFUjnw1HkEaJeChqi
2020-07-05 18:10:06,719 INFO  com.example.AuthService.service.UserService [http-nio-8080-exec-8] User $2a$10$bcsM0CeULXybrmM93ZgNaObLIMk0AbBOjNAKUihS3EqZICk7XCgRa verified
2020-07-05 18:10:06,853 INFO  com.example.AuthService.service.UserService [http-nio-8080-exec-8] AccessToken generated for user $2a$10$1eWCtWQpYfTGNJhSRf5KRe9wLKZHz0lqa2GnKqhoi6daYmMS0ncAO
2020-07-05 18:10:19,591 INFO  com.example.AuthService.service.UserService [http-nio-8080-exec-9] User $2a$10$4hIXT4XHGBjKXrJUWQOgje9hGp.3TIIDBc7ep0WkiWwXldZdALb5i verified
2020-07-05 18:10:19,682 INFO  com.example.AuthService.service.UserService [http-nio-8080-exec-9] AccessToken generated for user $2a$10$z6vPEG4CmRLvGrNSKRv3PO8tN3IsI7PTEOAv4GoGVbc9UUoNWMF9m
2020-07-05 18:10:21,342 INFO  com.example.AuthService.service.UserService [http-nio-8080-exec-10] User $2a$10$l2eRfqXa5uAbRlWhVncqreiViIeom2dpWllY7ClQymEjmZubSI/NG verified
2020-07-05 18:10:21,484 INFO  com.example.AuthService.service.UserService [http-nio-8080-exec-10] AccessToken generated for user $2a$10$rBGSFZr8AOLRfOZG9KqrB.P3mGU..ooAGaklH6h35wY2V.NWbG0ba
2020-07-05 18:10:23,294 INFO  com.example.AuthService.service.UserService [http-nio-8080-exec-2] User $2a$10$nho3qQZRtTJgt53RRX/jl.COonN1SGtlYh/8cfDHuj6eyLeaC18nS verified
2020-07-05 18:10:23,383 INFO  com.example.AuthService.service.UserService [http-nio-8080-exec-2] AccessToken generated for user $2a$10$zdRiKPTJ.fEsZgO0/4Jly.5TcOVs4lWrnf3sZxh2ftyR0EvY9ouBC
2020-07-05 18:10:24,679 INFO  com.example.AuthService.service.UserService [http-nio-8080-exec-1] User $2a$10$tuD/MtERe0Qr/t/zP9P7b.TBEM5pN/ArDCY7IOpYj010JoTYPtK52 verified
2020-07-05 18:10:24,770 INFO  com.example.AuthService.service.UserService [http-nio-8080-exec-1] AccessToken generated for user $2a$10$oTKwD5UHz990Mu.vqQ3O3u/mZTDD./EjZkBF65RvN/2b/gKaK8tBG
2020-07-05 18:10:26,756 INFO  com.example.AuthService.service.UserService [http-nio-8080-exec-3] User $2a$10$fRYLlkRDYOkyeAAILHw81O2eHqJ8IaEL/kW3CKpCiLUFv5xh3WfAO verified
2020-07-05 18:10:26,905 INFO  com.example.AuthService.service.UserService [http-nio-8080-exec-3] AccessToken generated for user $2a$10$lZUeHfNmoiLMfeCxIKkOoOfbcPex33KYKpMY5JtCNt.ldlgjK3ZRW
2020-07-05 18:10:47,757 INFO  com.example.AuthService.service.UserService [http-nio-8080-exec-4] User $2a$10$.hV0Nmwa.Ol3k7wXs5Ip.OVf4nIbV54x2Lr1eyUce5P6SyEjY4YZS verified
2020-07-05 18:10:47,845 INFO  com.example.AuthService.service.UserService [http-nio-8080-exec-4] AccessToken generated for user $2a$10$9KdXEQZQEYPEANGJOdmc5eIH/fCe9mzLcCTA2T3WK1zns11UXu/Mm
2020-07-05 18:10:55,760 INFO  com.example.AuthService.service.UserService [http-nio-8080-exec-5] User $2a$10$h5ZDMI9lGkAqPbXmEb5FX.uyNhQO0g2XqvBMmS4jKvZDqOP3MbBvO verified
2020-07-05 18:10:55,863 INFO  com.example.AuthService.service.UserService [http-nio-8080-exec-5] AccessToken generated for user $2a$10$EnoINovLGlyhAh7qRbwqgOP8zL4Q72edDJMpIZbO3561xEILNeq4m
2020-07-05 18:10:56,432 INFO  com.example.AuthService.service.UserService [http-nio-8080-exec-6] User $2a$10$DNTtWFrsoZutgRFFHEj/D.mabKMOazEPsxMwJdTXpMDwhY9pEL5Nu verified
2020-07-05 18:10:56,544 INFO  com.example.AuthService.service.UserService [http-nio-8080-exec-6] AccessToken generated for user $2a$10$Ut8noEoHQ3sygOg0ZmJMVeG2LyviWPj1WVodngzHeO/6Ae/Sejpvu
2020-07-05 18:11:26,814 INFO  com.example.AuthService.service.UserService [http-nio-8080-exec-7] User $2a$10$.SsRjImtkj0js10EfBmo7OG9V4AAHg1CQcMIe7YkChaxbBqBwljNy verified
2020-07-05 18:11:26,984 INFO  com.example.AuthService.service.UserService [http-nio-8080-exec-7] AccessToken generated for user $2a$10$72vQZiB6flt03RH20lBaQeaV9COawC9WW8FHb2UE/XhBw.2yKFdBC
2020-07-05 18:11:31,297 INFO  com.example.AuthService.service.UserService [http-nio-8080-exec-8] User $2a$10$vFQa5iHUt5fukHEaboq04eVfYlrm3YblAZh4y/MdoTH3LRwlLrqT. verified
2020-07-05 18:11:31,436 INFO  com.example.AuthService.service.UserService [http-nio-8080-exec-8] AccessToken generated for user $2a$10$ffUKjKEcHYWxBZYpxhtrSeO4jDu3qgREyZp.8Y.hRUh3OT0.9ECDO
2020-07-05 18:11:31,983 INFO  com.example.AuthService.service.UserService [http-nio-8080-exec-9] User $2a$10$vfQcSsMTsSov6Z/MIWvwcu.vRSBf16YhZGsijwUXIPrYVGFAImKRO verified
2020-07-05 18:11:32,119 INFO  com.example.AuthService.service.UserService [http-nio-8080-exec-9] AccessToken generated for user $2a$10$/FnWZwrhRM1cdbMI4BnI6u1T7jnsb2ANCKv6SnUm3pfB885rYToT6
2020-07-05 18:11:45,999 INFO  com.example.AuthService.controller.UserController [http-nio-8080-exec-10] Successfull auth $2a$10$v9nKO6Wtq.ar1RVdzVxHXOUXyVyM68.sn5FU9.96N5DvP7UCaUN3G
2020-07-05 18:11:46,629 INFO  com.example.AuthService.service.UserService [http-nio-8080-exec-2] User $2a$10$FMgP6UNfMRt255kfB7NWqOjSiNrHTho0LtOQnFBVNA4EX6JJ8yFK6 verified
2020-07-05 18:11:46,752 INFO  com.example.AuthService.service.UserService [http-nio-8080-exec-2] AccessToken generated for user $2a$10$PH2b3bkVJCzMf7c9/1cHx.vu4q3fNZHtj/jg7MnMLr6qT1Ziwe71S
2020-07-05 18:11:51,524 INFO  com.example.AuthService.service.UserService [http-nio-8080-exec-1] User $2a$10$bf8WkjuhP4V30eiO43Jps.ZMF2XlUzUY0pzNAcHsdC0Hbsj1zA.mK verified
2020-07-05 18:11:51,649 INFO  com.example.AuthService.service.UserService [http-nio-8080-exec-1] AccessToken generated for user $2a$10$57/DnzjNSEXXTKGF0gom9.eeWv1Zso0JLt5.YQDhC2UYzTGz0aFo6
2020-07-05 18:14:10,293 INFO  com.example.AuthService.controller.UserController [http-nio-8080-exec-5] Successfull auth $2a$10$QKo2H9K3BWdyr/WxFVsqP.NcNojxlele2CbcG9rcKmUiW/oBwPQRm
2020-07-05 18:14:10,854 INFO  com.example.AuthService.service.UserService [http-nio-8080-exec-6] User $2a$10$n1lH3ebAVpIWwkIzSVBB7.FvY8nhUwQAIGfxpS5bHq2a5ToJhH5ya verified
2020-07-05 18:14:10,950 INFO  com.example.AuthService.service.UserService [http-nio-8080-exec-6] AccessToken generated for user $2a$10$XFBvg9wiqGiNbn64NmqCO.zcp.OoCgeOtGlY4WZax2ZF6mop3K/Zu
2020-07-05 18:14:15,461 INFO  com.example.AuthService.service.UserService [http-nio-8080-exec-7] User $2a$10$gTcwGuJ4Zf1xoZyoKdEXO.egO0./0OunQCJQnwmQbfU.dEhlsTSZK verified
2020-07-05 18:14:15,680 INFO  com.example.AuthService.service.UserService [http-nio-8080-exec-7] AccessToken generated for user $2a$10$Ftma17QHZ7b6VFg/NozT0eVYrAS8czJ0TWtAxa4YfDoHNdwKtrEFi
2020-07-05 18:14:25,505 INFO  com.example.AuthService.service.UserService [http-nio-8080-exec-8] User $2a$10$R7yDtaX/Kz5DqqHxYPgOwesIwQGJBuc9z4RXSMUkySQubup7h5Ke6 verified
2020-07-05 18:14:25,640 INFO  com.example.AuthService.service.UserService [http-nio-8080-exec-8] AccessToken generated for user $2a$10$KOxYx06haaeTyH0JP8Zh9OVcUoHxG.vIzuH3q3jtgsEsVpZ.N3Qye
2020-07-05 18:16:06,284 INFO  com.example.AuthService.service.UserService [http-nio-8080-exec-2] User $2a$10$v6TqpGPb9sUk8hQRANzV2OOJoMsnDhJms5xZDi3YEuF5Ot.Ric./S verified
2020-07-05 18:16:06,421 INFO  com.example.AuthService.service.UserService [http-nio-8080-exec-2] AccessToken generated for user $2a$10$3WzNCjTQ1XojWpHnnsFvV.JPL9tHRoCnAWANNZtNqUhTSKwUPbaZ.
2020-07-05 18:16:31,815 INFO  com.example.AuthService.service.UserService [http-nio-8080-exec-1] User $2a$10$ftq7r0ohmTSgLSWyKV6CMO46U1veVcKXulta9V94wI5QbbO4JfFg2 verified
2020-07-05 18:16:31,931 INFO  com.example.AuthService.service.UserService [http-nio-8080-exec-1] AccessToken generated for user $2a$10$9h/1ync5tRlgAtBpkRQ6neoxIr9/EdcIC1QydruxhMBXqLyz/h60y
2020-07-05 18:16:53,176 INFO  com.example.AuthService.service.UserService [http-nio-8080-exec-3] User $2a$10$zA.8RQgfJHvCRBnyLr3efeVoCzzhiTLqlAT5aNJXGkBx8nhAaabuG verified
2020-07-05 18:16:53,301 INFO  com.example.AuthService.service.UserService [http-nio-8080-exec-3] AccessToken generated for user $2a$10$RusfqXoQZzIQuQcZw/D3Tu1E9q/r9aCWMjf7HoxKPGuTlaEvwmmya
2020-07-05 18:17:20,153 INFO  com.example.AuthService.service.UserService [http-nio-8080-exec-4] User $2a$10$Egi6DGo3rRkvmSB5BYwA1O2cxUP5ZRqogtRdqW2pTpFxYNoNm2IVS verified
2020-07-05 18:17:20,280 INFO  com.example.AuthService.service.UserService [http-nio-8080-exec-4] AccessToken generated for user $2a$10$cHBBoXK.ZD4pKFlfpbF/WOqMNb7t5Br.m.yM1dm1/Sd/rGAvVbAva
2020-07-05 18:17:31,556 INFO  com.example.AuthService.service.UserService [http-nio-8080-exec-5] User $2a$10$t7MRcTyybnTocTVWjzAm4uqRmt8extZjtGlUHJyIF8oaKrH9/Z852 verified
2020-07-05 18:17:31,697 INFO  com.example.AuthService.service.UserService [http-nio-8080-exec-5] AccessToken generated for user $2a$10$k6.1Ix6gMoIuXTzTiioRquuo0cnFCW7SQ8izRD4qmn57DkOLwoWHm
2020-07-05 18:18:00,791 INFO  com.example.AuthService.service.UserService [http-nio-8080-exec-6] User $2a$10$01RH2QQHJuQ1rW.SOmo7UuxOu0bmms.3MLV8qBXwbpYaqHIf4m4mK verified
2020-07-05 18:18:00,915 INFO  com.example.AuthService.service.UserService [http-nio-8080-exec-6] AccessToken generated for user $2a$10$7UAIsIdcVziCjT/KRsPNKuxIN1xy1y54z95J9qVSMETvCTgT2vzXC
2020-07-05 18:18:04,514 INFO  com.example.AuthService.service.UserService [http-nio-8080-exec-7] User $2a$10$7GOZ9Be2lStTGuvv64GoseEl9GEJeVI/bJHMkAe0A/e2cENcYdsGW verified
2020-07-05 18:18:04,650 INFO  com.example.AuthService.service.UserService [http-nio-8080-exec-7] AccessToken generated for user $2a$10$pL/6WoByMg4yuRfiEM/ktu6.KRZzB3BEJOR5RfDg1qgdI/1NW4O06
2020-07-05 18:24:20,980 INFO  com.example.AuthService.service.UserService [http-nio-8080-exec-9] User $2a$10$zx3Nu6U5wzZpP.EV/IlunOs3L.dvrUMFu5Zf6gtSbh4rQ4jHGpS7S verified
2020-07-05 18:24:21,162 INFO  com.example.AuthService.service.UserService [http-nio-8080-exec-9] AccessToken generated for user $2a$10$QoxKRnxK3VTKhkI083FoW.mECMSS8MvhKidognw9rEHfJ9td775ua
2020-07-05 18:24:26,891 INFO  com.example.AuthService.service.UserService [http-nio-8080-exec-10] User $2a$10$4kFgySNWLTyEoWnNRHbpeuo8HcSWxWQQ3CeNWn2BRIJXz60Ko/S.G verified
2020-07-05 18:24:26,997 INFO  com.example.AuthService.service.UserService [http-nio-8080-exec-10] AccessToken generated for user $2a$10$ChIQfbfElFaRjMxCmLcnH.3UbV5MZkWrDkWMc20dqAjTMz9BasX8C
2020-07-05 18:24:37,924 INFO  com.example.AuthService.controller.UserController [http-nio-8080-exec-2] Successfull auth $2a$10$zQB06Gm23lh9mZgjhPepAeV58ZPY5ubBNEI.veed9Ff7lPEC6YUYm
2020-07-05 18:24:38,393 INFO  com.example.AuthService.service.UserService [http-nio-8080-exec-1] User $2a$10$tD9SWXTeXKP28oFy5hk.iuPGmpP5FTvJv4NY3fV7RsJknND77Hzwq verified
2020-07-05 18:24:38,504 INFO  com.example.AuthService.service.UserService [http-nio-8080-exec-1] AccessToken generated for user $2a$10$jOMJ1sA9x2hs8MJ.1pkR5.RAmYZ7AedIW3Crcb/pBMdX5120qKNjm
2020-07-05 18:24:46,018 INFO  com.example.AuthService.service.UserService [http-nio-8080-exec-3] User $2a$10$Tek06mDZuDC8VeE2ft.0XuZG3DYj2hOP8But./xKznootBChOvL/C verified
2020-07-05 18:24:46,122 INFO  com.example.AuthService.service.UserService [http-nio-8080-exec-3] AccessToken generated for user $2a$10$vOBiH4DWLVA4QO8xNchz0.kDAHRzhRyRhGNAYj264wyBi3aMTDhUC
2020-07-05 18:24:51,126 INFO  com.example.AuthService.service.UserService [http-nio-8080-exec-4] User $2a$10$SN4Z5Bk8pi1DFKXGkTDzB.tDcaorV0pNy4CqQPleqE8U8QfW6xWii verified
2020-07-05 18:24:51,228 INFO  com.example.AuthService.service.UserService [http-nio-8080-exec-4] AccessToken generated for user $2a$10$4dniBYw4cXYLk657HES.remd5J.sMLJkv6UnhmAvcw/fsci64cJAK
2020-07-05 18:24:54,200 INFO  com.example.AuthService.service.UserService [http-nio-8080-exec-5] User $2a$10$eZcHXOdWCXm3b69CTm980.d4B2cZ4jD3tEQMwhM9bOcz2qCO.E8dK verified
2020-07-05 18:24:54,302 INFO  com.example.AuthService.service.UserService [http-nio-8080-exec-5] AccessToken generated for user $2a$10$tjgmfceUG8/mGoESiTRrkO8IWU4bxyKSkZgLuuQo3g7Bp3aCoGfY6
2020-07-05 18:24:54,891 INFO  com.example.AuthService.service.UserService [http-nio-8080-exec-6] User $2a$10$YI/x5I5Qzb7YMfDWvi82u.S31j5i4gfZ/9NHJUTVXGDBDQYju.Bpe verified
2020-07-05 18:24:55,005 INFO  com.example.AuthService.service.UserService [http-nio-8080-exec-6] AccessToken generated for user $2a$10$c7i0SXnFWgTxRTp/XHalV.BRYAtn7dxKzDGMx0bGSu/Q.v/ayKTzO
2020-07-05 18:27:57,875 INFO  com.example.AuthService.controller.UserController [http-nio-8080-exec-9] Successfull auth $2a$10$AQN2Pz7sHePxSdQHR3ZgsOL6Vm/AZe4YAYfgkKUBgbpjb2o2yBhmK
2020-07-05 18:27:58,429 INFO  com.example.AuthService.service.UserService [http-nio-8080-exec-10] User $2a$10$YvWobcNgp8MShTr9x1Syku4fMoPZApT706TfmcvnUMSKBpuBnDF2W verified
2020-07-05 18:27:58,543 INFO  com.example.AuthService.service.UserService [http-nio-8080-exec-10] AccessToken generated for user $2a$10$vEOmcka/ME7M/ZjcebhFzOYabXMlaxGsfgtWme2t0KQnzLz6KK/h2
2020-07-05 18:28:04,618 INFO  com.example.AuthService.service.UserService [http-nio-8080-exec-2] User $2a$10$KeleZmjGB.nbNrM.HP4/SO2Wq5WZK0e4UVDOmfAWhTpIbZ724lWTW verified
2020-07-05 18:28:04,747 INFO  com.example.AuthService.service.UserService [http-nio-8080-exec-2] AccessToken generated for user $2a$10$OXeXhmM9KoZqfS4S5vywM.E2SPTPdXUmchOhGHrTyo6owe8Fa7AxK
2020-07-05 18:28:23,952 INFO  com.example.AuthService.service.UserService [http-nio-8080-exec-1] User $2a$10$0/AX4pWjL0wRdkqk4q4k0eG.NrxBueYrtGJP5UXLonNPtzbsOrbP6 verified
2020-07-05 18:28:24,073 INFO  com.example.AuthService.service.UserService [http-nio-8080-exec-1] AccessToken generated for user $2a$10$gDaMHsLffLDgZp8uuMbyOu6V.uGwIQVHHO6bty8KIGOwCxcy5I5JS
2020-07-05 18:28:30,816 INFO  com.example.AuthService.service.UserService [http-nio-8080-exec-3] User $2a$10$mL5BXw1YZ3Po2Ldd6SUUqOCOanlIE2ONiPLIJ.gNcaTHuGAviWmoK verified
2020-07-05 18:28:30,950 INFO  com.example.AuthService.service.UserService [http-nio-8080-exec-3] AccessToken generated for user $2a$10$yshXgOSRqQ1SMetRY0n3jevQEM9pHs5aqbvW0dr3tG4JtsBHsvBaC
2020-07-05 18:28:34,244 INFO  com.example.AuthService.service.UserService [http-nio-8080-exec-4] User $2a$10$KNrpNplX69/77CY3gfviqOu7awwkJCtsLQU8kndcz8UI4XM6loLPC verified
2020-07-05 18:28:34,361 INFO  com.example.AuthService.service.UserService [http-nio-8080-exec-4] AccessToken generated for user $2a$10$qqbxgHn/YT68PmLcUK06R.lrwB4tC1uU.XE6O4Iz0KAMjUeQKwwb.
2020-07-05 18:31:18,629 INFO  com.example.AuthService.service.UserService [http-nio-8080-exec-7] User $2a$10$rGU8rTceJOyIFSBvu.Ylm.TU.i/zfmpf6XxFnVv2kbTwTQHE054Vq verified
2020-07-05 18:31:18,803 INFO  com.example.AuthService.service.UserService [http-nio-8080-exec-7] AccessToken generated for user $2a$10$fEAksauIrjoLJOPuzILLxe3fACRq8pduIGkUQ2gpyzRbhmJZXHAfS
2020-07-05 18:31:22,840 INFO  com.example.AuthService.service.UserService [http-nio-8080-exec-8] User $2a$10$nZJMM3EMRfyFrIBClAhul.lTya3UnGA8MI8fTzRdXTG.Ycwt/JI6m verified
2020-07-05 18:31:22,962 INFO  com.example.AuthService.service.UserService [http-nio-8080-exec-8] AccessToken generated for user $2a$10$SOEKV4tPWJ6Fi19VczROvu64/5mV.FaR5g4ru2da58La8KK3NhHwS
2020-07-05 18:31:24,533 INFO  com.example.AuthService.service.UserService [http-nio-8080-exec-9] User $2a$10$xgiQt9JXu1a4Z8OfgHpBGeqJFd7/gztxvSktyVFZTzsqKybEoL7SC verified
2020-07-05 18:31:24,655 INFO  com.example.AuthService.service.UserService [http-nio-8080-exec-9] AccessToken generated for user $2a$10$k.T5R14fAKtkx8DdFDlM4u2mmBI5fCzDYKsYyWFu1AvWDAg4q1uyW
2020-07-05 18:31:30,950 INFO  com.example.AuthService.service.UserService [http-nio-8080-exec-10] User $2a$10$ATvfhp5jPbyTJdtDRSmThevy83xsTed2eFB7aqe68VJAMjUFBj/te verified
2020-07-05 18:31:31,047 INFO  com.example.AuthService.service.UserService [http-nio-8080-exec-10] AccessToken generated for user $2a$10$qjNwYKicYQ.rNDNhluY96ueHwdI/aW3XUJTcWwLJz5vjmtkTf8kaC
2020-07-05 18:31:40,996 INFO  com.example.AuthService.service.UserService [http-nio-8080-exec-1] User $2a$10$8.Evy9vjBg/xjFES66yhnenxeiwMHxIxfumPYuvCJJNvFrg2Q9sx. verified
2020-07-05 18:31:41,010 INFO  com.example.AuthService.service.UserService [http-nio-8080-exec-2] User $2a$10$AVY1S5gjlxPsOEHxX7b80ut6P6eX0qRzhD1iB8QNakgnlbTVnnAjS verified
2020-07-05 18:31:41,098 INFO  com.example.AuthService.service.UserService [http-nio-8080-exec-3] User $2a$10$lga5EVpWIAq024Z.6GHbau8DX3f4s2OA9./lGsoK27EjxSdGJCC02 verified
2020-07-05 18:31:41,120 INFO  com.example.AuthService.service.UserService [http-nio-8080-exec-2] AccessToken generated for user $2a$10$eeOWFofTpKynZg5Et7N5uuQ71GFyZRtLnVMq7PltqIALnLS3//q4W
2020-07-05 18:31:41,158 INFO  com.example.AuthService.service.UserService [http-nio-8080-exec-1] AccessToken generated for user $2a$10$y2NFreADsHf6x8nfDBK5te08W2WHzICMPknRGzbJ0k9Xb8KblYV9S
2020-07-05 18:31:41,297 INFO  com.example.AuthService.service.UserService [http-nio-8080-exec-3] AccessToken generated for user $2a$10$R/FFlJnct3AbJ5Pae0THzeKCtTkqDzqS571V2XAF7Xyp0Jwgkvjeq
2020-07-05 18:32:17,876 INFO  com.example.AuthService.service.UserService [http-nio-8080-exec-4] User $2a$10$wcOXk.A9.K0aClc9xxlnauauToDxZQdbDrrbT2it2lSLliu1VdWp6 verified
2020-07-05 18:32:17,884 INFO  com.example.AuthService.service.UserService [http-nio-8080-exec-6] User $2a$10$od47j28qrdqAcsTAuCO0GOfdxV6JJQ6P8uZ1JrNkoHNJ/vwHYZ1j6 verified
2020-07-05 18:32:17,919 INFO  com.example.AuthService.service.UserService [http-nio-8080-exec-5] User $2a$10$OYOUWYMZt.i5XLCBni4X3OsUt9IAA59dPStTN92QjbGjV5qPnQIRu verified
2020-07-05 18:32:18,020 INFO  com.example.AuthService.service.UserService [http-nio-8080-exec-6] AccessToken generated for user $2a$10$PVB.QYXqpYOI9s1Xtarzm.REoqak1vC4BH7Spk66WOgLgnOrnSSlW
2020-07-05 18:32:18,093 INFO  com.example.AuthService.service.UserService [http-nio-8080-exec-4] AccessToken generated for user $2a$10$Q1b.w9XL9OkgCxWWYW5okubI0eJ9cMWeUqLEk9pOUiZIk9ggNIusm
2020-07-05 18:32:18,215 INFO  com.example.AuthService.service.UserService [http-nio-8080-exec-5] AccessToken generated for user $2a$10$1GBA3SoU9Tb5JDRWl4uRK.2R7vury0tGzCwI1SgOg8hzQTH7eczl6
2020-07-05 18:36:52,724 INFO  com.example.AuthService.service.UserService [http-nio-8080-exec-10] User $2a$10$wMn.dQtZF3oSr5yfSWQvaOF4PCQW.W8ZT5/qmek6XBZUhb3OQ5gd6 verified
2020-07-05 18:36:52,862 INFO  com.example.AuthService.service.UserService [http-nio-8080-exec-10] AccessToken generated for user $2a$10$7OO/taTy5RboE9NTaZ6Fr.8KHSbMWRiiAjSXI6dSSPC9BlMzcV1Qm
2020-07-05 18:37:00,527 INFO  com.example.AuthService.controller.UserController [http-nio-8080-exec-2] Successfull auth $2a$10$hqtS35NXffb12/QsUHDv.OqfOb5Ezf94P/emKE2zf2/Q7Pnpc0pN2
2020-07-05 18:37:01,061 INFO  com.example.AuthService.service.UserService [http-nio-8080-exec-1] User $2a$10$UfnprieZYzj8j44J1IU9yOClQeYfSZ9SupVA/z.RW6FuwYBuGzfqS verified
2020-07-05 18:37:01,164 INFO  com.example.AuthService.service.UserService [http-nio-8080-exec-1] AccessToken generated for user $2a$10$lsYsdzuA/XdlegG.M6hu7Ob5PcjLGgaX1euH3faCxPmRVhBckjVSe
2020-07-05 18:37:17,787 INFO  com.example.AuthService.service.UserService [http-nio-8080-exec-3] User $2a$10$YgZNZCoVD45JAZ68IG88euGTbSfuerynCidQPXBitYp6EQ8KkRc9m verified
2020-07-05 18:37:17,998 INFO  com.example.AuthService.service.UserService [http-nio-8080-exec-3] AccessToken generated for user $2a$10$ry52NAOIkExvs8LxVRA3SeWmfxfeLjVuGRzLVEc6stNww4agCbuYi
2020-07-05 18:37:38,677 INFO  com.example.AuthService.service.UserService [http-nio-8080-exec-6] User $2a$10$wLHXH1F3zLFlb.sBfnFsAu2NUy5sp4ePELn5HkKIPDpBUEfXgoFv6 verified
2020-07-05 18:37:38,847 INFO  com.example.AuthService.service.UserService [http-nio-8080-exec-6] AccessToken generated for user $2a$10$.1npcFTUSF4dHaegFX4IReJoT3yOAnkYPE6RkdpW1KecF0DWGH2JK
2020-07-05 18:37:48,060 INFO  com.example.AuthService.service.UserService [http-nio-8080-exec-4] User $2a$10$CJchFU7UtFw4mbWBn/gv0em.AXbY5yymmaL8jUX3TseYyCG3rROQG verified
2020-07-05 18:37:48,154 INFO  com.example.AuthService.service.UserService [http-nio-8080-exec-4] AccessToken generated for user $2a$10$AgpHmxBLgCxndyPfdFwpZugem01f4g7KTsrvdSlTDFFTpWNcKzuJ.
2020-07-05 18:37:51,364 INFO  com.example.AuthService.service.UserService [http-nio-8080-exec-5] User $2a$10$zJr2zo6OPqPAMeu3Q7RkuO79wNzPH4XjESfNO6kE7Y0goQqQXdvvC verified
2020-07-05 18:37:51,496 INFO  com.example.AuthService.service.UserService [http-nio-8080-exec-5] AccessToken generated for user $2a$10$UMaixhQ2kgbYdO1GFSP5Qe7KvpX.I/FVH4C1XBFl5qxWSkQOr7E3.
2020-07-05 18:38:09,429 INFO  com.example.AuthService.service.UserService [http-nio-8080-exec-7] User $2a$10$QwssUlTsWcOg6AqdRlwW4ez3.A1jBOVS1O8cXoFDqnljMnu3XudrS verified
2020-07-05 18:38:09,577 INFO  com.example.AuthService.service.UserService [http-nio-8080-exec-7] AccessToken generated for user $2a$10$BaORWvHPGgGatr3aX1fh3.jSoSFmkn7bs0Km8CIpCtb/qY2W.XuS2
2020-07-05 18:38:25,757 INFO  com.example.AuthService.service.UserService [http-nio-8080-exec-9] User $2a$10$5fNVRyZwGN6iZMtCzuVT7uq1W2zlJMWl6VHCneONfnsCTB3/BgW9O verified
2020-07-05 18:38:25,869 INFO  com.example.AuthService.service.UserService [http-nio-8080-exec-9] AccessToken generated for user $2a$10$20p7cnSXgsNzdfr2lumL4uxmgOFx/xNJwe55JkfbpWDfKcKmonAki
2020-07-05 18:39:53,765 INFO  com.example.AuthService.service.UserService [http-nio-8080-exec-2] User $2a$10$lgGsSTJXORDqhBkgxA4LFutXCU8FBprgrlBhGfbttzn0.97f02OKO verified
2020-07-05 18:39:53,900 INFO  com.example.AuthService.service.UserService [http-nio-8080-exec-2] AccessToken generated for user $2a$10$ks1CUCxTMYr2voH7mFH2Z.WbN3GN2GleAWrZfVbPI5Uo6d71FxeqS
2020-07-05 18:40:03,139 INFO  com.example.AuthService.service.UserService [http-nio-8080-exec-1] User $2a$10$VPZivFKdejl25C/eeJ7nu.k58gUNrC/076UG9s6bSSntg2eOdSJUi verified
2020-07-05 18:40:03,272 INFO  com.example.AuthService.service.UserService [http-nio-8080-exec-1] AccessToken generated for user $2a$10$pPQxpLYEeSyZm0WnSGDr8u5Ja0DoGSapmHYgq2goxCy27c4L3RY3e
2020-07-05 18:40:13,314 INFO  com.example.AuthService.service.UserService [http-nio-8080-exec-3] User $2a$10$gxikzTEDRhd8fLOFfAya0OabCIZaq4svUB3Ah0WXUZZfMncPI3eE6 verified
2020-07-05 18:40:13,440 INFO  com.example.AuthService.service.UserService [http-nio-8080-exec-3] AccessToken generated for user $2a$10$ovDt9FNrpgHBDtk0K/wwneIzkIJkrZFZxVAcPUbcDen1eEWlljlbq
2020-07-05 18:40:24,412 INFO  com.example.AuthService.service.UserService [http-nio-8080-exec-6] User $2a$10$LlR2by3ak3bt1NmsBlXEOeROsbWQKHukwm9JPRTzVn3mQHcq3e9Jm verified
2020-07-05 18:40:24,540 INFO  com.example.AuthService.service.UserService [http-nio-8080-exec-6] AccessToken generated for user $2a$10$pllUWcdF1kcYqK8QM82SKOIKEoWQxz2f2pHW46gonGw3JA3B3jxAC
2020-07-05 18:40:32,111 INFO  com.example.AuthService.service.UserService [http-nio-8080-exec-4] User $2a$10$jBU6xR4nXu/g8Da.rGvUaun2x5ke5Cu4svvOaXLYiwukDoFBK9tRK verified
2020-07-05 18:40:32,209 INFO  com.example.AuthService.service.UserService [http-nio-8080-exec-4] AccessToken generated for user $2a$10$AhRtnJwtN13UX0c9N3VTO.o5obccvqG.6OgSFlWLqRRJFZXSBo5Q2
2020-07-05 18:40:34,018 INFO  com.example.AuthService.service.UserService [http-nio-8080-exec-5] User $2a$10$zMijc2y0U4wTgXp/fRsGBupEC0BBN2yCUjpjcfze1UkFq2vV1kI/W verified
2020-07-05 18:40:34,156 INFO  com.example.AuthService.service.UserService [http-nio-8080-exec-5] AccessToken generated for user $2a$10$mvzXnpy.qAFPZxu9Q.BLAuWifbhWtUi7xh3m43Hdohr3bcHi.HyNe
2020-07-05 18:44:05,912 INFO  com.example.AuthService.service.UserService [http-nio-8080-exec-7] User $2a$10$hPeOR0.fZY91OcuY9co8Gu/OVvkrfasCzHX6CPLS/SrFCG75fJC7i verified
2020-07-05 18:44:06,037 INFO  com.example.AuthService.service.UserService [http-nio-8080-exec-7] AccessToken generated for user $2a$10$aeSyxfEa7u6S7J5QhuMjD.ZcWt7zgcTwk5ofFBTGDCuS/Z0NouBcC
2020-07-05 18:44:19,036 INFO  com.example.AuthService.service.UserService [http-nio-8080-exec-9] User $2a$10$Gd9nrO7aqhc5XTTpCs02Puvap29Y07SGQR18IcqxP9L6aTilTNpha verified
2020-07-05 18:44:19,153 INFO  com.example.AuthService.service.UserService [http-nio-8080-exec-9] AccessToken generated for user $2a$10$LUSNGblul68nkwaa/UX/4uDCd.cu05fG84B0ObDRFSVLfEAFHf2BC
2020-07-05 18:44:29,500 INFO  com.example.AuthService.service.UserService [http-nio-8080-exec-10] User $2a$10$Isg6n4L4NrCkg3J6oJozcOGZWsqW7bY0it1P5LKqJyonjJMI.gFYW verified
2020-07-05 18:44:29,612 INFO  com.example.AuthService.service.UserService [http-nio-8080-exec-10] AccessToken generated for user $2a$10$N30kyw74b/Z6kr5haKdxYeUj3Z2NPClV/4zXzlIo94uFxMYRkC.9C
2020-07-05 18:44:37,223 INFO  com.example.AuthService.service.UserService [http-nio-8080-exec-2] User $2a$10$SYdrAz3GWHYoXpy36Z7cBeB4OSq1NsBEKu41kytHbmJlhQtWQBt5S verified
2020-07-05 18:44:37,351 INFO  com.example.AuthService.service.UserService [http-nio-8080-exec-2] AccessToken generated for user $2a$10$rbeP8hlhsVTMwGEnhDPbBOQtNXrkXYJvQ7lWOyWyryQB05BSMn1Ey
2020-07-05 18:44:40,209 INFO  com.example.AuthService.service.UserService [http-nio-8080-exec-1] User $2a$10$JkUq3NNV/gfGyCfgJW5ezOfgj/T.hV5HknmA.HsdDBAf0TMioAwvS verified
2020-07-05 18:44:40,334 INFO  com.example.AuthService.service.UserService [http-nio-8080-exec-1] AccessToken generated for user $2a$10$/39iGHeE9/qqXSO0gDHhxOcMYIVQFIjG6qERK7.dOWs5VKsVwMiUa
2020-07-05 18:46:48,922 INFO  com.example.AuthService.service.UserService [http-nio-8080-exec-6] User $2a$10$cNP8gCKnxqIDtSRNDaTM8eAB0lSoGnM9vPnYmvzrhCZQ6L876Acum verified
2020-07-05 18:46:49,067 INFO  com.example.AuthService.service.UserService [http-nio-8080-exec-6] AccessToken generated for user $2a$10$mEPw/SZoup166FLtTf3uxumwARdSee.kmVBEQ9A2luQ8vNClWnvC6
2020-07-05 18:46:56,792 INFO  com.example.AuthService.service.UserService [http-nio-8080-exec-4] User $2a$10$c.g2F65MPkodXW2kOMykleCC9qxOiBf1z7mCJJ0Ob5p7xuA5oREAO verified
2020-07-05 18:46:56,879 INFO  com.example.AuthService.service.UserService [http-nio-8080-exec-4] AccessToken generated for user $2a$10$g9F9z1xhLMda4pBYA6CxKOeK1a3ss9shezT7ULiZ2JmMRxMFZo4zS
2020-07-05 18:46:58,789 INFO  com.example.AuthService.service.UserService [http-nio-8080-exec-5] User $2a$10$mTclsy4DioTJjexNxIZerOQ/E4y8AIh7FsEMaMzzI2oVWuog9scsG verified
2020-07-05 18:46:58,935 INFO  com.example.AuthService.service.UserService [http-nio-8080-exec-5] AccessToken generated for user $2a$10$.b/03yBI8St9L9k4PYYYLe80BgBtw8puuiOb3/Hj643wJEGRD5R0e
2020-07-05 18:50:18,748 INFO  com.example.AuthService.service.UserService [http-nio-8080-exec-7] User $2a$10$HqV/1wC0eIX.4HrQfVJA0uEM5CTmwmD9ZwE6XBnxUDyWKVMV6QbUu verified
2020-07-05 18:50:18,910 INFO  com.example.AuthService.service.UserService [http-nio-8080-exec-7] AccessToken generated for user $2a$10$kPrkXo5YCCFDXzt3dY0EeuTfWQuedr7lR/9FQ.0uDQLbtrEx2dIzu
2020-07-05 18:50:25,280 INFO  com.example.AuthService.service.UserService [http-nio-8080-exec-9] User $2a$10$wS67uo6HwqGUkCAc45dCVOQoZUYx84dsq8LhUy.E0NaxkKgHvieqi verified
2020-07-05 18:50:25,372 INFO  com.example.AuthService.service.UserService [http-nio-8080-exec-9] AccessToken generated for user $2a$10$qjEk6.urJIllULzjnvlyMO3FoHN2kOCdcuNBWTYwPTPkE.4QIT4PS
2020-07-05 18:50:27,451 INFO  com.example.AuthService.service.UserService [http-nio-8080-exec-10] User $2a$10$nd.LRVNJGbVfja3Xhti.m.bcdx.AL5uqmMTv737E05pBQaGCeC7T2 verified
2020-07-05 18:50:27,601 INFO  com.example.AuthService.service.UserService [http-nio-8080-exec-10] AccessToken generated for user $2a$10$Xg64Ayr7/1amWS4HYXa5QeaduLmFKBKUMfShiYpDw24QfMjr/sx0q
2020-07-05 18:51:52,566 INFO  com.example.AuthService.service.UserService [http-nio-8080-exec-1] User $2a$10$bILCKsd7n.DN/Zpn6fxYyulR8DFvdcOz7t0B7JHICJ1m8OdVES3Vi verified
2020-07-05 18:51:52,666 INFO  com.example.AuthService.service.UserService [http-nio-8080-exec-1] AccessToken generated for user $2a$10$8fDj4.qqBnPpnKqsMLAV5O.RdexWi4xhAKJAfW6tveOI1MXUINSZa
2020-07-05 18:52:01,071 INFO  com.example.AuthService.service.UserService [http-nio-8080-exec-3] User $2a$10$GZDHu8nDpwdXFiW6/Q1rZu9eOxwpj2/vvqH.SMvGKIVztSAwhfvfe verified
2020-07-05 18:52:01,162 INFO  com.example.AuthService.service.UserService [http-nio-8080-exec-3] AccessToken generated for user $2a$10$8At2QijxJjAcMpvCKlf6Re0lIvxJ08fS6DIbHRQJ8/gamruXvqeU6
2020-07-05 18:52:03,780 INFO  com.example.AuthService.service.UserService [http-nio-8080-exec-6] User $2a$10$wh9IQhHRJmVxLXeNRxmxw.VNwRwW.MErM2T98MX/yb1ZoPSiBI5lm verified
2020-07-05 18:52:03,874 INFO  com.example.AuthService.service.UserService [http-nio-8080-exec-6] AccessToken generated for user $2a$10$1fwd.1Z2HLfInRSuZkekc.JhdIwM.Ir4A5uD/kLnuuxxuWuWDlS9a
2020-07-05 18:54:19,007 INFO  com.example.AuthService.service.UserService [http-nio-8080-exec-5] User $2a$10$tK0pOOBmU/jdRUMYPtYvUOexZPSwr8KNZk8jzDCYdZjPlmgHp.F8m verified
2020-07-05 18:54:19,190 INFO  com.example.AuthService.service.UserService [http-nio-8080-exec-5] AccessToken generated for user $2a$10$PMo9uNFEtu.ELCMW1kMnS.Zk0NPLEacxy4GYAgT9qFHJvacICsv5q
2020-07-05 18:54:34,302 INFO  com.example.AuthService.service.UserService [http-nio-8080-exec-8] User $2a$10$6eYqsMwDwU/Mq154JJ5DFu0m8M6ppTNpe0kTE4yXEhpXha8UuI55y verified
2020-07-05 18:54:34,452 INFO  com.example.AuthService.service.UserService [http-nio-8080-exec-8] AccessToken generated for user $2a$10$KCIjJ2RReY9lSBidQSagDezHOc9s6nUpGD9IuyQ8f70g20CPIhJmm
2020-07-05 18:54:42,218 INFO  com.example.AuthService.service.UserService [http-nio-8080-exec-7] User $2a$10$ktk3YCamf9nD0G6qKJxlR.NiKnpdynkkmAsuXcDb/NuDq9vd/1Pg. verified
2020-07-05 18:54:42,313 INFO  com.example.AuthService.service.UserService [http-nio-8080-exec-7] AccessToken generated for user $2a$10$AEb.4iI2oupea6sAYTqdYOu2s1QIb14VxFB./O/TtEQ7U5vkBqGgq
2020-07-05 18:55:33,030 INFO  com.example.AuthService.service.UserService [http-nio-8080-exec-9] User $2a$10$kR728cROF8Cz8jd1z29Joe81irNxus04L2naSFJARn.HcGrnUsVky verified
2020-07-05 18:55:33,123 INFO  com.example.AuthService.service.UserService [http-nio-8080-exec-9] AccessToken generated for user $2a$10$GImD2px9n4HVojGBm1F7B.CX1rwsOCAnquCPi.kgAXpW0lSbsC2Fq
2020-07-05 18:55:40,182 INFO  com.example.AuthService.service.UserService [http-nio-8080-exec-10] User $2a$10$1DFQH0cFwQnm3nuSaa6IN.4wcAvFqdIZ51PV/y1373KqHPCKS7Rse verified
2020-07-05 18:55:40,275 INFO  com.example.AuthService.service.UserService [http-nio-8080-exec-10] AccessToken generated for user $2a$10$37cK9oHTS.94BPrC0dNyo.KAmZCwkUIfaRPoXwyCpt9InRCiS0j42
2020-07-05 18:55:50,600 INFO  com.example.AuthService.service.UserService [http-nio-8080-exec-2] User $2a$10$tBP7L6kuXUuxUqjY1T8BtuxvcTK5wMOOvyl0hQB9ZJ9HY.oRdZthO verified
2020-07-05 18:55:50,693 INFO  com.example.AuthService.service.UserService [http-nio-8080-exec-2] AccessToken generated for user $2a$10$TnSJzPjLjRYkxleZjDmdYOnahfY9.7my/khdmvQFa1d3t9Bmm9wi2
2020-07-05 18:56:02,222 INFO  com.example.AuthService.service.UserService [http-nio-8080-exec-1] User $2a$10$IcOILjaaprZCPbBwB95SlurMxoE0N8d6w9bTXBXIjX0BEvG.9hdtS verified
2020-07-05 18:56:02,322 INFO  com.example.AuthService.service.UserService [http-nio-8080-exec-1] AccessToken generated for user $2a$10$/k4Tfou5eVoRQPjZIkdvCuIwgrb1ZappMGCk4gH7iOAZxORfTIfAu
2020-07-05 18:56:28,780 INFO  com.example.AuthService.service.UserService [http-nio-8080-exec-3] User $2a$10$QGojcd0OV5nfd8gci5exfe2XhS27V7GWBfZgWuvKU.CrvBPdceb1a verified
2020-07-05 18:56:28,871 INFO  com.example.AuthService.service.UserService [http-nio-8080-exec-3] AccessToken generated for user $2a$10$FEf5loI31lduvcjTZi3boe7.eaAdfXEno3ni9DJQiboeVLyBqYxpe
2020-07-05 18:56:35,310 INFO  com.example.AuthService.service.UserService [http-nio-8080-exec-6] User $2a$10$ULwdGEFR.wDKukpDNcjUvu22BGzI88F0SHzpdebgFJXsV0XIrIJtG verified
2020-07-05 18:56:35,401 INFO  com.example.AuthService.service.UserService [http-nio-8080-exec-6] AccessToken generated for user $2a$10$p0l3yzxum.6jsdW.Wr7jIOjjun.zjjN9R8/Y7NWAvEc9OQcwPiCg2
2020-07-05 18:56:51,928 INFO  com.example.AuthService.service.UserService [http-nio-8080-exec-4] User $2a$10$.lbYV78W5oXybL4mkD4teevvByiv/iJducjcUuE6/lYHax1CehRQi verified
2020-07-05 18:56:52,050 INFO  com.example.AuthService.service.UserService [http-nio-8080-exec-4] AccessToken generated for user $2a$10$4MyRsgJnMgnZwxBcIhEUteHrWajhHLtqf8EiglMNHY41f/V1.k.am
2020-07-05 18:57:13,726 INFO  com.example.AuthService.service.UserService [http-nio-8080-exec-5] User $2a$10$R5US6q0WAp2vo4iNvYjBFO5yqubQZJoseSWV99gUJsd20RBGl.fSa verified
2020-07-05 18:57:13,833 INFO  com.example.AuthService.service.UserService [http-nio-8080-exec-5] AccessToken generated for user $2a$10$k.HFgpJANaVM8N3P3ySBpOFF/V0eQwBpNKa4XDwNWjec6BpgXSTgK
2020-07-05 18:57:21,448 INFO  com.example.AuthService.service.UserService [http-nio-8080-exec-8] User $2a$10$QW2lngMT4c9BtSCpQ0s4zO9X/tWm2R1pIaH73DLB2egDxQm3iPuP6 verified
2020-07-05 18:57:21,537 INFO  com.example.AuthService.service.UserService [http-nio-8080-exec-8] AccessToken generated for user $2a$10$eJ.r.KfNZyEdruhgvcSbV.7UFpnONLvSrEBq2i/Pgeyy8PbuirM9a
2020-07-05 18:57:36,627 INFO  com.example.AuthService.service.UserService [http-nio-8080-exec-7] User $2a$10$zUJQsLPPMRWxjvMqkvWvR.TgLTojG.XtDV/ZKvc4CnLVI6h7bz6ya verified
2020-07-05 18:57:36,750 INFO  com.example.AuthService.service.UserService [http-nio-8080-exec-7] AccessToken generated for user $2a$10$Dtolngkz6d99cyOf3TzgUOGSljNTgr78JGgszmWMFAKie/GdM3fQy
2020-07-05 18:57:56,945 INFO  com.example.AuthService.service.UserService [http-nio-8080-exec-9] User $2a$10$74rE.TnVR816I6npWRhfdOuKwsY5lCMl5J6EflQSs8NnAx2MpBBjS verified
2020-07-05 18:57:57,048 INFO  com.example.AuthService.service.UserService [http-nio-8080-exec-9] AccessToken generated for user $2a$10$tq.ILG/cl/frYDxsXwnNQOPvJWA5AKV7f6g0XoiP2x/7bpQNpI8Py
2020-07-05 18:58:03,490 INFO  com.example.AuthService.service.UserService [http-nio-8080-exec-10] User $2a$10$nTKB2ZI.mQbtEvsNi4g8TuUpRRYM9GqSqGtf5HS20.tSA7fdjCxYu verified
2020-07-05 18:58:03,582 INFO  com.example.AuthService.service.UserService [http-nio-8080-exec-10] AccessToken generated for user $2a$10$bJgKI1qqpCNB5d7pMwShQucrZ3aUqnB7gul7wBFh97/MqVukSmxXu
2020-07-05 18:58:04,057 INFO  com.example.AuthService.service.UserService [http-nio-8080-exec-2] User $2a$10$40dTbV9gb2R1YOEfG2J35..sDWPV2xn5IlUUM5vVmJ5eXt/1Rf3MC verified
2020-07-05 18:58:04,152 INFO  com.example.AuthService.service.UserService [http-nio-8080-exec-2] AccessToken generated for user $2a$10$3gETMAMlSGSRPCllNkWTMu1pkAbGzmc3tnuymP02bAJEMA8qbMTvG
