<<<<<<< HEAD
2020-07-10 00:03:23,525 INFO  org.springframework.boot.SpringApplication [main] No active profile set, falling back to default profiles: default
2020-07-10 00:03:52,981 INFO  org.springframework.boot.StartupInfoLogger [main] Started ImageServiceApplicationTests in 35.542 seconds (JVM running for 38.204)
2020-07-10 00:48:10,151 INFO  org.springframework.boot.SpringApplication [main] No active profile set, falling back to default profiles: default
2020-07-10 00:48:36,657 INFO  org.springframework.boot.StartupInfoLogger [main] Started ImageServiceApplicationTests in 31.772 seconds (JVM running for 33.505)
2020-07-10 17:57:19,435 INFO  org.springframework.boot.SpringApplication [main] No active profile set, falling back to default profiles: default
2020-07-10 17:57:43,196 INFO  org.springframework.boot.StartupInfoLogger [main] Started ImageServiceApplicationTests in 28.043 seconds (JVM running for 29.653)
2020-07-10 18:14:15,159 INFO  org.springframework.boot.SpringApplication [main] No active profile set, falling back to default profiles: default
2020-07-10 18:14:55,327 INFO  org.springframework.boot.StartupInfoLogger [main] Started ImageServiceApplicationTests in 48.898 seconds (JVM running for 53.456)
2020-07-10 21:22:42,025 INFO  org.springframework.boot.SpringApplication [main] No active profile set, falling back to default profiles: default
2020-07-10 21:23:06,466 INFO  org.springframework.boot.StartupInfoLogger [main] Started ImageServiceApplicationTests in 26.956 seconds (JVM running for 28.213)
2020-07-10 21:52:00,398 INFO  org.springframework.boot.SpringApplication [main] No active profile set, falling back to default profiles: default
2020-07-10 21:52:23,671 INFO  org.springframework.boot.StartupInfoLogger [main] Started ImageServiceApplicationTests in 25.932 seconds (JVM running for 27.604)
2020-07-11 13:49:12,530 INFO  org.springframework.boot.SpringApplication [main] No active profile set, falling back to default profiles: default
2020-07-11 13:49:28,033 INFO  org.springframework.boot.StartupInfoLogger [main] Started ImageServiceApplicationTests in 16.546 seconds (JVM running for 17.492)
2020-07-11 16:37:58,792 INFO  org.springframework.boot.SpringApplication [main] No active profile set, falling back to default profiles: default
2020-07-11 16:38:09,381 INFO  org.springframework.boot.StartupInfoLogger [main] Started ImageServiceApplicationTests in 15.285 seconds (JVM running for 16.625)
2020-07-11 17:02:17,572 INFO  org.springframework.boot.SpringApplication [main] No active profile set, falling back to default profiles: default
2020-07-11 17:02:25,004 INFO  org.springframework.boot.StartupInfoLogger [main] Started ImageServiceApplicationTests in 8.496 seconds (JVM running for 9.662)
2020-07-11 17:09:55,885 INFO  org.springframework.boot.SpringApplication [main] No active profile set, falling back to default profiles: default
2020-07-11 17:10:03,332 INFO  org.springframework.boot.StartupInfoLogger [main] Started ImageServiceApplicationTests in 8.548 seconds (JVM running for 9.543)
2020-07-11 17:19:05,512 INFO  org.springframework.boot.SpringApplication [main] No active profile set, falling back to default profiles: default
2020-07-11 17:19:18,418 INFO  org.springframework.boot.StartupInfoLogger [main] Started ImageServiceApplicationTests in 14.287 seconds (JVM running for 15.677)
2020-07-11 19:32:19,188 INFO  org.springframework.boot.SpringApplication [main] No active profile set, falling back to default profiles: default
2020-07-11 19:32:38,524 INFO  org.springframework.boot.StartupInfoLogger [main] Started ImageServiceApplicationTests in 26.942 seconds (JVM running for 28.273)
2020-07-11 19:44:07,560 INFO  org.springframework.boot.SpringApplication [main] No active profile set, falling back to default profiles: default
2020-07-11 19:44:15,722 INFO  org.springframework.boot.StartupInfoLogger [main] Started ImageServiceApplicationTests in 9.288 seconds (JVM running for 10.366)
2020-07-11 20:12:08,900 INFO  org.springframework.boot.SpringApplication [main] No active profile set, falling back to default profiles: default
2020-07-11 20:12:24,370 INFO  org.springframework.boot.StartupInfoLogger [main] Started ImageServiceApplicationTests in 16.618 seconds (JVM running for 17.657)
2020-07-11 20:37:24,774 INFO  org.springframework.boot.SpringApplication [main] No active profile set, falling back to default profiles: default
2020-07-11 20:37:36,560 INFO  org.springframework.boot.StartupInfoLogger [main] Started ImageServiceApplicationTests in 12.911 seconds (JVM running for 14.271)
2020-07-11 21:53:30,961 INFO  org.springframework.boot.SpringApplication [main] No active profile set, falling back to default profiles: default
2020-07-11 21:53:46,502 INFO  org.springframework.boot.StartupInfoLogger [main] Started ImageServiceApplicationTests in 16.618 seconds (JVM running for 17.634)
2020-07-11 22:22:34,977 INFO  org.springframework.boot.SpringApplication [main] No active profile set, falling back to default profiles: default
2020-07-11 22:22:43,150 INFO  org.springframework.boot.StartupInfoLogger [main] Started ImageServiceApplicationTests in 9.412 seconds (JVM running for 10.559)
2020-07-11 22:37:35,655 INFO  org.springframework.boot.SpringApplication [main] No active profile set, falling back to default profiles: default
2020-07-11 22:37:51,290 INFO  org.springframework.boot.StartupInfoLogger [main] Started ImageServiceApplicationTests in 16.84 seconds (JVM running for 17.915)
=======
2020-07-11 13:33:01,570 INFO  org.springframework.boot.SpringApplication [main] No active profile set, falling back to default profiles: default
2020-07-11 13:33:35,396 INFO  org.springframework.boot.StartupInfoLogger [main] Started ImageServiceApplicationTests in 37.812 seconds (JVM running for 39.148)
2020-07-11 15:25:50,160 INFO  org.springframework.boot.SpringApplication [main] No active profile set, falling back to default profiles: default
2020-07-11 15:26:00,657 INFO  org.springframework.boot.StartupInfoLogger [main] Started ImageServiceApplication in 13.957 seconds (JVM running for 15.097)
>>>>>>> origin/location-service
2020-07-12 00:16:16,533 INFO  org.springframework.boot.SpringApplication [main] No active profile set, falling back to default profiles: default
2020-07-12 00:16:32,771 INFO  org.springframework.boot.StartupInfoLogger [main] Started ImageServiceApplicationTests in 17.343 seconds (JVM running for 18.307)
2020-07-12 00:18:14,599 INFO  org.springframework.boot.SpringApplication [main] No active profile set, falling back to default profiles: default
2020-07-12 00:18:30,358 INFO  org.springframework.boot.StartupInfoLogger [main] Started ImageServiceApplicationTests in 16.855 seconds (JVM running for 17.804)
2020-07-12 00:20:42,833 INFO  org.springframework.boot.SpringApplication [main] No active profile set, falling back to default profiles: default
2020-07-12 00:20:58,529 INFO  org.springframework.boot.StartupInfoLogger [main] Started ImageServiceApplicationTests in 16.856 seconds (JVM running for 17.799)
2020-07-12 00:48:10,640 INFO  org.springframework.boot.SpringApplication [main] No active profile set, falling back to default profiles: default
2020-07-12 00:48:26,561 INFO  org.springframework.boot.StartupInfoLogger [main] Started ImageServiceApplicationTests in 17.127 seconds (JVM running for 18.336)
2020-07-12 02:45:34,775 INFO  org.springframework.boot.SpringApplication [main] No active profile set, falling back to default profiles: default
2020-07-12 02:46:04,813 INFO  org.springframework.boot.StartupInfoLogger [main] Started ImageServiceApplicationTests in 36.628 seconds (JVM running for 39.42)
2020-07-12 10:12:26,315 INFO  org.springframework.boot.SpringApplication [main] No active profile set, falling back to default profiles: default
2020-07-12 10:12:50,809 INFO  org.springframework.boot.StartupInfoLogger [main] Started ImageServiceApplicationTests in 28.701 seconds (JVM running for 30.168)
2020-07-12 10:31:49,236 INFO  org.springframework.boot.SpringApplication [main] No active profile set, falling back to default profiles: default
2020-07-12 10:32:15,950 INFO  org.springframework.boot.StartupInfoLogger [main] Started ImageServiceApplicationTests in 30.688 seconds (JVM running for 32.041)
2020-07-12 11:30:55,062 INFO  org.springframework.boot.SpringApplication [main] No active profile set, falling back to default profiles: default
2020-07-12 11:31:10,852 INFO  org.springframework.boot.StartupInfoLogger [main] Started ImageServiceApplicationTests in 16.932 seconds (JVM running for 17.905)
2020-07-12 12:08:26,102 INFO  org.springframework.boot.SpringApplication [main] No active profile set, falling back to default profiles: default
2020-07-12 12:08:45,931 INFO  org.springframework.boot.StartupInfoLogger [main] Started ImageServiceApplicationTests in 20.981 seconds (JVM running for 22.101)
