2020-07-04 09:58:06,457 INFO  org.springframework.boot.SpringApplication [main] No active profile set, falling back to default profiles: default
2020-07-04 10:00:00,713 INFO  org.springframework.boot.StartupInfoLogger [main] Started RequestServiceApplication in 138.705 seconds (JVM running for 150.267)
2020-07-04 10:02:44,221 INFO  com.example.RequestService.controller.RequestController [http-nio-8086-exec-3] Successful request info fetching by user $2a$10$9IE42BAHjnsW8z0tzchDseDY19tioICohdsJYuJQS3vvNiQ5fLiOW
2020-07-04 10:02:49,310 INFO  com.example.RequestService.controller.RequestController [http-nio-8086-exec-2] Successful request info fetching by user $2a$10$slxhyLRsEtL.sIWbnEA6GuB5RpPtn.IrX9t0beSy/r4rOh1OUPtDS
2020-07-04 10:02:50,434 INFO  com.example.RequestService.controller.RequestController [http-nio-8086-exec-5] Successful request fetching by user $2a$10$qfzhnbzMaIuCVzvIOw5bAuITtZb2epFxkPxpIz2TIR0KrZUDKfie6
2020-07-04 10:02:54,101 INFO  com.example.RequestService.controller.RequestController [http-nio-8086-exec-4] Successful request info fetching by user $2a$10$j6v68tDkqKLUDGhU12K2EeIcEGM.Ljhg4gIG29yeyPR9ROtUlpgxK
2020-07-04 10:07:36,965 INFO  com.example.RequestService.controller.RequestController [http-nio-8086-exec-8] Successfully created request by user $2a$10$VMfOt/xZ74vcVAePhXebQuTcmcuA5upB69ZvRbTOjs0ulu2SrDEcS
2020-07-04 10:17:28,985 INFO  com.example.RequestService.controller.RequestController [http-nio-8086-exec-6] Successful request info fetching by user $2a$10$MlKLCmr/VBJGUmHOCF5LLusDOUeLjs3hAOSxChKFAM3J9B8yVUwuS
2020-07-04 10:17:30,444 INFO  com.example.RequestService.controller.RequestController [http-nio-8086-exec-7] Successful request fetching by user $2a$10$87nxA5eWGHF5wfFDgfn7BOvgPB70iArUwRYV0kzxZ4jJQsi4dO.GG
2020-07-04 10:17:33,368 INFO  com.example.RequestService.controller.RequestController [http-nio-8086-exec-9] User $2a$10$rEActY26NwMveCSkwlW6kudxaVvyJ7zadcZatuAQyP6QmXat2dysy accepted request $2a$10$lcrEh5bRzmI8MIkbmS/rd.5ucj2f6GTuedIVJlzb9wF8lHivJnds.
2020-07-04 10:17:47,996 INFO  com.example.RequestService.controller.RequestController [http-nio-8086-exec-8] Successful request info fetching by user $2a$10$Cltp6GM.qH8ZmqyoM3H..efiaD5BJoeogKjUxyt07I5R3Tz3n1Amu
2020-07-04 10:18:05,409 INFO  com.example.RequestService.controller.RequestController [http-nio-8086-exec-1] User $2a$10$CXUg.j7DUwU8mPrOvAJj4./kp6gTbiEtRjXubibpZ6IEmGq2v3K.S paid bundle request $2a$10$8zqhpjDccuOBmtcHYO/7/Oh3UsN0SyV3T9p2vEKk54OTNu.w8I11S
2020-07-04 10:19:29,942 INFO  com.example.RequestService.controller.RequestController [http-nio-8086-exec-5] Successfully created request by user $2a$10$vxnjioU3v99BUVbdQ5LICOeZwCCvTKcWGIe9LyjUuMAjnao1ZCdHG
2020-07-04 10:20:05,733 INFO  com.example.RequestService.controller.RequestController [http-nio-8086-exec-6] Successful request info fetching by user $2a$10$WGZ3YPrbLMHekAIOq1EMq.p5H4bgwHviQzMk2f45jlUpHllnXaGCC
2020-07-04 10:20:07,485 INFO  com.example.RequestService.controller.RequestController [http-nio-8086-exec-7] Successful request fetching by user $2a$10$N1ZHPHLdgf5GCmc16UTH8O1o4dqMOQgLqSjqlpjJBBTi3sQOStDbO
2020-07-04 10:21:23,256 INFO  com.example.RequestService.controller.RequestController [http-nio-8086-exec-8] Successfully created request by user $2a$10$X2jRGy.jGUQbBvX/dGYzl.qi.7eIFuvRMqbjm7xXd0F4LQIZpx7DG
2020-07-04 10:21:36,135 INFO  com.example.RequestService.controller.RequestController [http-nio-8086-exec-10] Successful request info fetching by user $2a$10$b9tAGIJvt4/C9MJbCrUKOOjSMSUqD8t9ydUwKkyGHvJtUjg85DLEK
2020-07-04 10:21:37,439 INFO  com.example.RequestService.controller.RequestController [http-nio-8086-exec-1] Successful request fetching by user $2a$10$tJbYPXcbEZmqT4gq8tt6repMmBIxUv51RifsgcVunWLPgj4HKlfvO
2020-07-04 10:23:16,482 INFO  com.example.RequestService.controller.RequestController [http-nio-8086-exec-8] Successful request info fetching by user $2a$10$EK0qFJW4xVrQ8ggknxh6jOGsY14FY1XF4FQXGka8whbzRMSN/ZYPa
2020-07-04 10:23:32,574 INFO  com.example.RequestService.controller.RequestController [http-nio-8086-exec-6] Successful request info fetching by user $2a$10$Uuj/QFd5GacX5EM3PeNtVeGA9AKs/uPaav3uAOWPdu6XmMjQQc936
2020-07-04 10:23:54,580 INFO  com.example.RequestService.controller.RequestController [http-nio-8086-exec-9] Successful request info fetching by user $2a$10$j0.g2GEK6v6D8zAPbvFdsO.XKXYXGcPnwpGJb/MjZ6SNuCrOBaQ/i
2020-07-04 10:24:05,298 INFO  com.example.RequestService.controller.RequestController [http-nio-8086-exec-1] Successfully created request by user $2a$10$9utoceN/OfOsdH9YpEMaOOHnPn2xWJ5hJhP4HMxUc//O4Y4WzkFIm
2020-07-04 10:24:21,322 INFO  com.example.RequestService.controller.RequestController [http-nio-8086-exec-8] Successful request info fetching by user $2a$10$v5mfJ3c4WRwIArKOmCzwmOuC.SdasDZpfcDYKz60Z5W3HLV5LkqSW
2020-07-04 10:24:23,591 INFO  com.example.RequestService.controller.RequestController [http-nio-8086-exec-6] Successful request fetching by user $2a$10$YUD/rnALn9v6BeuiBGICK.32zEBAKyMyCRDy/IBqKeQNVrqqtksJG
2020-07-04 10:24:28,911 INFO  com.example.RequestService.controller.RequestController [http-nio-8086-exec-5] User $2a$10$5os/3jIgQEPW3YaVzMtm0OyHg4FwCXvTdIBOl1CwmmIMuF819SEKm accepted request $2a$10$zCO.Mimpj0kZZGSEfNgZVO7OQS.5/RIWUJYZUcxLA6pHh.jl8oMr.
2020-07-04 10:24:56,323 INFO  com.example.RequestService.controller.RequestController [http-nio-8086-exec-10] Successful request info fetching by user $2a$10$Jggntqp/kPziF0bqRaYLIeEJo1i4LuTgmGUyj9DZ7EUOps5ev9iva
2020-07-04 10:25:35,347 INFO  com.example.RequestService.controller.RequestController [http-nio-8086-exec-4] User $2a$10$FV5qEx39YzOSwmvD8CCHH.5Rssl8CT5lk1UNSVZtuGumcCsvLvANe paid bundle request $2a$10$Hihm/S1vpwBMwEzJ1m1rlONavULoM2AVDtdgUtqmYGeEnF1GqjLZ6
2020-07-04 10:28:43,297 INFO  com.example.RequestService.controller.RequestController [http-nio-8086-exec-3] User $2a$10$m0IKALC0Ua2l.sSX950VH.bquUxoMkrjTb1PRCTEla4okL7tkQVCy paid bundle request $2a$10$d0eXu.iN/.oRqZryp.t7yeAYmt9P/gxFQ2R8u8PxATrXNb.wUgChW
2020-07-04 12:52:02,957 INFO  org.springframework.boot.SpringApplication [main] No active profile set, falling back to default profiles: default
2020-07-04 12:52:12,373 INFO  org.springframework.boot.StartupInfoLogger [main] Started RequestServiceApplicationTests in 12.824 seconds (JVM running for 14.206)
2020-07-04 10:53:11,281 INFO  org.springframework.boot.SpringApplication [main] No active profile set, falling back to default profiles: default
2020-07-04 10:54:45,251 INFO  org.springframework.boot.StartupInfoLogger [main] Started RequestServiceApplication in 112.294 seconds (JVM running for 122.327)
2020-07-04 11:41:55,178 INFO  com.example.RequestService.controller.RequestController [http-nio-8086-exec-1] User $2a$10$z6dtB8ADjKdQtCzziH4O8e9ffKaRzBV7GGF8XpE.e3UiIzjOUem2S canceled request $2a$10$Naf4Tbbp2qMVR8/Yi6auUel9HiThZ2OA43nPZ65pTIOfwGbXvQlKm
2020-07-04 11:47:05,372 INFO  com.example.RequestService.controller.RequestController [http-nio-8086-exec-9] Successfully created bundle request by user $2a$10$kyIXYqZx01Be9UE.DWgbPukFPJKbj1xaFH5mV8fZTmPj4hYXJ1pdm
2020-07-04 11:47:31,030 INFO  com.example.RequestService.controller.RequestController [http-nio-8086-exec-1] Successful request info fetching by user $2a$10$sCuqlCvrlEFbpyUXhDXt.OnrjVLYcd0Uyk.zsNI5NXQsqntVG623.
2020-07-04 11:47:34,487 INFO  com.example.RequestService.controller.RequestController [http-nio-8086-exec-3] Successful request fetching by user $2a$10$NTheOxqgYyMUVhd8Qbw3WerugQ/TLCRwdWS7WsZqfiHmxZmKF0PJW
2020-07-04 11:47:37,836 INFO  com.example.RequestService.controller.RequestController [http-nio-8086-exec-7] Successful bundle request fetching by user $2a$10$wl9aF.Iy8DBzrvcmkDZMH.bMDx9DBJrBCfUWShOxnz2yWBZXX5gVC
2020-07-04 11:47:42,170 INFO  com.example.RequestService.controller.RequestController [http-nio-8086-exec-2] User $2a$10$bt3NLzlw2zAf29xQYRAtfOK1inJgX/vB9g7OmzOR4c8jGe.6HCNrK accepted request in bundle $2a$10$feDF15nMCHK/VOE0cpjt.uzY6z0xbzsDpTNKAQsKncLQoTDaovR.e
2020-07-04 11:47:42,352 INFO  com.example.RequestService.controller.RequestController [http-nio-8086-exec-2] User $2a$10$emnIyg9Xd0GupKfyyIkmv.H4x7dD4ukFZtjLfwa2.pM/UaiIIKEdK accepted request in bundle $2a$10$CLRbvqXyMSCGFl3yt4AZNe1AQRIeYJ5Uqa5qpcne6jOqSeCVhwjwy
2020-07-04 11:48:00,591 INFO  com.example.RequestService.controller.RequestController [http-nio-8086-exec-8] Successful request info fetching by user $2a$10$HwqTUG8qP99i.fvRCNByyeZXv7xEdVBtNuvI7IkCtaomK0lXEFUda
2020-07-04 11:50:42,066 INFO  com.example.RequestService.controller.RequestController [http-nio-8086-exec-2] User $2a$10$iP3iKXXKmfmGQF9v.yd/Ru6o6xTSxvGPELdKWPooQdg8LQDKYtene paid bundle request $2a$10$cuJxQPfm6v49dlPHGvuqfexTZSdXTBYkLwKlbarml2K2ZzLGh27cO
2020-07-04 11:54:15,420 INFO  com.example.RequestService.controller.RequestController [http-nio-8086-exec-4] User $2a$10$1fVWP0GRmBEReA8kNCwoJOAOmiQIM3XSgrIwfXUqC6bkPmgLTkC56 paid bundle request $2a$10$YYkIjYZNA1PvwIKJJtLE..SY.pFa7/RBi.xiSA.LCZUfOWS9u3Jb.
2020-07-04 11:55:33,638 INFO  com.example.RequestService.controller.RequestController [http-nio-8086-exec-3] User $2a$10$k3Aj/d5RbfdXMVYYHDjBa.4Afc6QfLDjcuNUd2bQpUb2.pp4k7QEu canceled bundle request $2a$10$zf1etnOAn5GhfeAVzbwK.e5fzPEwjo1mWESSgqlm5UoFRv2PhSu7i
2020-07-04 13:57:25,272 INFO  org.springframework.boot.SpringApplication [main] No active profile set, falling back to default profiles: default
2020-07-04 13:57:36,398 INFO  org.springframework.boot.StartupInfoLogger [main] Started RequestServiceApplicationTests in 14.84 seconds (JVM running for 16.577)
2020-07-04 12:09:55,815 INFO  com.example.RequestService.controller.RequestController [http-nio-8086-exec-3] Successfully created bundle request by user $2a$10$eghXjfeHgAnOSxTl7BpmEu0cdJ4E6FSkuVvOhYdiWaUe0v2d3JWpe
2020-07-04 13:38:19,651 INFO  com.example.RequestService.controller.RequestController [http-nio-8086-exec-10] Successful request info fetching by user $2a$10$e.HeZey5EWINid8N1cx7Tekk4JtYcnN2Ghi52OUPdCmpUN8d2vsCu
2020-07-04 13:38:29,167 INFO  com.example.RequestService.controller.RequestController [http-nio-8086-exec-7] Successful request fetching by user $2a$10$nDNqc522i5PMoA7LWXA8JevvgflJAnAGjHI7if6hXgRrnEMtzGCTm
2020-07-04 13:39:36,581 INFO  com.example.RequestService.controller.RequestController [http-nio-8086-exec-10] Successful request fetching by user $2a$10$EOeVyviqDqQKo8dCa.IY5u6scAo4b3oPCcb0dm7vYBK9TqsDTgJxO
2020-07-04 13:39:39,816 INFO  com.example.RequestService.controller.RequestController [http-nio-8086-exec-2] Successful bundle request fetching by user $2a$10$4eAqeNjtzNj3ibAPRwbP4usG.QgTW5RbwOHjk2xcvsV4U4rmqRykm
2020-07-04 13:39:42,049 INFO  com.example.RequestService.controller.RequestController [http-nio-8086-exec-8] User $2a$10$JhI7tBswXL8LVGwMaYVp4.QGaboCl2Alj0entYLjk9gHnX0kUgCcO accepted request in bundle $2a$10$umHWy0hsVnLbQqhZaO9aCu2svUQy5dBRUsRVIpcZ5hs8zI6tBj9G2
2020-07-04 13:39:42,226 INFO  com.example.RequestService.controller.RequestController [http-nio-8086-exec-8] User $2a$10$UBd1foP5suKehiqPS0XP1.Ln3TVRaixkGgbPIlzmC9.4j3TyH04qy accepted request in bundle $2a$10$fl6XEaIEOLcEKwDzxnHb/OQH7u7rcZ/zxui603SMX1b2tidsrg/3a
2020-07-04 13:40:03,750 INFO  com.example.RequestService.controller.RequestController [http-nio-8086-exec-3] Successful request info fetching by user $2a$10$4titIW4ZZKOUYBiWyKprV.Q6XVEZI/sdo/287dp.bYUB/OTkrp8gO
2020-07-04 13:40:10,158 INFO  com.example.RequestService.controller.RequestController [http-nio-8086-exec-1] Successful request fetching by user $2a$10$iOMFmAJMhI7PSppbtT4zM.hYZFtmj9d9Fsd7/JunuqUow8RqB0ZG6
2020-07-04 14:02:22,694 INFO  com.example.RequestService.controller.RequestController [http-nio-8086-exec-4] Successfully created request by user $2a$10$B.z/gdib0y6BAs0/Wb8i4uuI14roE7ribHla.nnlgHuZ.9x2O3HW.
2020-07-04 14:24:18,261 INFO  com.example.RequestService.controller.RequestController [http-nio-8086-exec-3] Successfully created request by user $2a$10$qq0cQlxCvUr2ag2ro6R6M./rn8wJCGVcs.ryEErr0IRGYyQMkv6Am
2020-07-04 14:25:48,987 INFO  com.example.RequestService.controller.RequestController [http-nio-8086-exec-6] Successfully created request by user $2a$10$gjq4iHQ.c7NWE7sPkYF/2.SLNP0VkafyWjyxkGzx1n3aFS3hQDoTi
2020-07-04 14:26:59,638 INFO  com.example.RequestService.controller.RequestController [http-nio-8086-exec-9] Successfully created request by user $2a$10$BN2WTFVxtwyihTnNvISYaOzu1RgTxIDDugTw4MUCkvQf8Y4XXtTD6
2020-07-04 14:31:23,258 INFO  com.example.RequestService.controller.RequestController [http-nio-8086-exec-8] Successfully created request by user $2a$10$InpSFqg7NPBhFOKrShHpXOwldkSKRRXGqKZ0bzOxFXjyg9lDEIn2S
2020-07-04 14:32:13,243 INFO  com.example.RequestService.controller.RequestController [http-nio-8086-exec-7] Successfully created request by user $2a$10$yHLdgE9QKyFayDQI4b9f6uEIH2kLqMtaC17jQ74ShhdzuvGfNZt0a
2020-07-04 15:24:47,642 INFO  com.example.RequestService.controller.RequestController [http-nio-8086-exec-3] User $2a$10$ZkW/ESOav3HIbGbE68BdoeQOdg1RYXdFI81gFXO.Iv4ERsbE6pzna canceled request $2a$10$uLco4ZkIw8sLLjyfeCC2l.Og0SfpCQjK5bscjsuAjKWpNFsL6FSMG
